SF:C:\git\netdaemon\src\AppModel\NetDaemon.AppModel\Common\Attributes\NetDaemonAppAttribute.cs
FN:11,System.String NetDaemon.AppModel.NetDaemonAppAttribute::get_Id()
FNDA:3,System.String NetDaemon.AppModel.NetDaemonAppAttribute::get_Id()
DA:12,3
LF:1
LH:1
BRF:0
BRH:0
FNF:1
FNH:1
end_of_record
SF:C:\git\netdaemon\src\AppModel\NetDaemon.AppModel\Common\Extensions\IConfigurationBuilderExtensions.cs
FN:17,Microsoft.Extensions.Configuration.IConfigurationBuilder NetDaemon.AppModel.ConfigurationBuilderExtensions::AddJsonAppConfig(Microsoft.Extensions.Configuration.IConfigurationBuilder,System.String)
FNDA:0,Microsoft.Extensions.Configuration.IConfigurationBuilder NetDaemon.AppModel.ConfigurationBuilderExtensions::AddJsonAppConfig(Microsoft.Extensions.Configuration.IConfigurationBuilder,System.String)
DA:18,0
DA:19,0
DA:20,0
DA:21,0
DA:22,0
DA:23,0
FN:30,Microsoft.Extensions.Configuration.IConfigurationBuilder NetDaemon.AppModel.ConfigurationBuilderExtensions::AddYamlAppConfig(Microsoft.Extensions.Configuration.IConfigurationBuilder,System.String)
FNDA:0,Microsoft.Extensions.Configuration.IConfigurationBuilder NetDaemon.AppModel.ConfigurationBuilderExtensions::AddYamlAppConfig(Microsoft.Extensions.Configuration.IConfigurationBuilder,System.String)
DA:31,0
DA:32,0
DA:33,0
DA:34,0
DA:35,0
DA:36,0
FN:39,Microsoft.Extensions.Configuration.IConfigurationBuilder NetDaemon.AppModel.ConfigurationBuilderExtensions::AddYamlFile(Microsoft.Extensions.Configuration.IConfigurationBuilder,System.String,System.Boolean,System.Boolean)
FNDA:0,Microsoft.Extensions.Configuration.IConfigurationBuilder NetDaemon.AppModel.ConfigurationBuilderExtensions::AddYamlFile(Microsoft.Extensions.Configuration.IConfigurationBuilder,System.String,System.Boolean,System.Boolean)
DA:40,0
DA:41,0
DA:42,0
FN:45,Microsoft.Extensions.Configuration.IConfigurationBuilder NetDaemon.AppModel.ConfigurationBuilderExtensions::AddYamlFile(Microsoft.Extensions.Configuration.IConfigurationBuilder,Microsoft.Extensions.FileProviders.IFileProvider,System.String,System.Boolean,System.Boolean)
FNDA:0,Microsoft.Extensions.Configuration.IConfigurationBuilder NetDaemon.AppModel.ConfigurationBuilderExtensions::AddYamlFile(Microsoft.Extensions.Configuration.IConfigurationBuilder,Microsoft.Extensions.FileProviders.IFileProvider,System.String,System.Boolean,System.Boolean)
DA:46,0
DA:47,0
DA:48,0
DA:49,0
DA:50,0
DA:51,0
DA:53,0
DA:54,0
DA:55,0
DA:56,0
DA:57,0
DA:58,0
DA:59,0
DA:60,0
DA:61,0
DA:62,0
BRDA:47,2,0,0
BRDA:47,2,1,0
BRDA:47,15,0,0
BRDA:49,25,0,0
BRDA:49,25,1,0
BRDA:47,15,1,0
LF:31
LH:0
BRF:6
BRH:0
FNF:4
FNH:0
end_of_record
SF:C:\git\netdaemon\src\AppModel\NetDaemon.AppModel\Common\Extensions\ServiceCollectionExtension.cs
FN:29,Microsoft.Extensions.DependencyInjection.IServiceCollection NetDaemon.AppModel.ServiceCollectionExtensions::AddNetDaemonApp(Microsoft.Extensions.DependencyInjection.IServiceCollection,System.Func`2<System.IServiceProvider,TAppType>,System.String,System.Nullable`1<System.Boolean>)
FNDA:1,Microsoft.Extensions.DependencyInjection.IServiceCollection NetDaemon.AppModel.ServiceCollectionExtensions::AddNetDaemonApp(Microsoft.Extensions.DependencyInjection.IServiceCollection,System.Func`2<System.IServiceProvider,TAppType>,System.String,System.Nullable`1<System.Boolean>)
DA:30,1
DA:31,1
DA:32,1
DA:33,1
DA:34,1
FN:41,Microsoft.Extensions.DependencyInjection.IServiceCollection NetDaemon.AppModel.ServiceCollectionExtensions::AddAppsFromAssembly(Microsoft.Extensions.DependencyInjection.IServiceCollection,System.Reflection.Assembly)
FNDA:1,Microsoft.Extensions.DependencyInjection.IServiceCollection NetDaemon.AppModel.ServiceCollectionExtensions::AddAppsFromAssembly(Microsoft.Extensions.DependencyInjection.IServiceCollection,System.Reflection.Assembly)
DA:42,1
DA:43,1
DA:44,1
DA:45,1
DA:46,1
DA:47,1
FN:54,Microsoft.Extensions.DependencyInjection.IServiceCollection NetDaemon.AppModel.ServiceCollectionExtensions::AddNetDaemonApp(Microsoft.Extensions.DependencyInjection.IServiceCollection)
FNDA:2,Microsoft.Extensions.DependencyInjection.IServiceCollection NetDaemon.AppModel.ServiceCollectionExtensions::AddNetDaemonApp(Microsoft.Extensions.DependencyInjection.IServiceCollection)
DA:55,2
DA:56,2
DA:57,2
FN:64,Microsoft.Extensions.DependencyInjection.IServiceCollection NetDaemon.AppModel.ServiceCollectionExtensions::AddNetDaemonApp(Microsoft.Extensions.DependencyInjection.IServiceCollection,System.Type)
FNDA:2,Microsoft.Extensions.DependencyInjection.IServiceCollection NetDaemon.AppModel.ServiceCollectionExtensions::AddNetDaemonApp(Microsoft.Extensions.DependencyInjection.IServiceCollection,System.Type)
DA:65,2
DA:66,2
DA:67,2
DA:68,2
DA:69,2
FN:75,Microsoft.Extensions.DependencyInjection.IServiceCollection NetDaemon.AppModel.ServiceCollectionExtensions::AddAppsFromSource(Microsoft.Extensions.DependencyInjection.IServiceCollection,System.Boolean)
FNDA:0,Microsoft.Extensions.DependencyInjection.IServiceCollection NetDaemon.AppModel.ServiceCollectionExtensions::AddAppsFromSource(Microsoft.Extensions.DependencyInjection.IServiceCollection,System.Boolean)
DA:76,0
DA:78,0
DA:79,0
DA:80,0
DA:81,0
DA:82,0
DA:83,0
DA:84,0
DA:85,0
DA:88,0
DA:89,0
DA:92,0
DA:93,0
DA:95,0
DA:96,0
FN:98,Microsoft.Extensions.DependencyInjection.IServiceCollection NetDaemon.AppModel.ServiceCollectionExtensions::RegisterDynamicFunctions(Microsoft.Extensions.DependencyInjection.IServiceCollection,System.Reflection.Assembly)
FNDA:0,Microsoft.Extensions.DependencyInjection.IServiceCollection NetDaemon.AppModel.ServiceCollectionExtensions::RegisterDynamicFunctions(Microsoft.Extensions.DependencyInjection.IServiceCollection,System.Reflection.Assembly)
DA:99,0
DA:100,0
DA:101,0
DA:102,0
DA:104,0
DA:105,0
DA:106,0
DA:107,0
DA:109,0
DA:111,0
DA:112,0
BRDA:100,85,0,0
BRDA:100,85,1,0
BRDA:104,133,0,0
BRDA:104,133,1,0
BRDA:109,185,1,0
BRDA:109,185,0,0
BRDA:105,9,0,0
BRDA:105,9,1,0
FN:114,Microsoft.Extensions.DependencyInjection.IServiceCollection NetDaemon.AppModel.ServiceCollectionExtensions::AddAppModelIfNotExist(Microsoft.Extensions.DependencyInjection.IServiceCollection)
FNDA:4,Microsoft.Extensions.DependencyInjection.IServiceCollection NetDaemon.AppModel.ServiceCollectionExtensions::AddAppModelIfNotExist(Microsoft.Extensions.DependencyInjection.IServiceCollection)
DA:115,4
DA:117,328
DA:118,0
DA:120,4
DA:121,4
DA:122,4
DA:123,4
DA:124,4
DA:125,4
DA:126,4
DA:127,4
DA:128,4
DA:129,4
DA:130,4
BRDA:117,40,0,0
BRDA:117,40,1,4
FN:132,Microsoft.Extensions.DependencyInjection.IServiceCollection NetDaemon.AppModel.ServiceCollectionExtensions::AddAppFactoryIfNotExists(Microsoft.Extensions.DependencyInjection.IServiceCollection)
FNDA:1,Microsoft.Extensions.DependencyInjection.IServiceCollection NetDaemon.AppModel.ServiceCollectionExtensions::AddAppFactoryIfNotExists(Microsoft.Extensions.DependencyInjection.IServiceCollection)
DA:133,1
DA:134,92
DA:135,0
DA:137,1
DA:138,1
DA:139,2
DA:140,1
BRDA:134,40,0,0
BRDA:134,40,1,1
FN:142,Microsoft.Extensions.DependencyInjection.IServiceCollection NetDaemon.AppModel.ServiceCollectionExtensions::AddScopedConfigurationBinder(Microsoft.Extensions.DependencyInjection.IServiceCollection)
FNDA:4,Microsoft.Extensions.DependencyInjection.IServiceCollection NetDaemon.AppModel.ServiceCollectionExtensions::AddScopedConfigurationBinder(Microsoft.Extensions.DependencyInjection.IServiceCollection)
DA:143,4
DA:144,4
DA:145,4
DA:146,4
DA:147,4
DA:148,4
FN:150,Microsoft.Extensions.DependencyInjection.IServiceCollection NetDaemon.AppModel.ServiceCollectionExtensions::AddScopedAppServices(Microsoft.Extensions.DependencyInjection.IServiceCollection)
FNDA:4,Microsoft.Extensions.DependencyInjection.IServiceCollection NetDaemon.AppModel.ServiceCollectionExtensions::AddScopedAppServices(Microsoft.Extensions.DependencyInjection.IServiceCollection)
DA:151,4
DA:152,4
DA:153,4
DA:154,4
DA:155,4
DA:156,4
FN:158,Microsoft.Extensions.DependencyInjection.IServiceCollection NetDaemon.AppModel.ServiceCollectionExtensions::AddConfigManagement(Microsoft.Extensions.DependencyInjection.IServiceCollection)
FNDA:4,Microsoft.Extensions.DependencyInjection.IServiceCollection NetDaemon.AppModel.ServiceCollectionExtensions::AddConfigManagement(Microsoft.Extensions.DependencyInjection.IServiceCollection)
DA:159,4
DA:160,4
DA:161,4
DA:162,4
LF:82
LH:54
BRF:12
BRH:2
FNF:11
FNH:9
end_of_record
SF:C:\git\netdaemon\src\AppModel\NetDaemon.AppModel\Common\Settings\AppLocationSettings.cs
FN:10,System.String NetDaemon.AppModel.AppConfigurationLocationSetting::get_ApplicationConfigurationFolder()
FNDA:18,System.String NetDaemon.AppModel.AppConfigurationLocationSetting::get_ApplicationConfigurationFolder()
DA:11,18
LF:1
LH:1
BRF:0
BRH:0
FNF:1
FNH:1
end_of_record
SF:C:\git\netdaemon\src\AppModel\NetDaemon.AppModel\Internal\Application.cs
FN:26,NetDaemon.AppModel.Internal.ApplicationContext NetDaemon.AppModel.Internal.Application::get_ApplicationContext()
FNDA:14,NetDaemon.AppModel.Internal.ApplicationContext NetDaemon.AppModel.Internal.Application::get_ApplicationContext()
DA:27,14
FN:28,System.String NetDaemon.AppModel.Internal.Application::get_Id()
FNDA:9,System.String NetDaemon.AppModel.Internal.Application::get_Id()
DA:29,9
FN:33,NetDaemon.AppModel.ApplicationState NetDaemon.AppModel.Internal.Application::get_State()
FNDA:0,NetDaemon.AppModel.ApplicationState NetDaemon.AppModel.Internal.Application::get_State()
DA:34,0
DA:35,0
DA:36,0
DA:38,0
DA:39,0
BRDA:35,9,0,0
BRDA:35,9,1,0
BRDA:38,21,0,0
BRDA:38,21,1,0
FN:15,System.Void NetDaemon.AppModel.Internal.Application::.ctor(System.IServiceProvider,Microsoft.Extensions.Logging.ILogger`1<NetDaemon.AppModel.Internal.Application>,NetDaemon.AppModel.Internal.AppFactories.IAppFactory)
FNDA:4,System.Void NetDaemon.AppModel.Internal.Application::.ctor(System.IServiceProvider,Microsoft.Extensions.Logging.ILogger`1<NetDaemon.AppModel.Internal.Application>,NetDaemon.AppModel.Internal.AppFactories.IAppFactory)
DA:16,4
DA:17,4
DA:18,4
DA:19,4
DA:20,4
DA:23,4
DA:24,4
FN:61,System.Void NetDaemon.AppModel.Internal.Application/<DisposeAsync>d__16::MoveNext()
FNDA:3,System.Void NetDaemon.AppModel.Internal.Application/<DisposeAsync>d__16::MoveNext()
DA:62,3
DA:63,6
DA:64,3
BRDA:63,34,0,3
BRDA:63,34,1,3
FN:87,System.Void NetDaemon.AppModel.Internal.Application/<InitializeAsync>d__19::MoveNext()
FNDA:4,System.Void NetDaemon.AppModel.Internal.Application/<InitializeAsync>d__19::MoveNext()
DA:88,4
DA:89,4
DA:90,4
DA:91,4
BRDA:89,161,0,4
BRDA:89,161,1,4
FN:93,System.Void NetDaemon.AppModel.Internal.Application/<InstanceApplication>d__20::MoveNext()
FNDA:4,System.Void NetDaemon.AppModel.Internal.Application/<InstanceApplication>d__20::MoveNext()
DA:94,4
DA:96,4
DA:97,4
DA:100,4
DA:101,4
DA:102,4
DA:103,4
DA:104,0
DA:105,0
DA:106,0
DA:108,4
DA:109,0
DA:111,4
DA:112,4
DA:113,4
DA:114,0
DA:115,0
DA:116,0
DA:117,0
DA:118,0
DA:119,4
BRDA:103,279,0,0
BRDA:103,279,1,4
BRDA:108,341,0,0
BRDA:108,341,1,4
FN:77,System.Void NetDaemon.AppModel.Internal.Application/<LoadApplication>d__18::MoveNext()
FNDA:0,System.Void NetDaemon.AppModel.Internal.Application/<LoadApplication>d__18::MoveNext()
DA:78,0
DA:82,0
DA:83,0
DA:84,0
DA:85,0
BRDA:83,149,0,0
BRDA:83,149,1,0
FN:121,System.Void NetDaemon.AppModel.Internal.Application/<SaveStateIfStateManagerExistAsync>d__21::MoveNext()
FNDA:4,System.Void NetDaemon.AppModel.Internal.Application/<SaveStateIfStateManagerExistAsync>d__21::MoveNext()
DA:122,4
DA:123,4
DA:124,0
DA:125,4
BRDA:123,34,0,0
BRDA:123,34,1,4
FN:42,System.Void NetDaemon.AppModel.Internal.Application/<SetStateAsync>d__15::MoveNext()
FNDA:0,System.Void NetDaemon.AppModel.Internal.Application/<SetStateAsync>d__15::MoveNext()
DA:43,0
DA:44,0
DA:47,0
DA:48,0
DA:50,0
DA:51,0
DA:53,0
DA:54,0
DA:55,0
DA:57,0
DA:59,0
BRDA:44,65,1,0
BRDA:44,65,2,0
BRDA:44,65,4,0
BRDA:44,65,3,0
BRDA:44,65,0,0
FN:127,System.Void NetDaemon.AppModel.Internal.Application/<ShouldInstanceApplicationAsync>d__22::MoveNext()
FNDA:4,System.Void NetDaemon.AppModel.Internal.Application/<ShouldInstanceApplicationAsync>d__22::MoveNext()
DA:128,4
DA:129,4
DA:130,4
DA:131,0
DA:132,0
DA:133,4
BRDA:129,31,0,4
BRDA:129,31,1,0
FN:66,System.Void NetDaemon.AppModel.Internal.Application/<UnloadApplication>d__17::MoveNext()
FNDA:0,System.Void NetDaemon.AppModel.Internal.Application/<UnloadApplication>d__17::MoveNext()
DA:67,0
DA:68,0
DA:69,0
DA:70,0
DA:71,0
DA:72,0
DA:73,0
DA:74,0
DA:75,0
BRDA:68,45,0,0
BRDA:68,45,1,0
LF:77
LH:35
BRF:25
BRH:8
FNF:12
FNH:8
end_of_record
SF:C:\git\netdaemon\src\AppModel\NetDaemon.AppModel\Internal\AppModel.cs
FN:9,System.Void NetDaemon.AppModel.Internal.AppModelImpl::.ctor(System.IServiceProvider)
FNDA:4,System.Void NetDaemon.AppModel.Internal.AppModelImpl::.ctor(System.IServiceProvider)
DA:10,4
DA:11,4
DA:12,4
DA:13,4
FN:15,System.Void NetDaemon.AppModel.Internal.AppModelImpl/<LoadNewApplicationContext>d__2::MoveNext()
FNDA:4,System.Void NetDaemon.AppModel.Internal.AppModelImpl/<LoadNewApplicationContext>d__2::MoveNext()
DA:16,4
DA:18,4
DA:19,4
DA:20,4
DA:21,4
LF:9
LH:9
BRF:0
BRH:0
FNF:2
FNH:2
end_of_record
SF:C:\git\netdaemon\src\AppModel\NetDaemon.AppModel\Internal\AppModelContext.cs
FN:20,System.Collections.Generic.IReadOnlyCollection`1<NetDaemon.AppModel.IApplication> NetDaemon.AppModel.Internal.AppModelContext::get_Applications()
FNDA:1,System.Collections.Generic.IReadOnlyCollection`1<NetDaemon.AppModel.IApplication> NetDaemon.AppModel.Internal.AppModelContext::get_Applications()
DA:21,1
FN:6,System.Void NetDaemon.AppModel.Internal.AppModelContext::.ctor(System.Collections.Generic.IEnumerable`1<NetDaemon.AppModel.Internal.AppFactoryProviders.IAppFactoryProvider>,System.IServiceProvider,NetDaemon.AppModel.Internal.FocusFilter)
FNDA:4,System.Void NetDaemon.AppModel.Internal.AppModelContext::.ctor(System.Collections.Generic.IEnumerable`1<NetDaemon.AppModel.Internal.AppFactoryProviders.IAppFactoryProvider>,System.IServiceProvider,NetDaemon.AppModel.Internal.FocusFilter)
DA:7,4
DA:14,4
DA:15,4
DA:16,4
DA:17,4
DA:18,4
DA:19,4
FN:24,System.Collections.Generic.IEnumerable`1<NetDaemon.AppModel.Internal.AppFactories.IAppFactory> NetDaemon.AppModel.Internal.AppModelContext/<>c::<InitializeAsync>b__8_0(NetDaemon.AppModel.Internal.AppFactoryProviders.IAppFactoryProvider)
FNDA:8,System.Collections.Generic.IEnumerable`1<NetDaemon.AppModel.Internal.AppFactories.IAppFactory> NetDaemon.AppModel.Internal.AppModelContext/<>c::<InitializeAsync>b__8_0(NetDaemon.AppModel.Internal.AppFactoryProviders.IAppFactoryProvider)
DA:25,8
FN:37,System.Void NetDaemon.AppModel.Internal.AppModelContext/<DisposeAsync>d__9::MoveNext()
FNDA:7,System.Void NetDaemon.AppModel.Internal.AppModelContext/<DisposeAsync>d__9::MoveNext()
DA:38,7
DA:39,11
DA:40,3
DA:42,15
DA:43,3
DA:44,3
DA:45,3
DA:47,3
DA:48,7
BRDA:39,28,0,4
BRDA:39,28,1,3
BRDA:42,235,1,3
BRDA:42,235,0,3
FN:23,System.Void NetDaemon.AppModel.Internal.AppModelContext/<InitializeAsync>d__8::MoveNext()
FNDA:4,System.Void NetDaemon.AppModel.Internal.AppModelContext/<InitializeAsync>d__8::MoveNext()
DA:24,4
DA:27,4
DA:29,20
DA:30,4
DA:31,4
DA:32,4
DA:33,4
DA:34,4
DA:35,4
BRDA:29,349,1,4
BRDA:29,349,0,4
LF:27
LH:27
BRF:6
BRH:6
FNF:5
FNH:5
end_of_record
SF:C:\git\netdaemon\src\AppModel\NetDaemon.AppModel\Internal\Context\ApplicationContext.cs
FN:26,System.Object NetDaemon.AppModel.Internal.ApplicationContext::get_Instance()
FNDA:7,System.Object NetDaemon.AppModel.Internal.ApplicationContext::get_Instance()
DA:27,7
FN:6,System.Void NetDaemon.AppModel.Internal.ApplicationContext::.ctor(System.IServiceProvider,NetDaemon.AppModel.Internal.AppFactories.IAppFactory)
FNDA:4,System.Void NetDaemon.AppModel.Internal.ApplicationContext::.ctor(System.IServiceProvider,NetDaemon.AppModel.Internal.AppFactories.IAppFactory)
DA:7,4
DA:11,4
DA:12,4
DA:15,4
DA:16,4
DA:20,4
DA:21,8
DA:24,4
DA:25,4
BRDA:21,56,0,4
BRDA:21,56,1,4
FN:35,System.Void NetDaemon.AppModel.Internal.ApplicationContext/<DisposeAsync>d__8::MoveNext()
FNDA:3,System.Void NetDaemon.AppModel.Internal.ApplicationContext/<DisposeAsync>d__8::MoveNext()
DA:36,3
DA:38,3
DA:40,3
DA:42,3
DA:43,3
DA:45,3
DA:48,1
DA:49,1
DA:51,0
DA:52,0
DA:55,3
DA:56,3
DA:58,3
DA:59,3
BRDA:38,42,0,0
BRDA:38,42,1,3
BRDA:42,82,0,3
BRDA:42,82,1,3
BRDA:45,143,0,2
BRDA:45,143,1,1
BRDA:45,168,1,0
BRDA:45,168,0,3
BRDA:55,377,0,3
BRDA:55,377,1,3
FN:29,System.Void NetDaemon.AppModel.Internal.ApplicationContext/<InitializeAsync>d__7::MoveNext()
FNDA:4,System.Void NetDaemon.AppModel.Internal.ApplicationContext/<InitializeAsync>d__7::MoveNext()
DA:30,4
DA:31,4
DA:32,0
DA:33,4
BRDA:31,50,0,0
BRDA:31,50,1,4
LF:28
LH:25
BRF:14
BRH:11
FNF:4
FNH:4
end_of_record
SF:C:\git\netdaemon\src\AppModel\NetDaemon.AppModel\Internal\Context\ApplicationScope.cs
FN:9,NetDaemon.AppModel.Internal.ApplicationContext NetDaemon.AppModel.Internal.ApplicationScope::get_ApplicationContext()
FNDA:0,NetDaemon.AppModel.Internal.ApplicationContext NetDaemon.AppModel.Internal.ApplicationScope::get_ApplicationContext()
DA:10,0
DA:11,0
BRDA:10,7,0,0
BRDA:10,7,1,0
FN:11,System.Void NetDaemon.AppModel.Internal.ApplicationScope::set_ApplicationContext(NetDaemon.AppModel.Internal.ApplicationContext)
FNDA:4,System.Void NetDaemon.AppModel.Internal.ApplicationScope::set_ApplicationContext(NetDaemon.AppModel.Internal.ApplicationContext)
DA:12,4
LF:3
LH:1
BRF:2
BRH:0
FNF:2
FNH:1
end_of_record
SF:C:\git\netdaemon\src\AppModel\NetDaemon.AppModel\Internal\FocusFilter.cs
FN:17,System.Collections.Generic.IReadOnlyCollection`1<NetDaemon.AppModel.Internal.AppFactories.IAppFactory> NetDaemon.AppModel.Internal.FocusFilter::FilterFocusApps(System.Collections.Generic.IReadOnlyCollection`1<NetDaemon.AppModel.Internal.AppFactories.IAppFactory>)
FNDA:4,System.Collections.Generic.IReadOnlyCollection`1<NetDaemon.AppModel.Internal.AppFactories.IAppFactory> NetDaemon.AppModel.Internal.FocusFilter::FilterFocusApps(System.Collections.Generic.IReadOnlyCollection`1<NetDaemon.AppModel.Internal.AppFactories.IAppFactory>)
DA:18,4
DA:19,8
DA:21,8
DA:23,0
DA:24,0
DA:25,0
DA:26,0
DA:28,0
DA:29,0
DA:30,0
DA:31,0
DA:32,0
DA:35,0
DA:36,0
DA:37,4
BRDA:21,55,0,4
BRDA:21,55,1,0
BRDA:23,125,1,0
BRDA:23,125,0,0
BRDA:28,162,0,0
BRDA:28,162,1,0
FN:10,System.Void NetDaemon.AppModel.Internal.FocusFilter::.ctor(Microsoft.Extensions.Logging.ILogger`1<NetDaemon.AppModel.Internal.FocusFilter>,Microsoft.Extensions.Hosting.IHostEnvironment)
FNDA:4,System.Void NetDaemon.AppModel.Internal.FocusFilter::.ctor(Microsoft.Extensions.Logging.ILogger`1<NetDaemon.AppModel.Internal.FocusFilter>,Microsoft.Extensions.Hosting.IHostEnvironment)
DA:11,4
DA:12,4
DA:13,4
DA:14,4
DA:15,4
LF:20
LH:9
BRF:6
BRH:1
FNF:2
FNH:2
end_of_record
SF:C:\git\netdaemon\src\AppModel\NetDaemon.AppModel\Internal\Config\AppConfig.cs
FN:22,T NetDaemon.AppModel.Internal.Config.AppConfig`1::get_Value()
FNDA:0,T NetDaemon.AppModel.Internal.Config.AppConfig`1::get_Value()
DA:23,0
FN:6,System.Void NetDaemon.AppModel.Internal.Config.AppConfig`1::.ctor(Microsoft.Extensions.Configuration.IConfiguration,NetDaemon.AppModel.Internal.Config.IConfigurationBinding,Microsoft.Extensions.Logging.ILogger`1<NetDaemon.AppModel.Internal.Config.AppConfig`1<T>>)
FNDA:0,System.Void NetDaemon.AppModel.Internal.Config.AppConfig`1::.ctor(Microsoft.Extensions.Configuration.IConfiguration,NetDaemon.AppModel.Internal.Config.IConfigurationBinding,Microsoft.Extensions.Logging.ILogger`1<NetDaemon.AppModel.Internal.Config.AppConfig`1<T>>)
DA:7,0
DA:8,0
DA:9,0
DA:10,0
DA:12,0
DA:13,0
DA:14,0
DA:15,0
DA:16,0
DA:18,0
DA:19,0
DA:20,0
DA:21,0
BRDA:12,43,0,0
BRDA:12,43,1,0
BRDA:19,111,0,0
BRDA:19,111,1,0
LF:14
LH:0
BRF:4
BRH:0
FNF:2
FNH:0
end_of_record
SF:C:\git\netdaemon\src\AppModel\NetDaemon.AppModel\Internal\Config\ConfigurationBinding.cs
FN:36,T NetDaemon.AppModel.Internal.Config.ConfigurationBinding::ToObject(Microsoft.Extensions.Configuration.IConfiguration)
FNDA:0,T NetDaemon.AppModel.Internal.Config.ConfigurationBinding::ToObject(Microsoft.Extensions.Configuration.IConfiguration)
DA:37,0
DA:38,0
DA:39,0
DA:40,0
DA:41,0
BRDA:39,25,0,0
BRDA:39,25,1,0
FN:51,System.Object NetDaemon.AppModel.Internal.Config.ConfigurationBinding::GetObject(Microsoft.Extensions.Configuration.IConfiguration,System.Type)
FNDA:0,System.Object NetDaemon.AppModel.Internal.Config.ConfigurationBinding::GetObject(Microsoft.Extensions.Configuration.IConfiguration,System.Type)
DA:52,0
DA:53,0
DA:54,0
FN:56,System.Void NetDaemon.AppModel.Internal.Config.ConfigurationBinding::BindNonScalar(Microsoft.Extensions.Configuration.IConfiguration,System.Object)
FNDA:0,System.Void NetDaemon.AppModel.Internal.Config.ConfigurationBinding::BindNonScalar(Microsoft.Extensions.Configuration.IConfiguration,System.Object)
DA:57,0
DA:58,0
DA:63,0
DA:65,0
DA:66,0
DA:67,0
BRDA:58,7,1,0
BRDA:65,67,1,0
BRDA:65,67,0,0
BRDA:58,7,0,0
FN:69,System.Void NetDaemon.AppModel.Internal.Config.ConfigurationBinding::ThrowIfReadonlyCollection(System.Object)
FNDA:0,System.Void NetDaemon.AppModel.Internal.Config.ConfigurationBinding::ThrowIfReadonlyCollection(System.Object)
DA:70,0
DA:71,0
DA:73,0
DA:74,0
DA:75,0
DA:78,0
DA:79,0
DA:80,0
DA:82,0
BRDA:71,2,0,0
BRDA:71,2,1,0
BRDA:73,38,0,0
BRDA:73,38,1,0
BRDA:78,76,0,0
BRDA:78,76,1,0
FN:84,System.Void NetDaemon.AppModel.Internal.Config.ConfigurationBinding::BindProperty(System.Reflection.PropertyInfo,System.Object,Microsoft.Extensions.Configuration.IConfiguration)
FNDA:0,System.Void NetDaemon.AppModel.Internal.Config.ConfigurationBinding::BindProperty(System.Reflection.PropertyInfo,System.Object,Microsoft.Extensions.Configuration.IConfiguration)
DA:85,0
DA:87,0
DA:88,0
DA:89,0
DA:91,0
DA:92,0
DA:94,0
DA:97,0
DA:99,0
DA:101,0
DA:102,0
BRDA:87,8,0,0
BRDA:87,8,1,0
BRDA:87,22,0,0
BRDA:87,22,1,0
BRDA:87,44,1,0
BRDA:92,63,0,0
BRDA:92,63,1,0
BRDA:94,76,0,0
BRDA:94,76,1,0
BRDA:94,87,1,0
BRDA:101,127,0,0
BRDA:87,44,0,0
BRDA:94,87,0,0
BRDA:101,127,1,0
FN:104,System.Object NetDaemon.AppModel.Internal.Config.ConfigurationBinding::BindToCollection(System.Reflection.TypeInfo,Microsoft.Extensions.Configuration.IConfiguration)
FNDA:0,System.Object NetDaemon.AppModel.Internal.Config.ConfigurationBinding::BindToCollection(System.Reflection.TypeInfo,Microsoft.Extensions.Configuration.IConfiguration)
DA:105,0
DA:106,0
DA:107,0
DA:108,0
DA:109,0
DA:110,0
DA:111,0
BRDA:107,41,0,0
BRDA:107,41,1,0
FN:114,System.Object NetDaemon.AppModel.Internal.Config.ConfigurationBinding::AttemptBindToCollectionInterfaces(System.Type,Microsoft.Extensions.Configuration.IConfiguration)
FNDA:0,System.Object NetDaemon.AppModel.Internal.Config.ConfigurationBinding::AttemptBindToCollectionInterfaces(System.Type,Microsoft.Extensions.Configuration.IConfiguration)
DA:115,0
DA:116,0
DA:118,0
DA:120,0
DA:121,0
DA:123,0
DA:125,0
DA:126,0
DA:127,0
DA:128,0
DA:129,0
DA:130,0
DA:131,0
DA:132,0
DA:133,0
DA:136,0
DA:137,0
DA:138,0
DA:139,0
DA:140,0
DA:141,0
DA:142,0
DA:143,0
DA:146,0
DA:147,0
DA:149,0
DA:151,0
DA:152,0
DA:154,0
DA:156,0
DA:157,0
DA:158,0
BRDA:118,19,0,0
BRDA:118,19,1,0
BRDA:121,56,0,0
BRDA:121,56,1,0
BRDA:126,100,0,0
BRDA:126,100,1,0
BRDA:137,205,0,0
BRDA:137,205,1,0
BRDA:147,302,0,0
BRDA:147,302,1,0
BRDA:152,343,0,0
BRDA:152,343,1,0
BRDA:157,380,0,0
BRDA:157,380,1,0
FN:160,System.Object NetDaemon.AppModel.Internal.Config.ConfigurationBinding::BindInstance(System.Type,System.Object,Microsoft.Extensions.Configuration.IConfiguration)
FNDA:0,System.Object NetDaemon.AppModel.Internal.Config.ConfigurationBinding::BindInstance(System.Type,System.Object,Microsoft.Extensions.Configuration.IConfiguration)
DA:161,0
DA:163,0
DA:165,0
DA:166,0
DA:167,0
DA:168,0
DA:169,0
DA:172,0
DA:175,0
DA:178,0
DA:179,0
DA:181,0
DA:182,0
DA:184,0
DA:185,0
DA:188,0
DA:189,0
DA:190,0
DA:191,0
DA:192,0
DA:193,0
DA:194,0
DA:195,0
DA:196,0
DA:198,0
DA:200,0
DA:201,0
DA:202,0
DA:205,0
DA:206,0
DA:208,0
DA:209,0
BRDA:163,21,0,0
BRDA:163,21,1,0
BRDA:166,39,0,0
BRDA:166,39,1,0
BRDA:167,52,0,0
BRDA:167,52,1,0
BRDA:167,73,0,0
BRDA:169,84,0,0
BRDA:169,84,1,0
BRDA:167,73,1,0
BRDA:175,114,0,0
BRDA:175,114,1,0
BRDA:178,132,0,0
BRDA:182,153,0,0
BRDA:182,153,1,0
BRDA:178,132,1,0
BRDA:189,202,0,0
BRDA:189,202,1,0
BRDA:193,229,0,0
BRDA:193,229,1,0
BRDA:201,281,0,0
BRDA:201,281,1,0
FN:211,System.Object NetDaemon.AppModel.Internal.Config.ConfigurationBinding::CreateInstance(System.Type)
FNDA:0,System.Object NetDaemon.AppModel.Internal.Config.ConfigurationBinding::CreateInstance(System.Type)
DA:212,0
DA:213,0
DA:215,0
DA:217,0
DA:218,0
DA:219,0
DA:220,0
DA:221,0
DA:224,0
DA:225,0
DA:226,0
DA:229,0
DA:230,0
DA:232,0
DA:233,0
DA:234,0
DA:236,0
BRDA:215,14,0,0
BRDA:215,14,1,0
BRDA:215,27,0,0
BRDA:215,27,1,0
BRDA:217,43,0,0
BRDA:219,59,0,0
BRDA:219,59,1,0
BRDA:217,43,1,0
BRDA:226,138,0,0
BRDA:226,138,1,0
BRDA:225,6,0,0
BRDA:225,6,1,0
FN:238,System.Void NetDaemon.AppModel.Internal.Config.ConfigurationBinding::BindDictionary(System.Object,System.Type,Microsoft.Extensions.Configuration.IConfiguration)
FNDA:0,System.Void NetDaemon.AppModel.Internal.Config.ConfigurationBinding::BindDictionary(System.Object,System.Type,Microsoft.Extensions.Configuration.IConfiguration)
DA:239,0
DA:240,0
DA:243,0
DA:244,0
DA:245,0
DA:247,0
DA:249,0
DA:251,0
DA:252,0
DA:254,0
DA:255,0
DA:256,0
DA:257,0
DA:258,0
DA:259,0
DA:260,0
DA:261,0
DA:262,0
DA:263,0
DA:264,0
DA:265,0
DA:266,0
DA:267,0
DA:268,0
DA:269,0
DA:270,0
DA:271,0
DA:272,0
BRDA:247,54,0,0
BRDA:247,54,1,0
BRDA:247,67,1,0
BRDA:251,86,0,0
BRDA:251,86,1,0
BRDA:254,272,1,0
BRDA:260,147,1,0
BRDA:261,171,0,0
BRDA:261,171,1,0
BRDA:266,213,0,0
BRDA:266,213,1,0
BRDA:260,147,0,0
BRDA:254,272,0,0
BRDA:247,67,0,0
FN:274,System.Void NetDaemon.AppModel.Internal.Config.ConfigurationBinding::BindCollection(System.Object,System.Type,Microsoft.Extensions.Configuration.IConfiguration)
FNDA:0,System.Void NetDaemon.AppModel.Internal.Config.ConfigurationBinding::BindCollection(System.Object,System.Type,Microsoft.Extensions.Configuration.IConfiguration)
DA:275,0
DA:276,0
DA:279,0
DA:280,0
DA:281,0
DA:283,0
DA:285,0
DA:286,0
DA:287,0
DA:288,0
DA:289,0
DA:290,0
DA:291,0
DA:292,0
DA:293,0
DA:295,0
DA:296,0
BRDA:280,29,0,0
BRDA:280,29,1,0
BRDA:283,119,1,0
BRDA:290,84,0,0
BRDA:290,84,1,0
BRDA:283,119,0,0
FN:298,System.Array NetDaemon.AppModel.Internal.Config.ConfigurationBinding::BindArray(System.Array,Microsoft.Extensions.Configuration.IConfiguration)
FNDA:0,System.Array NetDaemon.AppModel.Internal.Config.ConfigurationBinding::BindArray(System.Array,Microsoft.Extensions.Configuration.IConfiguration)
DA:299,0
DA:300,0
DA:301,0
DA:302,0
DA:303,0
DA:305,0
DA:308,0
DA:310,0
DA:312,0
DA:313,0
DA:314,0
DA:315,0
DA:316,0
DA:317,0
DA:318,0
DA:319,0
DA:320,0
DA:322,0
DA:324,0
DA:325,0
BRDA:302,32,0,0
BRDA:302,32,1,0
BRDA:308,62,0,0
BRDA:308,62,1,0
BRDA:310,143,1,0
BRDA:317,103,0,0
BRDA:317,103,1,0
BRDA:310,143,0,0
FN:327,System.Boolean NetDaemon.AppModel.Internal.Config.ConfigurationBinding::TryConvertValue(System.Type,System.String,System.Object&,System.Exception&)
FNDA:0,System.Boolean NetDaemon.AppModel.Internal.Config.ConfigurationBinding::TryConvertValue(System.Type,System.String,System.Object&,System.Exception&)
DA:328,0
DA:329,0
DA:330,0
DA:331,0
DA:332,0
DA:333,0
DA:334,0
DA:337,0
DA:338,0
DA:339,0
DA:340,0
DA:341,0
DA:343,0
DA:346,0
DA:347,0
DA:348,0
DA:350,0
DA:351,0
DA:352,0
DA:353,0
DA:354,0
DA:355,0
DA:356,0
DA:358,0
DA:365,0
DA:366,0
DA:367,0
DA:368,0
DA:369,0
DA:370,0
DA:373,0
DA:374,0
BRDA:331,26,0,0
BRDA:331,26,1,0
BRDA:337,50,0,0
BRDA:337,50,1,0
BRDA:337,78,0,0
BRDA:339,91,0,0
BRDA:339,91,1,0
BRDA:340,107,0,0
BRDA:340,107,1,0
BRDA:337,78,1,0
BRDA:347,160,0,0
BRDA:347,160,1,0
FN:376,System.Type NetDaemon.AppModel.Internal.Config.ConfigurationBinding::FindOpenGenericInterface(System.Type,System.Type)
FNDA:0,System.Type NetDaemon.AppModel.Internal.Config.ConfigurationBinding::FindOpenGenericInterface(System.Type,System.Type)
DA:377,0
DA:378,0
DA:379,0
DA:380,0
DA:381,0
DA:383,0
DA:384,0
DA:385,0
BRDA:379,27,0,0
BRDA:379,27,1,0
BRDA:379,51,0,0
BRDA:379,51,1,0
BRDA:384,11,0,0
BRDA:384,11,1,0
FN:387,System.Collections.Generic.IEnumerable`1<System.Reflection.PropertyInfo> NetDaemon.AppModel.Internal.Config.ConfigurationBinding::GetAllProperties(System.Reflection.TypeInfo)
FNDA:0,System.Collections.Generic.IEnumerable`1<System.Reflection.PropertyInfo> NetDaemon.AppModel.Internal.Config.ConfigurationBinding::GetAllProperties(System.Reflection.TypeInfo)
DA:388,0
DA:389,0
DA:391,0
DA:393,0
DA:394,0
DA:395,0
DA:396,0
DA:397,0
DA:399,0
DA:400,0
BRDA:397,76,1,0
BRDA:395,30,0,0
BRDA:395,30,1,0
BRDA:395,42,0,0
BRDA:395,42,1,0
BRDA:397,76,0,0
FN:22,System.Void NetDaemon.AppModel.Internal.Config.ConfigurationBinding::.ctor(System.IServiceProvider)
FNDA:0,System.Void NetDaemon.AppModel.Internal.Config.ConfigurationBinding::.ctor(System.IServiceProvider)
DA:23,0
DA:24,0
DA:25,0
DA:26,0
LF:241
LH:0
BRF:128
BRH:0
FNF:16
FNH:0
end_of_record
SF:C:\git\netdaemon\src\AppModel\NetDaemon.AppModel\Internal\Config\Yaml\YamlConfigurationFileParser.cs
FN:21,System.Collections.Generic.IDictionary`2<System.String,System.String> NetDaemon.AppModel.Internal.Config.YamlConfigurationFileParser::Parse(System.IO.Stream)
FNDA:0,System.Collections.Generic.IDictionary`2<System.String,System.String> NetDaemon.AppModel.Internal.Config.YamlConfigurationFileParser::Parse(System.IO.Stream)
DA:22,0
DA:23,0
DA:24,0
DA:26,0
DA:27,0
DA:29,0
DA:30,0
DA:33,0
DA:35,0
DA:36,0
BRDA:29,61,0,0
BRDA:29,61,1,0
FN:38,System.Void NetDaemon.AppModel.Internal.Config.YamlConfigurationFileParser::VisitYamlNodePair(System.Collections.Generic.KeyValuePair`2<YamlDotNet.RepresentationModel.YamlNode,YamlDotNet.RepresentationModel.YamlNode>)
FNDA:0,System.Void NetDaemon.AppModel.Internal.Config.YamlConfigurationFileParser::VisitYamlNodePair(System.Collections.Generic.KeyValuePair`2<YamlDotNet.RepresentationModel.YamlNode,YamlDotNet.RepresentationModel.YamlNode>)
DA:39,0
DA:40,0
DA:41,0
DA:42,0
DA:43,0
BRDA:41,33,0,0
BRDA:41,33,1,0
FN:45,System.Void NetDaemon.AppModel.Internal.Config.YamlConfigurationFileParser::VisitYamlNode(System.String,YamlDotNet.RepresentationModel.YamlNode)
FNDA:0,System.Void NetDaemon.AppModel.Internal.Config.YamlConfigurationFileParser::VisitYamlNode(System.String,YamlDotNet.RepresentationModel.YamlNode)
DA:46,0
DA:47,0
DA:50,0
DA:51,0
DA:53,0
DA:54,0
DA:56,0
DA:57,0
DA:59,0
BRDA:47,15,0,0
BRDA:47,25,0,0
BRDA:47,15,1,0
BRDA:47,25,1,0
BRDA:47,35,1,0
BRDA:47,35,0,0
FN:61,System.Void NetDaemon.AppModel.Internal.Config.YamlConfigurationFileParser::VisitYamlScalarNode(System.String,YamlDotNet.RepresentationModel.YamlScalarNode)
FNDA:0,System.Void NetDaemon.AppModel.Internal.Config.YamlConfigurationFileParser::VisitYamlScalarNode(System.String,YamlDotNet.RepresentationModel.YamlScalarNode)
DA:62,0
DA:64,0
DA:65,0
DA:67,0
DA:68,0
DA:69,0
BRDA:67,29,0,0
BRDA:67,29,1,0
FN:71,System.Void NetDaemon.AppModel.Internal.Config.YamlConfigurationFileParser::VisitYamlMappingNode(YamlDotNet.RepresentationModel.YamlMappingNode)
FNDA:0,System.Void NetDaemon.AppModel.Internal.Config.YamlConfigurationFileParser::VisitYamlMappingNode(YamlDotNet.RepresentationModel.YamlMappingNode)
DA:72,0
DA:73,0
DA:74,0
BRDA:73,37,1,0
BRDA:73,37,0,0
FN:76,System.Void NetDaemon.AppModel.Internal.Config.YamlConfigurationFileParser::VisitYamlMappingNode(System.String,YamlDotNet.RepresentationModel.YamlMappingNode)
FNDA:0,System.Void NetDaemon.AppModel.Internal.Config.YamlConfigurationFileParser::VisitYamlMappingNode(System.String,YamlDotNet.RepresentationModel.YamlMappingNode)
DA:77,0
DA:79,0
DA:81,0
DA:83,0
DA:84,0
FN:86,System.Void NetDaemon.AppModel.Internal.Config.YamlConfigurationFileParser::VisitYamlSequenceNode(System.String,YamlDotNet.RepresentationModel.YamlSequenceNode)
FNDA:0,System.Void NetDaemon.AppModel.Internal.Config.YamlConfigurationFileParser::VisitYamlSequenceNode(System.String,YamlDotNet.RepresentationModel.YamlSequenceNode)
DA:87,0
DA:89,0
DA:91,0
DA:93,0
DA:94,0
FN:96,System.Void NetDaemon.AppModel.Internal.Config.YamlConfigurationFileParser::VisitYamlSequenceNode(YamlDotNet.RepresentationModel.YamlSequenceNode)
FNDA:0,System.Void NetDaemon.AppModel.Internal.Config.YamlConfigurationFileParser::VisitYamlSequenceNode(YamlDotNet.RepresentationModel.YamlSequenceNode)
DA:97,0
DA:98,0
DA:99,0
BRDA:98,51,1,0
BRDA:98,51,0,0
FN:101,System.Void NetDaemon.AppModel.Internal.Config.YamlConfigurationFileParser::EnterContext(System.String)
FNDA:0,System.Void NetDaemon.AppModel.Internal.Config.YamlConfigurationFileParser::EnterContext(System.String)
DA:102,0
DA:103,0
DA:104,0
DA:105,0
FN:107,System.Void NetDaemon.AppModel.Internal.Config.YamlConfigurationFileParser::ExitContext()
FNDA:0,System.Void NetDaemon.AppModel.Internal.Config.YamlConfigurationFileParser::ExitContext()
DA:108,0
DA:109,0
DA:110,0
DA:111,0
FN:113,System.Boolean NetDaemon.AppModel.Internal.Config.YamlConfigurationFileParser::IsNullValue(YamlDotNet.RepresentationModel.YamlScalarNode)
FNDA:0,System.Boolean NetDaemon.AppModel.Internal.Config.YamlConfigurationFileParser::IsNullValue(YamlDotNet.RepresentationModel.YamlScalarNode)
DA:114,0
DA:115,0
DA:116,0
DA:117,0
BRDA:115,8,0,0
BRDA:115,28,0,0
BRDA:115,41,0,0
BRDA:115,54,0,0
BRDA:115,28,1,0
BRDA:115,41,1,0
BRDA:115,54,1,0
BRDA:115,8,1,0
FN:13,System.Void NetDaemon.AppModel.Internal.Config.YamlConfigurationFileParser::.ctor()
FNDA:0,System.Void NetDaemon.AppModel.Internal.Config.YamlConfigurationFileParser::.ctor()
DA:14,0
DA:16,0
DA:17,0
DA:19,0
LF:62
LH:0
BRF:24
BRH:0
FNF:12
FNH:0
end_of_record
SF:C:\git\netdaemon\src\AppModel\NetDaemon.AppModel\Internal\Config\Yaml\YamlConfigurationProvider.cs
FN:11,System.Void NetDaemon.AppModel.Internal.Config.YamlConfigurationProvider::Load(System.IO.Stream)
FNDA:0,System.Void NetDaemon.AppModel.Internal.Config.YamlConfigurationProvider::Load(System.IO.Stream)
DA:12,0
DA:13,0
DA:15,0
DA:16,0
FN:6,System.Void NetDaemon.AppModel.Internal.Config.YamlConfigurationProvider::.ctor(NetDaemon.AppModel.Internal.Config.YamlConfigurationSource)
FNDA:0,System.Void NetDaemon.AppModel.Internal.Config.YamlConfigurationProvider::.ctor(NetDaemon.AppModel.Internal.Config.YamlConfigurationSource)
DA:7,0
DA:8,0
DA:9,0
LF:7
LH:0
BRF:0
BRH:0
FNF:2
FNH:0
end_of_record
SF:C:\git\netdaemon\src\AppModel\NetDaemon.AppModel\Internal\Config\Yaml\YamlConfigurationSource.cs
FN:7,Microsoft.Extensions.Configuration.IConfigurationProvider NetDaemon.AppModel.Internal.Config.YamlConfigurationSource::Build(Microsoft.Extensions.Configuration.IConfigurationBuilder)
FNDA:0,Microsoft.Extensions.Configuration.IConfigurationProvider NetDaemon.AppModel.Internal.Config.YamlConfigurationSource::Build(Microsoft.Extensions.Configuration.IConfigurationBuilder)
DA:8,0
DA:9,0
DA:10,0
DA:11,0
BRDA:9,7,0,0
BRDA:9,7,1,0
LF:4
LH:0
BRF:2
BRH:0
FNF:1
FNH:0
end_of_record
SF:C:\git\netdaemon\src\AppModel\NetDaemon.AppModel\Internal\Compiler\CollectableAssemblyLoadContext.cs
FN:12,System.Reflection.Assembly NetDaemon.AppModel.Internal.Compiler.CollectibleAssemblyLoadContext::Load(System.Reflection.AssemblyName)
FNDA:0,System.Reflection.Assembly NetDaemon.AppModel.Internal.Compiler.CollectibleAssemblyLoadContext::Load(System.Reflection.AssemblyName)
DA:13,0
DA:14,0
DA:15,0
FN:7,System.Void NetDaemon.AppModel.Internal.Compiler.CollectibleAssemblyLoadContext::.ctor()
FNDA:0,System.Void NetDaemon.AppModel.Internal.Compiler.CollectibleAssemblyLoadContext::.ctor()
DA:8,0
DA:9,0
DA:10,0
LF:6
LH:0
BRF:0
BRH:0
FNF:2
FNH:0
end_of_record
SF:C:\git\netdaemon\src\AppModel\NetDaemon.AppModel\Internal\Compiler\Compiler.cs
FN:15,NetDaemon.AppModel.Internal.Compiler.CollectibleAssemblyLoadContext NetDaemon.AppModel.Internal.Compiler.CompiledAssemblyResult::get_AssemblyContext()
FNDA:0,NetDaemon.AppModel.Internal.Compiler.CollectibleAssemblyLoadContext NetDaemon.AppModel.Internal.Compiler.CompiledAssemblyResult::get_AssemblyContext()
DA:16,0
FN:34,NetDaemon.AppModel.Internal.Compiler.CompiledAssemblyResult NetDaemon.AppModel.Internal.Compiler.Compiler::Compile()
FNDA:0,NetDaemon.AppModel.Internal.Compiler.CompiledAssemblyResult NetDaemon.AppModel.Internal.Compiler.Compiler::Compile()
DA:35,0
DA:36,0
DA:38,0
DA:40,0
DA:41,0
DA:43,0
DA:45,0
DA:46,0
DA:47,0
DA:48,0
DA:49,0
DA:50,0
DA:53,0
DA:54,0
DA:56,0
DA:58,0
DA:59,0
DA:60,0
DA:61,0
BRDA:41,26,0,0
BRDA:41,26,1,0
BRDA:45,76,0,0
BRDA:48,90,1,0
BRDA:48,90,0,0
BRDA:45,76,1,0
FN:63,System.Void NetDaemon.AppModel.Internal.Compiler.Compiler::Dispose()
FNDA:0,System.Void NetDaemon.AppModel.Internal.Compiler.Compiler::Dispose()
DA:64,0
DA:65,0
FN:67,Microsoft.CodeAnalysis.CSharp.CSharpCompilation NetDaemon.AppModel.Internal.Compiler.Compiler::GetSharpCompilation()
FNDA:0,Microsoft.CodeAnalysis.CSharp.CSharpCompilation NetDaemon.AppModel.Internal.Compiler.Compiler::GetSharpCompilation()
DA:68,0
DA:69,0
DA:70,0
DA:72,0
DA:73,0
DA:74,0
DA:75,0
DA:76,0
DA:77,0
DA:78,0
DA:79,0
DA:80,0
DA:81,0
DA:82,0
DA:83,0
BRDA:72,63,0,0
BRDA:72,63,1,0
FN:85,System.Collections.Generic.IEnumerable`1<Microsoft.CodeAnalysis.MetadataReference> NetDaemon.AppModel.Internal.Compiler.Compiler::GetDefaultReferences()
FNDA:0,System.Collections.Generic.IEnumerable`1<Microsoft.CodeAnalysis.MetadataReference> NetDaemon.AppModel.Internal.Compiler.Compiler::GetDefaultReferences()
DA:86,0
DA:87,0
DA:88,0
DA:89,0
DA:90,0
DA:91,0
DA:92,0
DA:93,0
DA:94,0
DA:95,0
DA:96,0
DA:97,0
DA:98,0
DA:99,0
DA:100,0
DA:101,0
DA:103,0
DA:104,0
DA:105,0
DA:107,0
DA:109,0
DA:110,0
BRDA:103,611,1,0
BRDA:104,545,0,0
BRDA:104,545,1,0
BRDA:104,569,0,0
BRDA:104,569,1,0
BRDA:103,611,0,0
BRDA:107,620,0,0
BRDA:107,620,1,0
FN:112,System.String NetDaemon.AppModel.Internal.Compiler.Compiler::PrettyPrintCompileError(Microsoft.CodeAnalysis.Emit.EmitResult)
FNDA:0,System.String NetDaemon.AppModel.Internal.Compiler.Compiler::PrettyPrintCompileError(Microsoft.CodeAnalysis.Emit.EmitResult)
DA:113,0
DA:114,0
DA:116,0
DA:117,0
DA:118,0
DA:120,0
DA:121,0
BRDA:116,84,1,0
BRDA:116,84,0,0
FN:23,System.Void NetDaemon.AppModel.Internal.Compiler.Compiler::.ctor(NetDaemon.AppModel.Internal.Compiler.ISyntaxTreeResolver,Microsoft.Extensions.Logging.ILogger`1<NetDaemon.AppModel.Internal.Compiler.Compiler>,Microsoft.Extensions.Options.IOptions`1<NetDaemon.AppModel.Internal.Compiler.CompileSettings>)
FNDA:0,System.Void NetDaemon.AppModel.Internal.Compiler.Compiler::.ctor(NetDaemon.AppModel.Internal.Compiler.ISyntaxTreeResolver,Microsoft.Extensions.Logging.ILogger`1<NetDaemon.AppModel.Internal.Compiler.Compiler>,Microsoft.Extensions.Options.IOptions`1<NetDaemon.AppModel.Internal.Compiler.CompileSettings>)
DA:24,0
DA:25,0
DA:26,0
DA:27,0
DA:28,0
DA:29,0
DA:30,0
DA:31,0
DA:32,0
LF:75
LH:0
BRF:18
BRH:0
FNF:7
FNH:0
end_of_record
SF:C:\git\netdaemon\src\AppModel\NetDaemon.AppModel\Internal\Compiler\CompileSettings.cs
FN:7,System.Boolean NetDaemon.AppModel.Internal.Compiler.CompileSettings::get_UseDebug()
FNDA:0,System.Boolean NetDaemon.AppModel.Internal.Compiler.CompileSettings::get_UseDebug()
DA:8,0
LF:1
LH:0
BRF:0
BRH:0
FNF:1
FNH:0
end_of_record
SF:C:\git\netdaemon\src\AppModel\NetDaemon.AppModel\Internal\Compiler\SyntaxTreeResolver.cs
FN:18,System.Collections.Generic.IReadOnlyCollection`1<Microsoft.CodeAnalysis.SyntaxTree> NetDaemon.AppModel.Internal.Compiler.SyntaxTreeResolver::GetSyntaxTrees()
FNDA:0,System.Collections.Generic.IReadOnlyCollection`1<Microsoft.CodeAnalysis.SyntaxTree> NetDaemon.AppModel.Internal.Compiler.SyntaxTreeResolver::GetSyntaxTrees()
DA:19,0
DA:20,0
DA:22,0
DA:23,0
DA:24,0
DA:25,0
DA:27,0
DA:29,0
DA:30,0
DA:31,0
DA:32,0
DA:33,0
DA:34,0
DA:35,0
FN:10,System.Void NetDaemon.AppModel.Internal.Compiler.SyntaxTreeResolver::.ctor(Microsoft.Extensions.Options.IOptions`1<NetDaemon.AppModel.AppConfigurationLocationSetting>)
FNDA:0,System.Void NetDaemon.AppModel.Internal.Compiler.SyntaxTreeResolver::.ctor(Microsoft.Extensions.Options.IOptions`1<NetDaemon.AppModel.AppConfigurationLocationSetting>)
DA:11,0
DA:12,0
DA:13,0
DA:14,0
DA:15,0
DA:16,0
LF:20
LH:0
BRF:0
BRH:0
FNF:2
FNH:0
end_of_record
SF:C:\git\netdaemon\src\AppModel\NetDaemon.AppModel\Internal\AppFactoryProviders\AssemblyAppFactoryProvider.cs
FN:16,System.Collections.Generic.IReadOnlyCollection`1<NetDaemon.AppModel.Internal.AppFactories.IAppFactory> NetDaemon.AppModel.Internal.AppFactoryProviders.AssemblyAppFactoryProvider::GetAppFactories()
FNDA:1,System.Collections.Generic.IReadOnlyCollection`1<NetDaemon.AppModel.Internal.AppFactories.IAppFactory> NetDaemon.AppModel.Internal.AppFactoryProviders.AssemblyAppFactoryProvider::GetAppFactories()
DA:17,1
DA:18,1
DA:19,1
DA:20,1
DA:21,1
DA:22,1
DA:23,1
DA:24,1
BRDA:18,85,0,1
BRDA:18,85,1,1
FN:26,System.Boolean NetDaemon.AppModel.Internal.AppFactoryProviders.AssemblyAppFactoryProvider::IsNetDaemonAppType(System.Type)
FNDA:68,System.Boolean NetDaemon.AppModel.Internal.AppFactoryProviders.AssemblyAppFactoryProvider::IsNetDaemonAppType(System.Type)
DA:27,68
DA:28,68
DA:29,5
DA:30,5
DA:33,63
DA:34,68
BRDA:28,7,0,68
BRDA:28,15,0,67
BRDA:28,7,1,1
BRDA:28,15,1,1
BRDA:28,28,0,5
BRDA:28,28,1,63
FN:10,System.Void NetDaemon.AppModel.Internal.AppFactoryProviders.AssemblyAppFactoryProvider::.ctor(System.Collections.Generic.IEnumerable`1<NetDaemon.AppModel.Internal.AppAssemblyProviders.IAppAssemblyProvider>)
FNDA:1,System.Void NetDaemon.AppModel.Internal.AppFactoryProviders.AssemblyAppFactoryProvider::.ctor(System.Collections.Generic.IEnumerable`1<NetDaemon.AppModel.Internal.AppAssemblyProviders.IAppAssemblyProvider>)
DA:11,1
DA:12,1
DA:13,1
DA:14,1
LF:18
LH:18
BRF:8
BRH:8
FNF:3
FNH:3
end_of_record
SF:C:\git\netdaemon\src\AppModel\NetDaemon.AppModel\Internal\AppFactoryProviders\FuncAppFactoryProvider.cs
FN:7,System.Collections.Generic.IReadOnlyCollection`1<NetDaemon.AppModel.Internal.AppFactories.IAppFactory> NetDaemon.AppModel.Internal.AppFactoryProviders.FuncAppFactoryProvider::GetAppFactories()
FNDA:0,System.Collections.Generic.IReadOnlyCollection`1<NetDaemon.AppModel.Internal.AppFactories.IAppFactory> NetDaemon.AppModel.Internal.AppFactoryProviders.FuncAppFactoryProvider::GetAppFactories()
DA:8,0
DA:9,0
LF:2
LH:0
BRF:0
BRH:0
FNF:1
FNH:0
end_of_record
SF:C:\git\netdaemon\src\AppModel\NetDaemon.AppModel\Internal\AppFactoryProviders\SingleAppFactoryProvider.cs
FN:14,System.Collections.Generic.IReadOnlyCollection`1<NetDaemon.AppModel.Internal.AppFactories.IAppFactory> NetDaemon.AppModel.Internal.AppFactoryProviders.SingleAppFactoryProvider::GetAppFactories()
FNDA:3,System.Collections.Generic.IReadOnlyCollection`1<NetDaemon.AppModel.Internal.AppFactories.IAppFactory> NetDaemon.AppModel.Internal.AppFactoryProviders.SingleAppFactoryProvider::GetAppFactories()
DA:15,3
DA:16,3
DA:17,3
FN:20,NetDaemon.AppModel.Internal.AppFactoryProviders.IAppFactoryProvider NetDaemon.AppModel.Internal.AppFactoryProviders.SingleAppFactoryProvider::Create(System.Func`2<System.IServiceProvider,TAppType>,System.String,System.Nullable`1<System.Boolean>)
FNDA:1,NetDaemon.AppModel.Internal.AppFactoryProviders.IAppFactoryProvider NetDaemon.AppModel.Internal.AppFactoryProviders.SingleAppFactoryProvider::Create(System.Func`2<System.IServiceProvider,TAppType>,System.String,System.Nullable`1<System.Boolean>)
DA:21,1
DA:22,1
DA:23,1
DA:24,1
FN:26,NetDaemon.AppModel.Internal.AppFactoryProviders.IAppFactoryProvider NetDaemon.AppModel.Internal.AppFactoryProviders.SingleAppFactoryProvider::Create(System.Type,System.String,System.Nullable`1<System.Boolean>)
FNDA:2,NetDaemon.AppModel.Internal.AppFactoryProviders.IAppFactoryProvider NetDaemon.AppModel.Internal.AppFactoryProviders.SingleAppFactoryProvider::Create(System.Type,System.String,System.Nullable`1<System.Boolean>)
DA:27,2
DA:28,2
DA:29,2
DA:30,2
FN:8,System.Void NetDaemon.AppModel.Internal.AppFactoryProviders.SingleAppFactoryProvider::.ctor(NetDaemon.AppModel.Internal.AppFactories.IAppFactory)
FNDA:3,System.Void NetDaemon.AppModel.Internal.AppFactoryProviders.SingleAppFactoryProvider::.ctor(NetDaemon.AppModel.Internal.AppFactories.IAppFactory)
DA:9,3
DA:10,3
DA:11,3
DA:12,3
LF:15
LH:15
BRF:0
BRH:0
FNF:4
FNH:4
end_of_record
SF:C:\git\netdaemon\src\AppModel\NetDaemon.AppModel\Internal\AppFactories\FuncAppFactory.cs
FN:17,System.String NetDaemon.AppModel.Internal.AppFactories.FuncAppFactory::GetAppId(System.Type)
FNDA:4,System.String NetDaemon.AppModel.Internal.AppFactories.FuncAppFactory::GetAppId(System.Type)
DA:18,4
DA:19,4
DA:20,4
DA:22,4
DA:23,0
DA:24,0
DA:27,4
DA:28,4
BRDA:20,9,0,1
BRDA:20,9,1,3
BRDA:20,21,0,4
BRDA:20,21,1,4
BRDA:22,39,0,0
BRDA:22,39,1,4
FN:30,System.Boolean NetDaemon.AppModel.Internal.AppFactories.FuncAppFactory::GetAppFocus(System.Type)
FNDA:4,System.Boolean NetDaemon.AppModel.Internal.AppFactories.FuncAppFactory::GetAppFocus(System.Type)
DA:31,4
DA:32,4
DA:33,4
FN:35,System.Object NetDaemon.AppModel.Internal.AppFactories.FuncAppFactory::Create(System.IServiceProvider)
FNDA:4,System.Object NetDaemon.AppModel.Internal.AppFactories.FuncAppFactory::Create(System.IServiceProvider)
DA:36,4
DA:37,4
DA:38,4
FN:39,System.String NetDaemon.AppModel.Internal.AppFactories.FuncAppFactory::get_Id()
FNDA:9,System.String NetDaemon.AppModel.Internal.AppFactories.FuncAppFactory::get_Id()
DA:40,9
FN:41,System.Boolean NetDaemon.AppModel.Internal.AppFactories.FuncAppFactory::get_HasFocus()
FNDA:4,System.Boolean NetDaemon.AppModel.Internal.AppFactories.FuncAppFactory::get_HasFocus()
DA:42,4
FN:45,NetDaemon.AppModel.Internal.AppFactories.FuncAppFactory NetDaemon.AppModel.Internal.AppFactories.FuncAppFactory::Create(System.Func`2<System.IServiceProvider,TAppType>,System.String,System.Nullable`1<System.Boolean>)
FNDA:1,NetDaemon.AppModel.Internal.AppFactories.FuncAppFactory NetDaemon.AppModel.Internal.AppFactories.FuncAppFactory::Create(System.Func`2<System.IServiceProvider,TAppType>,System.String,System.Nullable`1<System.Boolean>)
DA:46,1
DA:47,1
DA:48,1
FN:51,NetDaemon.AppModel.Internal.AppFactories.FuncAppFactory NetDaemon.AppModel.Internal.AppFactories.FuncAppFactory::Create(System.Type,System.String,System.Nullable`1<System.Boolean>)
FNDA:3,NetDaemon.AppModel.Internal.AppFactories.FuncAppFactory NetDaemon.AppModel.Internal.AppFactories.FuncAppFactory::Create(System.Type,System.String,System.Nullable`1<System.Boolean>)
DA:52,3
DA:53,3
DA:54,3
FN:56,System.Func`2<System.IServiceProvider,System.Object> NetDaemon.AppModel.Internal.AppFactories.FuncAppFactory::CreateFactoryFunc(System.Type)
FNDA:3,System.Func`2<System.IServiceProvider,System.Object> NetDaemon.AppModel.Internal.AppFactories.FuncAppFactory::CreateFactoryFunc(System.Type)
DA:57,3
DA:58,6
DA:59,3
FN:8,System.Void NetDaemon.AppModel.Internal.AppFactories.FuncAppFactory::.ctor(System.Func`2<System.IServiceProvider,System.Object>,System.Type,System.String,System.Nullable`1<System.Boolean>)
FNDA:4,System.Void NetDaemon.AppModel.Internal.AppFactories.FuncAppFactory::.ctor(System.Func`2<System.IServiceProvider,System.Object>,System.Type,System.String,System.Nullable`1<System.Boolean>)
DA:9,4
DA:10,4
DA:11,4
DA:13,4
DA:14,4
DA:15,4
BRDA:13,18,0,4
BRDA:13,18,1,4
BRDA:14,43,0,4
BRDA:14,43,1,0
LF:31
LH:29
BRF:10
BRH:8
FNF:9
FNH:9
end_of_record
SF:C:\git\netdaemon\src\AppModel\NetDaemon.AppModel\Internal\AppAssemblyProviders\AppAssemblyProvider.cs
FN:14,System.Reflection.Assembly NetDaemon.AppModel.Internal.AppAssemblyProviders.AppAssemblyProvider::GetAppAssembly()
FNDA:1,System.Reflection.Assembly NetDaemon.AppModel.Internal.AppAssemblyProviders.AppAssemblyProvider::GetAppAssembly()
DA:15,1
DA:16,1
DA:17,1
FN:8,System.Void NetDaemon.AppModel.Internal.AppAssemblyProviders.AppAssemblyProvider::.ctor(System.Reflection.Assembly)
FNDA:1,System.Void NetDaemon.AppModel.Internal.AppAssemblyProviders.AppAssemblyProvider::.ctor(System.Reflection.Assembly)
DA:9,1
DA:10,1
DA:11,1
DA:12,1
LF:7
LH:7
BRF:0
BRH:0
FNF:2
FNH:2
end_of_record
SF:C:\git\netdaemon\src\AppModel\NetDaemon.AppModel\Internal\AppAssemblyProviders\DynamicallyCompiledAppAssemblyProvider.cs
FN:18,System.Reflection.Assembly NetDaemon.AppModel.Internal.AppAssemblyProviders.DynamicallyCompiledAppAssemblyProvider::GetAppAssembly()
FNDA:0,System.Reflection.Assembly NetDaemon.AppModel.Internal.AppAssemblyProviders.DynamicallyCompiledAppAssemblyProvider::GetAppAssembly()
DA:19,0
DA:21,0
DA:22,0
DA:24,0
DA:25,0
DA:26,0
DA:27,0
DA:28,0
BRDA:21,15,0,0
BRDA:21,15,1,0
FN:30,System.Void NetDaemon.AppModel.Internal.AppAssemblyProviders.DynamicallyCompiledAppAssemblyProvider::Dispose()
FNDA:0,System.Void NetDaemon.AppModel.Internal.AppAssemblyProviders.DynamicallyCompiledAppAssemblyProvider::Dispose()
DA:31,0
DA:32,0
DA:33,0
DA:35,0
DA:36,0
DA:37,0
BRDA:32,12,1,0
BRDA:32,12,0,0
FN:12,System.Void NetDaemon.AppModel.Internal.AppAssemblyProviders.DynamicallyCompiledAppAssemblyProvider::.ctor(NetDaemon.AppModel.Internal.Compiler.ICompiler)
FNDA:0,System.Void NetDaemon.AppModel.Internal.AppAssemblyProviders.DynamicallyCompiledAppAssemblyProvider::.ctor(NetDaemon.AppModel.Internal.Compiler.ICompiler)
DA:13,0
DA:14,0
DA:15,0
DA:16,0
LF:18
LH:0
BRF:4
BRH:0
FNF:3
FNH:0
end_of_record
SF:C:\git\netdaemon\src\Client\NetDaemon.HassClient\Common\HomeAssistantClientConnector.cs
FN:17,System.Threading.Tasks.Task`1<NetDaemon.Client.IHomeAssistantConnection> NetDaemon.Client.HomeAssistantClientConnector::ConnectClientAsync(System.String,System.Int32,System.Boolean,System.String,System.Threading.CancellationToken)
FNDA:0,System.Threading.Tasks.Task`1<NetDaemon.Client.IHomeAssistantConnection> NetDaemon.Client.HomeAssistantClientConnector::ConnectClientAsync(System.String,System.Int32,System.Boolean,System.String,System.Threading.CancellationToken)
DA:18,0
DA:19,0
DA:20,0
FN:34,System.Void NetDaemon.Client.HomeAssistantClientConnector/<>c::<ConnectClientAsync>b__1_0(Microsoft.Extensions.Logging.ILoggingBuilder)
FNDA:0,System.Void NetDaemon.Client.HomeAssistantClientConnector/<>c::<ConnectClientAsync>b__1_0(Microsoft.Extensions.Logging.ILoggingBuilder)
DA:35,0
FN:33,System.Void NetDaemon.Client.HomeAssistantClientConnector/<ConnectClientAsync>d__1::MoveNext()
FNDA:0,System.Void NetDaemon.Client.HomeAssistantClientConnector/<ConnectClientAsync>d__1::MoveNext()
DA:34,0
DA:36,0
DA:37,0
DA:38,0
DA:39,0
DA:40,0
DA:41,0
DA:42,0
DA:43,0
DA:44,0
DA:45,0
DA:46,0
DA:47,0
DA:48,0
DA:49,0
DA:50,0
DA:51,0
DA:53,0
DA:54,0
LF:23
LH:0
BRF:0
BRH:0
FNF:3
FNH:0
end_of_record
SF:C:\git\netdaemon\src\Client\NetDaemon.HassClient\Common\Settings\Settings.cs
FN:10,System.String NetDaemon.Client.Settings.HomeAssistantSettings::get_Host()
FNDA:24,System.String NetDaemon.Client.Settings.HomeAssistantSettings::get_Host()
DA:11,24
FN:15,System.Int32 NetDaemon.Client.Settings.HomeAssistantSettings::get_Port()
FNDA:21,System.Int32 NetDaemon.Client.Settings.HomeAssistantSettings::get_Port()
DA:16,21
FN:20,System.Boolean NetDaemon.Client.Settings.HomeAssistantSettings::get_Ssl()
FNDA:14,System.Boolean NetDaemon.Client.Settings.HomeAssistantSettings::get_Ssl()
DA:21,14
FN:25,System.String NetDaemon.Client.Settings.HomeAssistantSettings::get_Token()
FNDA:21,System.String NetDaemon.Client.Settings.HomeAssistantSettings::get_Token()
DA:26,21
FN:34,System.Boolean NetDaemon.Client.Settings.HomeAssistantSettings::get_InsecureBypassCertificateErrors()
FNDA:10,System.Boolean NetDaemon.Client.Settings.HomeAssistantSettings::get_InsecureBypassCertificateErrors()
DA:35,10
FN:39,System.String NetDaemon.Client.Settings.HomeAssistantSettings::get_WebsocketPath()
FNDA:14,System.String NetDaemon.Client.Settings.HomeAssistantSettings::get_WebsocketPath()
DA:40,14
LF:6
LH:6
BRF:0
BRH:0
FNF:6
FNH:6
end_of_record
SF:C:\git\netdaemon\src\Client\NetDaemon.HassClient\Common\HomeAssistant\Model\CommandMessage.cs
FN:4,System.Int32 NetDaemon.Client.HomeAssistant.Model.CommandMessage::get_Id()
FNDA:0,System.Int32 NetDaemon.Client.HomeAssistant.Model.CommandMessage::get_Id()
DA:5,0
LF:1
LH:0
BRF:0
BRH:0
FNF:1
FNH:0
end_of_record
SF:C:\git\netdaemon\src\Client\NetDaemon.HassClient\Common\HomeAssistant\Model\HassArea.cs
FN:4,System.String NetDaemon.Client.HomeAssistant.Model.HassArea::get_Name()
FNDA:0,System.String NetDaemon.Client.HomeAssistant.Model.HassArea::get_Name()
DA:5,0
FN:6,System.String NetDaemon.Client.HomeAssistant.Model.HassArea::get_Id()
FNDA:0,System.String NetDaemon.Client.HomeAssistant.Model.HassArea::get_Id()
DA:7,0
LF:2
LH:0
BRF:0
BRH:0
FNF:2
FNH:0
end_of_record
SF:C:\git\netdaemon\src\Client\NetDaemon.HassClient\Common\HomeAssistant\Model\HassConfig.cs
FN:4,System.Collections.Generic.IReadOnlyCollection`1<System.String> NetDaemon.Client.HomeAssistant.Model.HassConfig::get_Components()
FNDA:0,System.Collections.Generic.IReadOnlyCollection`1<System.String> NetDaemon.Client.HomeAssistant.Model.HassConfig::get_Components()
DA:5,0
FN:6,System.String NetDaemon.Client.HomeAssistant.Model.HassConfig::get_ConfigDir()
FNDA:0,System.String NetDaemon.Client.HomeAssistant.Model.HassConfig::get_ConfigDir()
DA:7,0
FN:8,System.Nullable`1<System.Int32> NetDaemon.Client.HomeAssistant.Model.HassConfig::get_Elevation()
FNDA:0,System.Nullable`1<System.Int32> NetDaemon.Client.HomeAssistant.Model.HassConfig::get_Elevation()
DA:9,0
FN:10,System.Nullable`1<System.Single> NetDaemon.Client.HomeAssistant.Model.HassConfig::get_Latitude()
FNDA:0,System.Nullable`1<System.Single> NetDaemon.Client.HomeAssistant.Model.HassConfig::get_Latitude()
DA:11,0
FN:12,System.String NetDaemon.Client.HomeAssistant.Model.HassConfig::get_LocationName()
FNDA:0,System.String NetDaemon.Client.HomeAssistant.Model.HassConfig::get_LocationName()
DA:13,0
FN:14,System.Nullable`1<System.Single> NetDaemon.Client.HomeAssistant.Model.HassConfig::get_Longitude()
FNDA:0,System.Nullable`1<System.Single> NetDaemon.Client.HomeAssistant.Model.HassConfig::get_Longitude()
DA:15,0
FN:16,System.String NetDaemon.Client.HomeAssistant.Model.HassConfig::get_TimeZone()
FNDA:0,System.String NetDaemon.Client.HomeAssistant.Model.HassConfig::get_TimeZone()
DA:17,0
FN:18,NetDaemon.Client.HomeAssistant.Model.HassUnitSystem NetDaemon.Client.HomeAssistant.Model.HassConfig::get_UnitSystem()
FNDA:0,NetDaemon.Client.HomeAssistant.Model.HassUnitSystem NetDaemon.Client.HomeAssistant.Model.HassConfig::get_UnitSystem()
DA:19,0
FN:20,System.String NetDaemon.Client.HomeAssistant.Model.HassConfig::get_Version()
FNDA:0,System.String NetDaemon.Client.HomeAssistant.Model.HassConfig::get_Version()
DA:21,0
FN:22,System.String NetDaemon.Client.HomeAssistant.Model.HassConfig::get_State()
FNDA:0,System.String NetDaemon.Client.HomeAssistant.Model.HassConfig::get_State()
DA:23,0
FN:25,System.Collections.Generic.IReadOnlyCollection`1<System.String> NetDaemon.Client.HomeAssistant.Model.HassConfig::get_WhitelistExternalDirs()
FNDA:0,System.Collections.Generic.IReadOnlyCollection`1<System.String> NetDaemon.Client.HomeAssistant.Model.HassConfig::get_WhitelistExternalDirs()
DA:26,0
LF:11
LH:0
BRF:0
BRH:0
FNF:11
FNH:0
end_of_record
SF:C:\git\netdaemon\src\Client\NetDaemon.HassClient\Common\HomeAssistant\Model\HassContext.cs
FN:4,System.String NetDaemon.Client.HomeAssistant.Model.HassContext::get_Id()
FNDA:0,System.String NetDaemon.Client.HomeAssistant.Model.HassContext::get_Id()
DA:5,0
FN:6,System.String NetDaemon.Client.HomeAssistant.Model.HassContext::get_ParentId()
FNDA:0,System.String NetDaemon.Client.HomeAssistant.Model.HassContext::get_ParentId()
DA:7,0
FN:8,System.String NetDaemon.Client.HomeAssistant.Model.HassContext::get_UserId()
FNDA:0,System.String NetDaemon.Client.HomeAssistant.Model.HassContext::get_UserId()
DA:9,0
LF:3
LH:0
BRF:0
BRH:0
FNF:3
FNH:0
end_of_record
SF:C:\git\netdaemon\src\Client\NetDaemon.HassClient\Common\HomeAssistant\Model\HassDevice.cs
FN:4,System.String NetDaemon.Client.HomeAssistant.Model.HassDevice::get_Manufacturer()
FNDA:0,System.String NetDaemon.Client.HomeAssistant.Model.HassDevice::get_Manufacturer()
DA:5,0
FN:8,System.String NetDaemon.Client.HomeAssistant.Model.HassDevice::get_Model()
FNDA:0,System.String NetDaemon.Client.HomeAssistant.Model.HassDevice::get_Model()
DA:9,0
FN:10,System.String NetDaemon.Client.HomeAssistant.Model.HassDevice::get_Id()
FNDA:0,System.String NetDaemon.Client.HomeAssistant.Model.HassDevice::get_Id()
DA:11,0
FN:12,System.String NetDaemon.Client.HomeAssistant.Model.HassDevice::get_AreaId()
FNDA:0,System.String NetDaemon.Client.HomeAssistant.Model.HassDevice::get_AreaId()
DA:13,0
FN:15,System.String NetDaemon.Client.HomeAssistant.Model.HassDevice::get_Name()
FNDA:0,System.String NetDaemon.Client.HomeAssistant.Model.HassDevice::get_Name()
DA:16,0
FN:17,System.String NetDaemon.Client.HomeAssistant.Model.HassDevice::get_NameByUser()
FNDA:0,System.String NetDaemon.Client.HomeAssistant.Model.HassDevice::get_NameByUser()
DA:18,0
LF:6
LH:0
BRF:0
BRH:0
FNF:6
FNH:0
end_of_record
SF:C:\git\netdaemon\src\Client\NetDaemon.HassClient\Common\HomeAssistant\Model\HassEntity.cs
FN:4,System.String NetDaemon.Client.HomeAssistant.Model.HassEntity::get_DeviceId()
FNDA:0,System.String NetDaemon.Client.HomeAssistant.Model.HassEntity::get_DeviceId()
DA:5,0
FN:6,System.String NetDaemon.Client.HomeAssistant.Model.HassEntity::get_EntityId()
FNDA:0,System.String NetDaemon.Client.HomeAssistant.Model.HassEntity::get_EntityId()
DA:7,0
FN:8,System.String NetDaemon.Client.HomeAssistant.Model.HassEntity::get_AreaId()
FNDA:0,System.String NetDaemon.Client.HomeAssistant.Model.HassEntity::get_AreaId()
DA:9,0
FN:10,System.String NetDaemon.Client.HomeAssistant.Model.HassEntity::get_Name()
FNDA:0,System.String NetDaemon.Client.HomeAssistant.Model.HassEntity::get_Name()
DA:11,0
FN:12,System.String NetDaemon.Client.HomeAssistant.Model.HassEntity::get_Icon()
FNDA:0,System.String NetDaemon.Client.HomeAssistant.Model.HassEntity::get_Icon()
DA:13,0
FN:14,System.String NetDaemon.Client.HomeAssistant.Model.HassEntity::get_Platform()
FNDA:0,System.String NetDaemon.Client.HomeAssistant.Model.HassEntity::get_Platform()
DA:15,0
LF:6
LH:0
BRF:0
BRH:0
FNF:6
FNH:0
end_of_record
SF:C:\git\netdaemon\src\Client\NetDaemon.HassClient\Common\HomeAssistant\Model\HassError.cs
FN:4,System.Object NetDaemon.Client.HomeAssistant.Model.HassError::get_Code()
FNDA:0,System.Object NetDaemon.Client.HomeAssistant.Model.HassError::get_Code()
DA:5,0
FN:6,System.String NetDaemon.Client.HomeAssistant.Model.HassError::get_Message()
FNDA:0,System.String NetDaemon.Client.HomeAssistant.Model.HassError::get_Message()
DA:7,0
LF:2
LH:0
BRF:0
BRH:0
FNF:2
FNH:0
end_of_record
SF:C:\git\netdaemon\src\Client\NetDaemon.HassClient\Common\HomeAssistant\Model\HassEvent.cs
FN:4,System.Nullable`1<System.Text.Json.JsonElement> NetDaemon.Client.HomeAssistant.Model.HassEvent::get_DataElement()
FNDA:14,System.Nullable`1<System.Text.Json.JsonElement> NetDaemon.Client.HomeAssistant.Model.HassEvent::get_DataElement()
DA:5,14
FN:6,System.String NetDaemon.Client.HomeAssistant.Model.HassEvent::get_EventType()
FNDA:21,System.String NetDaemon.Client.HomeAssistant.Model.HassEvent::get_EventType()
DA:7,21
FN:8,System.String NetDaemon.Client.HomeAssistant.Model.HassEvent::get_Origin()
FNDA:5,System.String NetDaemon.Client.HomeAssistant.Model.HassEvent::get_Origin()
DA:9,5
FN:10,System.Nullable`1<System.DateTime> NetDaemon.Client.HomeAssistant.Model.HassEvent::get_TimeFired()
FNDA:0,System.Nullable`1<System.DateTime> NetDaemon.Client.HomeAssistant.Model.HassEvent::get_TimeFired()
DA:11,0
LF:4
LH:3
BRF:0
BRH:0
FNF:4
FNH:3
end_of_record
SF:C:\git\netdaemon\src\Client\NetDaemon.HassClient\Common\HomeAssistant\Model\HassMessageBase.cs
FN:4,System.String NetDaemon.Client.HomeAssistant.Model.HassMessageBase::get_Type()
FNDA:72,System.String NetDaemon.Client.HomeAssistant.Model.HassMessageBase::get_Type()
DA:5,72
LF:1
LH:1
BRF:0
BRH:0
FNF:1
FNH:1
end_of_record
SF:C:\git\netdaemon\src\Client\NetDaemon.HassClient\Common\HomeAssistant\Model\HassServiceEventData.cs
FN:4,System.String NetDaemon.Client.HomeAssistant.Model.HassServiceEventData::get_Domain()
FNDA:0,System.String NetDaemon.Client.HomeAssistant.Model.HassServiceEventData::get_Domain()
DA:5,0
FN:6,System.String NetDaemon.Client.HomeAssistant.Model.HassServiceEventData::get_Service()
FNDA:0,System.String NetDaemon.Client.HomeAssistant.Model.HassServiceEventData::get_Service()
DA:7,0
FN:8,System.Nullable`1<System.Text.Json.JsonElement> NetDaemon.Client.HomeAssistant.Model.HassServiceEventData::get_ServiceDataElement()
FNDA:0,System.Nullable`1<System.Text.Json.JsonElement> NetDaemon.Client.HomeAssistant.Model.HassServiceEventData::get_ServiceDataElement()
DA:9,0
LF:3
LH:0
BRF:0
BRH:0
FNF:3
FNH:0
end_of_record
SF:C:\git\netdaemon\src\Client\NetDaemon.HassClient\Common\HomeAssistant\Model\HassState.cs
FN:4,System.Nullable`1<System.Text.Json.JsonElement> NetDaemon.Client.HomeAssistant.Model.HassState::get_AttributesJson()
FNDA:60,System.Nullable`1<System.Text.Json.JsonElement> NetDaemon.Client.HomeAssistant.Model.HassState::get_AttributesJson()
DA:5,60
FN:8,System.Collections.Generic.IReadOnlyDictionary`2<System.String,System.Object> NetDaemon.Client.HomeAssistant.Model.HassState::get_Attributes()
FNDA:9,System.Collections.Generic.IReadOnlyDictionary`2<System.String,System.Object> NetDaemon.Client.HomeAssistant.Model.HassState::get_Attributes()
DA:9,9
BRDA:9,15,0,9
BRDA:9,15,1,0
BRDA:9,33,0,9
BRDA:9,33,1,9
FN:9,System.Void modreq(System.Runtime.CompilerServices.IsExternalInit) NetDaemon.Client.HomeAssistant.Model.HassState::set_Attributes(System.Collections.Generic.IReadOnlyDictionary`2<System.String,System.Object>)
FNDA:17,System.Void modreq(System.Runtime.CompilerServices.IsExternalInit) NetDaemon.Client.HomeAssistant.Model.HassState::set_Attributes(System.Collections.Generic.IReadOnlyDictionary`2<System.String,System.Object>)
DA:10,17
FN:12,System.String NetDaemon.Client.HomeAssistant.Model.HassState::get_EntityId()
FNDA:90,System.String NetDaemon.Client.HomeAssistant.Model.HassState::get_EntityId()
DA:13,90
FN:14,System.DateTime NetDaemon.Client.HomeAssistant.Model.HassState::get_LastChanged()
FNDA:69,System.DateTime NetDaemon.Client.HomeAssistant.Model.HassState::get_LastChanged()
DA:15,69
FN:15,System.DateTime NetDaemon.Client.HomeAssistant.Model.HassState::get_LastUpdated()
FNDA:69,System.DateTime NetDaemon.Client.HomeAssistant.Model.HassState::get_LastUpdated()
DA:16,69
FN:16,System.String NetDaemon.Client.HomeAssistant.Model.HassState::get_State()
FNDA:101,System.String NetDaemon.Client.HomeAssistant.Model.HassState::get_State()
DA:17,101
FN:17,NetDaemon.Client.HomeAssistant.Model.HassContext NetDaemon.Client.HomeAssistant.Model.HassState::get_Context()
FNDA:34,NetDaemon.Client.HomeAssistant.Model.HassContext NetDaemon.Client.HomeAssistant.Model.HassState::get_Context()
DA:18,34
FN:20,T NetDaemon.Client.HomeAssistant.Model.HassState::AttributesAs()
FNDA:0,T NetDaemon.Client.HomeAssistant.Model.HassState::AttributesAs()
DA:21,0
DA:22,0
DA:23,0
BRDA:22,15,0,0
BRDA:22,15,1,0
LF:11
LH:8
BRF:6
BRH:3
FNF:9
FNH:8
end_of_record
SF:C:\git\netdaemon\src\Client\NetDaemon.HassClient\Common\HomeAssistant\Model\HassStateChangedEventData.cs
FN:4,System.String NetDaemon.Client.HomeAssistant.Model.HassStateChangedEventData::get_EntityId()
FNDA:39,System.String NetDaemon.Client.HomeAssistant.Model.HassStateChangedEventData::get_EntityId()
DA:5,39
FN:6,NetDaemon.Client.HomeAssistant.Model.HassState NetDaemon.Client.HomeAssistant.Model.HassStateChangedEventData::get_NewState()
FNDA:32,NetDaemon.Client.HomeAssistant.Model.HassState NetDaemon.Client.HomeAssistant.Model.HassStateChangedEventData::get_NewState()
DA:7,32
FN:8,NetDaemon.Client.HomeAssistant.Model.HassState NetDaemon.Client.HomeAssistant.Model.HassStateChangedEventData::get_OldState()
FNDA:27,NetDaemon.Client.HomeAssistant.Model.HassState NetDaemon.Client.HomeAssistant.Model.HassStateChangedEventData::get_OldState()
DA:9,27
LF:3
LH:3
BRF:0
BRH:0
FNF:3
FNH:3
end_of_record
SF:C:\git\netdaemon\src\Client\NetDaemon.HassClient\Common\HomeAssistant\Model\HassUnitSystem.cs
FN:4,System.String NetDaemon.Client.HomeAssistant.Model.HassUnitSystem::get_Length()
FNDA:0,System.String NetDaemon.Client.HomeAssistant.Model.HassUnitSystem::get_Length()
DA:5,0
FN:6,System.String NetDaemon.Client.HomeAssistant.Model.HassUnitSystem::get_Mass()
FNDA:0,System.String NetDaemon.Client.HomeAssistant.Model.HassUnitSystem::get_Mass()
DA:7,0
FN:8,System.String NetDaemon.Client.HomeAssistant.Model.HassUnitSystem::get_Temperature()
FNDA:0,System.String NetDaemon.Client.HomeAssistant.Model.HassUnitSystem::get_Temperature()
DA:9,0
FN:10,System.String NetDaemon.Client.HomeAssistant.Model.HassUnitSystem::get_Volume()
FNDA:0,System.String NetDaemon.Client.HomeAssistant.Model.HassUnitSystem::get_Volume()
DA:11,0
LF:4
LH:0
BRF:0
BRH:0
FNF:4
FNH:0
end_of_record
SF:C:\git\netdaemon\src\Client\NetDaemon.HassClient\Common\HomeAssistant\Model\Targets.cs
FN:11,System.Collections.Generic.IReadOnlyCollection`1<System.String> NetDaemon.Client.HomeAssistant.Model.HassTarget::get_EntityIds()
FNDA:6,System.Collections.Generic.IReadOnlyCollection`1<System.String> NetDaemon.Client.HomeAssistant.Model.HassTarget::get_EntityIds()
DA:12,6
FN:17,System.Collections.Generic.IReadOnlyCollection`1<System.String> NetDaemon.Client.HomeAssistant.Model.HassTarget::get_DeviceIds()
FNDA:1,System.Collections.Generic.IReadOnlyCollection`1<System.String> NetDaemon.Client.HomeAssistant.Model.HassTarget::get_DeviceIds()
DA:18,1
FN:23,System.Collections.Generic.IReadOnlyCollection`1<System.String> NetDaemon.Client.HomeAssistant.Model.HassTarget::get_AreaIds()
FNDA:1,System.Collections.Generic.IReadOnlyCollection`1<System.String> NetDaemon.Client.HomeAssistant.Model.HassTarget::get_AreaIds()
DA:24,1
LF:3
LH:3
BRF:0
BRH:0
FNF:3
FNH:3
end_of_record
SF:C:\git\netdaemon\src\Client\NetDaemon.HassClient\Common\HomeAssistant\Extensions\HassEventExtensions.cs
FN:13,NetDaemon.Client.HomeAssistant.Model.HassStateChangedEventData NetDaemon.Client.HomeAssistant.Extensions.HassEventExtensions::ToStateChangedEvent(NetDaemon.Client.HomeAssistant.Model.HassEvent)
FNDA:9,NetDaemon.Client.HomeAssistant.Model.HassStateChangedEventData NetDaemon.Client.HomeAssistant.Extensions.HassEventExtensions::ToStateChangedEvent(NetDaemon.Client.HomeAssistant.Model.HassEvent)
DA:14,9
DA:15,9
DA:16,9
DA:17,9
DA:18,9
BRDA:15,15,0,0
BRDA:15,15,1,9
FN:25,NetDaemon.Client.HomeAssistant.Model.HassServiceEventData NetDaemon.Client.HomeAssistant.Extensions.HassEventExtensions::ToCallServiceEvent(NetDaemon.Client.HomeAssistant.Model.HassEvent)
FNDA:0,NetDaemon.Client.HomeAssistant.Model.HassServiceEventData NetDaemon.Client.HomeAssistant.Extensions.HassEventExtensions::ToCallServiceEvent(NetDaemon.Client.HomeAssistant.Model.HassEvent)
DA:26,0
DA:27,0
DA:28,0
DA:29,0
DA:30,0
BRDA:27,15,0,0
BRDA:27,15,1,0
LF:10
LH:5
BRF:4
BRH:1
FNF:2
FNH:1
end_of_record
SF:C:\git\netdaemon\src\Client\NetDaemon.HassClient\Common\HomeAssistant\Extensions\HomeAssistantApiManagerExtensions.cs
FN:32,System.Void NetDaemon.Client.HomeAssistant.Extensions.HomeAssistantApiManagerExtensions/<GetEntityStateAsync>d__1::MoveNext()
FNDA:12,System.Void NetDaemon.Client.HomeAssistant.Extensions.HomeAssistantApiManagerExtensions/<GetEntityStateAsync>d__1::MoveNext()
DA:33,12
DA:34,12
DA:36,12
DA:37,9
FN:18,System.Void NetDaemon.Client.HomeAssistant.Extensions.HomeAssistantApiManagerExtensions/<SendEventAsync>d__0::MoveNext()
FNDA:0,System.Void NetDaemon.Client.HomeAssistant.Extensions.HomeAssistantApiManagerExtensions/<SendEventAsync>d__0::MoveNext()
DA:19,0
DA:20,0
DA:22,0
DA:23,0
FN:53,System.Void NetDaemon.Client.HomeAssistant.Extensions.HomeAssistantApiManagerExtensions/<SetEntityStateAsync>d__2::MoveNext()
FNDA:0,System.Void NetDaemon.Client.HomeAssistant.Extensions.HomeAssistantApiManagerExtensions/<SetEntityStateAsync>d__2::MoveNext()
DA:54,0
DA:55,0
DA:57,0
DA:58,0
DA:59,0
DA:60,0
DA:61,0
DA:62,0
LF:16
LH:4
BRF:0
BRH:0
FNF:3
FNH:1
end_of_record
SF:C:\git\netdaemon\src\Client\NetDaemon.HassClient\Common\HomeAssistant\Extensions\IHomeAssistantConnectionExtensions.cs
FN:131,System.Boolean NetDaemon.Client.HomeAssistant.Extensions.HomeAssistantConnectionExtensions/<>c::<PingAsync>b__7_0(NetDaemon.Client.Internal.HomeAssistant.Commands.HassMessage)
FNDA:0,System.Boolean NetDaemon.Client.HomeAssistant.Extensions.HomeAssistantConnectionExtensions/<>c::<PingAsync>b__7_0(NetDaemon.Client.Internal.HomeAssistant.Commands.HassMessage)
DA:132,0
FN:103,System.Void NetDaemon.Client.HomeAssistant.Extensions.HomeAssistantConnectionExtensions/<CallServiceAsync>d__6::MoveNext()
FNDA:6,System.Void NetDaemon.Client.HomeAssistant.Extensions.HomeAssistantConnectionExtensions/<CallServiceAsync>d__6::MoveNext()
DA:104,6
DA:105,6
DA:106,6
DA:107,6
DA:108,6
DA:109,6
DA:110,6
DA:111,6
DA:112,6
DA:113,6
DA:114,6
DA:115,6
DA:116,6
BRDA:105,95,0,0
BRDA:105,95,1,6
FN:40,System.Void NetDaemon.Client.HomeAssistant.Extensions.HomeAssistantConnectionExtensions/<GetAreasAsync>d__2::MoveNext()
FNDA:4,System.Void NetDaemon.Client.HomeAssistant.Extensions.HomeAssistantConnectionExtensions/<GetAreasAsync>d__2::MoveNext()
DA:41,4
DA:42,4
DA:43,4
DA:44,4
DA:45,4
FN:79,System.Void NetDaemon.Client.HomeAssistant.Extensions.HomeAssistantConnectionExtensions/<GetConfigAsync>d__5::MoveNext()
FNDA:0,System.Void NetDaemon.Client.HomeAssistant.Extensions.HomeAssistantConnectionExtensions/<GetConfigAsync>d__5::MoveNext()
DA:80,0
DA:81,0
DA:82,0
DA:83,0
DA:84,0
DA:85,0
BRDA:81,151,0,0
BRDA:81,151,1,0
FN:53,System.Void NetDaemon.Client.HomeAssistant.Extensions.HomeAssistantConnectionExtensions/<GetDevicesAsync>d__3::MoveNext()
FNDA:4,System.Void NetDaemon.Client.HomeAssistant.Extensions.HomeAssistantConnectionExtensions/<GetDevicesAsync>d__3::MoveNext()
DA:54,4
DA:55,4
DA:56,4
DA:57,4
DA:58,4
FN:66,System.Void NetDaemon.Client.HomeAssistant.Extensions.HomeAssistantConnectionExtensions/<GetEntitiesAsync>d__4::MoveNext()
FNDA:4,System.Void NetDaemon.Client.HomeAssistant.Extensions.HomeAssistantConnectionExtensions/<GetEntitiesAsync>d__4::MoveNext()
DA:67,4
DA:68,4
DA:69,4
DA:70,4
DA:71,4
FN:27,System.Void NetDaemon.Client.HomeAssistant.Extensions.HomeAssistantConnectionExtensions/<GetServicesAsync>d__1::MoveNext()
FNDA:0,System.Void NetDaemon.Client.HomeAssistant.Extensions.HomeAssistantConnectionExtensions/<GetServicesAsync>d__1::MoveNext()
DA:28,0
DA:29,0
DA:30,0
DA:31,0
DA:32,0
FN:14,System.Void NetDaemon.Client.HomeAssistant.Extensions.HomeAssistantConnectionExtensions/<GetStatesAsync>d__0::MoveNext()
FNDA:4,System.Void NetDaemon.Client.HomeAssistant.Extensions.HomeAssistantConnectionExtensions/<GetStatesAsync>d__0::MoveNext()
DA:15,4
DA:16,4
DA:17,4
DA:18,4
DA:19,4
FN:125,System.Void NetDaemon.Client.HomeAssistant.Extensions.HomeAssistantConnectionExtensions/<PingAsync>d__7::MoveNext()
FNDA:0,System.Void NetDaemon.Client.HomeAssistant.Extensions.HomeAssistantConnectionExtensions/<PingAsync>d__7::MoveNext()
DA:126,0
DA:127,0
DA:128,0
DA:130,0
DA:131,0
DA:133,0
DA:134,0
DA:135,0
DA:137,0
DA:138,0
DA:139,0
DA:141,0
DA:142,0
DA:143,0
DA:144,0
DA:145,0
DA:148,0
DA:149,0
BRDA:127,29,0,0
BRDA:127,29,1,0
LF:63
LH:33
BRF:6
BRH:1
FNF:9
FNH:5
end_of_record
SF:C:\git\netdaemon\src\Client\NetDaemon.HassClient\Common\Extensions\ServiceCollectionExtension.cs
FN:12,Microsoft.Extensions.DependencyInjection.IServiceCollection NetDaemon.Client.Extensions.ServiceCollectionExtensions::AddHomeAssistantClient(Microsoft.Extensions.DependencyInjection.IServiceCollection)
FNDA:4,Microsoft.Extensions.DependencyInjection.IServiceCollection NetDaemon.Client.Extensions.ServiceCollectionExtensions::AddHomeAssistantClient(Microsoft.Extensions.DependencyInjection.IServiceCollection)
DA:13,4
DA:14,4
DA:15,0
DA:16,4
DA:17,0
DA:18,4
DA:19,0
DA:20,0
DA:21,6
DA:22,4
DA:23,4
DA:24,4
DA:25,4
DA:26,4
DA:27,4
FN:29,Microsoft.Extensions.DependencyInjection.IServiceCollection NetDaemon.Client.Extensions.ServiceCollectionExtensions::AddWebSocketFactory(Microsoft.Extensions.DependencyInjection.IServiceCollection)
FNDA:4,Microsoft.Extensions.DependencyInjection.IServiceCollection NetDaemon.Client.Extensions.ServiceCollectionExtensions::AddWebSocketFactory(Microsoft.Extensions.DependencyInjection.IServiceCollection)
DA:30,4
DA:31,4
DA:32,4
DA:33,4
DA:34,4
FN:36,Microsoft.Extensions.DependencyInjection.IServiceCollection NetDaemon.Client.Extensions.ServiceCollectionExtensions::AddPipelineFactory(Microsoft.Extensions.DependencyInjection.IServiceCollection)
FNDA:4,Microsoft.Extensions.DependencyInjection.IServiceCollection NetDaemon.Client.Extensions.ServiceCollectionExtensions::AddPipelineFactory(Microsoft.Extensions.DependencyInjection.IServiceCollection)
DA:37,4
DA:38,4
DA:39,4
DA:40,4
DA:41,4
DA:42,4
FN:44,Microsoft.Extensions.DependencyInjection.IServiceCollection NetDaemon.Client.Extensions.ServiceCollectionExtensions::AddConnectionFactory(Microsoft.Extensions.DependencyInjection.IServiceCollection)
FNDA:4,Microsoft.Extensions.DependencyInjection.IServiceCollection NetDaemon.Client.Extensions.ServiceCollectionExtensions::AddConnectionFactory(Microsoft.Extensions.DependencyInjection.IServiceCollection)
DA:45,4
DA:46,4
DA:47,4
DA:48,4
DA:49,4
DA:50,4
FN:52,Microsoft.Extensions.DependencyInjection.IServiceCollection NetDaemon.Client.Extensions.ServiceCollectionExtensions::AddHttpClientAndFactory(Microsoft.Extensions.DependencyInjection.IServiceCollection)
FNDA:4,Microsoft.Extensions.DependencyInjection.IServiceCollection NetDaemon.Client.Extensions.ServiceCollectionExtensions::AddHttpClientAndFactory(Microsoft.Extensions.DependencyInjection.IServiceCollection)
DA:53,4
DA:54,4
DA:55,4
DA:56,4
DA:57,4
DA:58,4
BRDA:55,51,0,1
BRDA:55,51,1,4
FN:60,System.Net.Http.HttpMessageHandler NetDaemon.Client.Extensions.ServiceCollectionExtensions::ConfigureHttpMessageHandler(System.IServiceProvider)
FNDA:3,System.Net.Http.HttpMessageHandler NetDaemon.Client.Extensions.ServiceCollectionExtensions::ConfigureHttpMessageHandler(System.IServiceProvider)
DA:61,3
DA:62,3
DA:63,3
DA:64,3
BRDA:63,10,0,3
BRDA:63,10,1,3
LF:42
LH:38
BRF:4
BRH:4
FNF:6
FNH:6
end_of_record
SF:C:\git\netdaemon\src\Client\NetDaemon.HassClient\Common\Exceptions\HomeAssistantConnectionException.cs
FN:13,NetDaemon.Client.DisconnectReason NetDaemon.Client.Exceptions.HomeAssistantConnectionException::get_Reason()
FNDA:0,NetDaemon.Client.DisconnectReason NetDaemon.Client.Exceptions.HomeAssistantConnectionException::get_Reason()
DA:14,0
FN:7,System.Void NetDaemon.Client.Exceptions.HomeAssistantConnectionException::.ctor(NetDaemon.Client.DisconnectReason)
FNDA:0,System.Void NetDaemon.Client.Exceptions.HomeAssistantConnectionException::.ctor(NetDaemon.Client.DisconnectReason)
DA:8,0
DA:9,0
DA:10,0
DA:11,0
DA:12,0
LF:6
LH:0
BRF:0
BRH:0
FNF:2
FNH:0
end_of_record
SF:C:\git\netdaemon\src\Client\NetDaemon.HassClient\Internal\HomeAssistantApiManager.cs
FN:69,System.Void NetDaemon.Client.Internal.HomeAssistantApiManager::InitializeHttpClientWithAuthorizationHeaders(System.String)
FNDA:3,System.Void NetDaemon.Client.Internal.HomeAssistantApiManager::InitializeHttpClientWithAuthorizationHeaders(System.String)
DA:70,3
DA:71,3
DA:72,3
DA:73,3
DA:74,3
FN:76,System.String NetDaemon.Client.Internal.HomeAssistantApiManager::GetApiUrl(NetDaemon.Client.Settings.HomeAssistantSettings)
FNDA:3,System.String NetDaemon.Client.Internal.HomeAssistantApiManager::GetApiUrl(NetDaemon.Client.Settings.HomeAssistantSettings)
DA:77,3
DA:78,3
DA:80,0
DA:82,3
DA:83,3
DA:84,3
BRDA:78,19,0,0
BRDA:78,19,1,3
BRDA:82,35,0,3
BRDA:82,35,1,0
FN:11,System.Void NetDaemon.Client.Internal.HomeAssistantApiManager::.ctor(Microsoft.Extensions.Options.IOptions`1<NetDaemon.Client.Settings.HomeAssistantSettings>,System.Net.Http.HttpClient)
FNDA:3,System.Void NetDaemon.Client.Internal.HomeAssistantApiManager::.ctor(Microsoft.Extensions.Options.IOptions`1<NetDaemon.Client.Settings.HomeAssistantSettings>,System.Net.Http.HttpClient)
DA:12,3
DA:13,3
DA:14,3
DA:15,3
DA:16,3
DA:20,3
DA:21,3
DA:22,3
DA:23,3
DA:24,3
DA:25,3
DA:26,3
DA:27,3
DA:28,3
FN:31,System.Void NetDaemon.Client.Internal.HomeAssistantApiManager/<GetApiCallAsync>d__4`1::MoveNext()
FNDA:0,System.Void NetDaemon.Client.Internal.HomeAssistantApiManager/<GetApiCallAsync>d__4`1::MoveNext()
DA:32,0
DA:33,0
DA:35,0
DA:36,0
DA:37,0
DA:38,0
DA:39,0
DA:40,0
DA:41,0
DA:44,0
DA:45,0
DA:46,0
BRDA:37,248,0,0
BRDA:37,248,1,0
FN:48,System.Void NetDaemon.Client.Internal.HomeAssistantApiManager/<PostApiCallAsync>d__5`1::MoveNext()
FNDA:0,System.Void NetDaemon.Client.Internal.HomeAssistantApiManager/<PostApiCallAsync>d__5`1::MoveNext()
DA:49,0
DA:50,0
DA:51,0
DA:53,0
DA:54,0
DA:56,0
DA:58,0
DA:59,0
DA:60,0
DA:62,0
DA:63,0
DA:64,0
DA:65,0
DA:66,0
DA:67,0
BRDA:53,71,0,0
BRDA:53,71,1,0
BRDA:56,175,0,0
BRDA:56,175,1,0
BRDA:62,389,0,0
BRDA:62,389,1,0
BRDA:63,457,0,0
BRDA:63,457,1,0
LF:52
LH:24
BRF:14
BRH:2
FNF:5
FNH:3
end_of_record
SF:C:\git\netdaemon\src\Client\NetDaemon.HassClient\Internal\HomeAssistantClient.cs
FN:24,System.Threading.Tasks.Task`1<NetDaemon.Client.IHomeAssistantConnection> NetDaemon.Client.Internal.HomeAssistantClient::ConnectAsync(System.String,System.Int32,System.Boolean,System.String,System.Threading.CancellationToken)
FNDA:0,System.Threading.Tasks.Task`1<NetDaemon.Client.IHomeAssistantConnection> NetDaemon.Client.Internal.HomeAssistantClient::ConnectAsync(System.String,System.Int32,System.Boolean,System.String,System.Threading.CancellationToken)
DA:25,0
DA:26,0
DA:27,0
FN:63,System.Uri NetDaemon.Client.Internal.HomeAssistantClient::GetHomeAssistantWebSocketUri(System.String,System.Int32,System.Boolean,System.String)
FNDA:0,System.Uri NetDaemon.Client.Internal.HomeAssistantClient::GetHomeAssistantWebSocketUri(System.String,System.Int32,System.Boolean,System.String)
DA:64,0
DA:65,0
DA:66,0
BRDA:65,13,0,0
BRDA:65,13,1,0
FN:9,System.Void NetDaemon.Client.Internal.HomeAssistantClient::.ctor(Microsoft.Extensions.Logging.ILogger`1<NetDaemon.Client.IHomeAssistantClient>,NetDaemon.Client.Internal.Net.IWebSocketClientFactory,NetDaemon.Client.Internal.Net.IWebSocketClientTransportPipelineFactory,NetDaemon.Client.Internal.IHomeAssistantConnectionFactory)
FNDA:0,System.Void NetDaemon.Client.Internal.HomeAssistantClient::.ctor(Microsoft.Extensions.Logging.ILogger`1<NetDaemon.Client.IHomeAssistantClient>,NetDaemon.Client.Internal.Net.IWebSocketClientFactory,NetDaemon.Client.Internal.Net.IWebSocketClientTransportPipelineFactory,NetDaemon.Client.Internal.IHomeAssistantConnectionFactory)
DA:10,0
DA:11,0
DA:12,0
DA:13,0
DA:14,0
DA:15,0
DA:16,0
DA:17,0
DA:18,0
DA:19,0
DA:20,0
DA:21,0
FN:68,System.Void NetDaemon.Client.Internal.HomeAssistantClient/<CheckIfRunning>d__8::MoveNext()
FNDA:0,System.Void NetDaemon.Client.Internal.HomeAssistantClient/<CheckIfRunning>d__8::MoveNext()
DA:69,0
DA:70,0
DA:71,0
DA:73,0
DA:74,0
DA:75,0
DA:76,0
DA:78,0
DA:79,0
BRDA:73,189,0,0
BRDA:73,189,1,0
FN:31,System.Void NetDaemon.Client.Internal.HomeAssistantClient/<ConnectAsync>d__6::MoveNext()
FNDA:0,System.Void NetDaemon.Client.Internal.HomeAssistantClient/<ConnectAsync>d__6::MoveNext()
DA:32,0
DA:33,0
DA:34,0
DA:35,0
DA:38,0
DA:39,0
DA:41,0
DA:43,0
DA:45,0
DA:47,0
DA:48,0
DA:49,0
DA:51,0
DA:52,0
DA:53,0
DA:54,0
DA:56,0
DA:57,0
DA:58,0
DA:59,0
DA:61,0
BRDA:47,594,0,0
BRDA:47,594,1,0
FN:82,System.Void NetDaemon.Client.Internal.HomeAssistantClient/<HandleAuthorizationSequence>d__9::MoveNext()
FNDA:0,System.Void NetDaemon.Client.Internal.HomeAssistantClient/<HandleAuthorizationSequence>d__9::MoveNext()
DA:83,0
DA:84,0
DA:85,0
DA:88,0
DA:89,0
DA:90,0
DA:91,0
DA:94,0
DA:95,0
DA:96,0
DA:97,0
DA:99,0
DA:100,0
DA:102,0
DA:105,0
DA:108,0
DA:109,0
DA:112,0
DA:114,0
BRDA:90,260,0,0
BRDA:90,260,1,0
BRDA:102,631,0,0
BRDA:102,631,1,0
BRDA:102,645,1,0
BRDA:102,645,0,0
LF:67
LH:0
BRF:12
BRH:0
FNF:6
FNH:0
end_of_record
SF:C:\git\netdaemon\src\Client\NetDaemon.HassClient\Internal\HomeAssistantConnection.cs
FN:50,System.IObservable`1<NetDaemon.Client.HomeAssistant.Model.HassEvent> NetDaemon.Client.Internal.HomeAssistantConnection::get_OnHomeAssistantEvent()
FNDA:0,System.IObservable`1<NetDaemon.Client.HomeAssistant.Model.HassEvent> NetDaemon.Client.Internal.HomeAssistantConnection::get_OnHomeAssistantEvent()
DA:51,0
FN:152,System.Threading.Tasks.Task`1<T> NetDaemon.Client.Internal.HomeAssistantConnection::GetApiCallAsync(System.String,System.Threading.CancellationToken)
FNDA:0,System.Threading.Tasks.Task`1<T> NetDaemon.Client.Internal.HomeAssistantConnection::GetApiCallAsync(System.String,System.Threading.CancellationToken)
DA:153,0
DA:154,0
DA:155,0
[...]
DA:95,0
FN:100,System.String NetDaemon.HassModel.Entities.Core.MediaPlayerAttributesBase::get_Source()
FNDA:0,System.String NetDaemon.HassModel.Entities.Core.MediaPlayerAttributesBase::get_Source()
DA:101,0
FN:106,System.Collections.Generic.IReadOnlyList`1<System.String> NetDaemon.HassModel.Entities.Core.MediaPlayerAttributesBase::get_SourceList()
FNDA:0,System.Collections.Generic.IReadOnlyList`1<System.String> NetDaemon.HassModel.Entities.Core.MediaPlayerAttributesBase::get_SourceList()
DA:107,0
FN:109,System.Nullable`1<System.Int64> NetDaemon.HassModel.Entities.Core.MediaPlayerAttributesBase::get_SupportedFeatures()
FNDA:0,System.Nullable`1<System.Int64> NetDaemon.HassModel.Entities.Core.MediaPlayerAttributesBase::get_SupportedFeatures()
DA:110,0
FN:115,System.Nullable`1<System.Double> NetDaemon.HassModel.Entities.Core.MediaPlayerAttributesBase::get_VolumeLevel()
FNDA:0,System.Nullable`1<System.Double> NetDaemon.HassModel.Entities.Core.MediaPlayerAttributesBase::get_VolumeLevel()
DA:116,0
LF:27
LH:0
BRF:0
BRH:0
FNF:27
FNH:0
end_of_record
SF:C:\git\netdaemon\src\HassModel\NetDaemon.HassModel.Integration\IntegrationHaContextExtensions.cs
FN:17,System.Void NetDaemon.HassModel.Integration.IntegrationHaContextExtensions::RegisterServiceCallBack(NetDaemon.HassModel.IHaContext,System.String,System.Action`1<T>)
FNDA:0,System.Void NetDaemon.HassModel.Integration.IntegrationHaContextExtensions::RegisterServiceCallBack(NetDaemon.HassModel.IHaContext,System.String,System.Action`1<T>)
DA:18,0
DA:19,0
DA:20,0
DA:21,0
DA:23,0
DA:25,0
DA:26,0
DA:27,0
DA:28,0
DA:29,0
BRDA:20,46,0,0
BRDA:20,46,1,0
BRDA:26,7,0,0
BRDA:26,7,1,0
BRDA:26,28,0,0
BRDA:26,37,0,0
BRDA:26,37,1,0
BRDA:26,28,1,0
FN:39,System.Void NetDaemon.HassModel.Integration.IntegrationHaContextExtensions::SetEntityState(NetDaemon.HassModel.IHaContext,System.String,System.String,System.Object)
FNDA:0,System.Void NetDaemon.HassModel.Integration.IntegrationHaContextExtensions::SetEntityState(NetDaemon.HassModel.IHaContext,System.String,System.String,System.Object)
DA:40,0
DA:41,0
DA:42,0
DA:43,0
DA:45,0
DA:46,0
DA:47,0
DA:48,0
DA:49,0
DA:50,0
DA:51,0
DA:52,0
BRDA:43,22,0,0
BRDA:43,22,1,0
FN:53,System.String NetDaemon.HassModel.Integration.IntegrationHaContextExtensions/HassServiceEventData`1::get_domain()
FNDA:0,System.String NetDaemon.HassModel.Integration.IntegrationHaContextExtensions/HassServiceEventData`1::get_domain()
DA:54,0
LF:23
LH:0
BRF:10
BRH:0
FNF:3
FNH:0
end_of_record
SF:C:\git\netdaemon\src\Runtime\NetDaemon.Runtime\Common\Extensions\HostBuilderExtensions.cs
FN:10,Microsoft.Extensions.Hosting.IHostBuilder NetDaemon.Runtime.HostBuilderExtensions::UseNetDaemonAppSettings(Microsoft.Extensions.Hosting.IHostBuilder)
FNDA:0,Microsoft.Extensions.Hosting.IHostBuilder NetDaemon.Runtime.HostBuilderExtensions::UseNetDaemonAppSettings(Microsoft.Extensions.Hosting.IHostBuilder)
DA:11,0
DA:12,0
DA:13,0
DA:14,0
DA:15,0
DA:16,0
DA:17,0
DA:18,0
DA:19,0
DA:20,0
DA:21,0
DA:22,0
DA:23,0
DA:24,0
DA:25,0
DA:26,0
DA:27,0
DA:28,0
DA:29,0
DA:30,0
DA:31,0
DA:32,0
DA:33,0
BRDA:26,91,0,0
BRDA:26,91,1,0
BRDA:26,110,0,0
BRDA:26,110,1,0
FN:35,Microsoft.Extensions.Hosting.IHostBuilder NetDaemon.Runtime.HostBuilderExtensions::UseNetDaemonRuntime(Microsoft.Extensions.Hosting.IHostBuilder)
FNDA:4,Microsoft.Extensions.Hosting.IHostBuilder NetDaemon.Runtime.HostBuilderExtensions::UseNetDaemonRuntime(Microsoft.Extensions.Hosting.IHostBuilder)
DA:36,4
DA:37,4
DA:38,4
DA:39,4
DA:40,4
DA:41,4
DA:42,4
DA:43,4
DA:44,4
DA:45,4
DA:46,8
DA:47,4
LF:35
LH:12
BRF:4
BRH:0
FNF:2
FNH:1
end_of_record
SF:C:\git\netdaemon\src\Runtime\NetDaemon.Runtime\Common\Extensions\ServiceBuilderExtensions.cs
FN:8,Microsoft.Extensions.DependencyInjection.IServiceCollection NetDaemon.Runtime.ServiceBuilderExtensions::AddNetDaemonStateManager(Microsoft.Extensions.DependencyInjection.IServiceCollection)
FNDA:13,Microsoft.Extensions.DependencyInjection.IServiceCollection NetDaemon.Runtime.ServiceBuilderExtensions::AddNetDaemonStateManager(Microsoft.Extensions.DependencyInjection.IServiceCollection)
DA:9,13
DA:10,13
DA:11,21
DA:12,18
DA:13,13
DA:14,24
DA:15,13
DA:16,13
LF:8
LH:8
BRF:0
BRH:0
FNF:1
FNH:1
end_of_record
SF:C:\git\netdaemon\src\Runtime\NetDaemon.Runtime\Common\Extensions\ServiceCollectionExtensions.cs
FN:7,Microsoft.Extensions.DependencyInjection.IServiceCollection NetDaemon.Runtime.ServiceCollectionExtensions::ConfigureNetDaemonServices(Microsoft.Extensions.DependencyInjection.IServiceCollection,Microsoft.Extensions.Configuration.IConfiguration)
FNDA:0,Microsoft.Extensions.DependencyInjection.IServiceCollection NetDaemon.Runtime.ServiceCollectionExtensions::ConfigureNetDaemonServices(Microsoft.Extensions.DependencyInjection.IServiceCollection,Microsoft.Extensions.Configuration.IConfiguration)
DA:8,0
DA:9,0
DA:10,0
DA:12,0
LF:4
LH:0
BRF:0
BRH:0
FNF:1
FNH:0
end_of_record
SF:C:\git\netdaemon\src\Runtime\NetDaemon.Runtime\Internal\AppStateManager.cs
FN:89,System.Void NetDaemon.Runtime.Internal.AppStateManager::Dispose()
FNDA:0,System.Void NetDaemon.Runtime.Internal.AppStateManager::Dispose()
DA:90,0
DA:91,0
DA:92,0
FN:10,System.Void NetDaemon.Runtime.Internal.AppStateManager::.ctor(NetDaemon.Runtime.Internal.IAppStateRepository,Microsoft.Extensions.Hosting.IHostEnvironment)
FNDA:13,System.Void NetDaemon.Runtime.Internal.AppStateManager::.ctor(NetDaemon.Runtime.Internal.IAppStateRepository,Microsoft.Extensions.Hosting.IHostEnvironment)
DA:11,13
DA:12,13
DA:14,13
DA:15,13
DA:16,13
DA:17,13
DA:18,13
DA:19,13
DA:20,13
DA:21,13
FN:26,System.String NetDaemon.Runtime.Internal.AppStateManager/<>c::<InitializeAsync>b__5_0(NetDaemon.AppModel.IApplication)
FNDA:8,System.String NetDaemon.Runtime.Internal.AppStateManager/<>c::<InitializeAsync>b__5_0(NetDaemon.AppModel.IApplication)
DA:27,8
FN:30,System.Boolean NetDaemon.Runtime.Internal.AppStateManager/<>c::<InitializeAsync>b__5_1(NetDaemon.Client.HomeAssistant.Model.HassEvent)
FNDA:3,System.Boolean NetDaemon.Runtime.Internal.AppStateManager/<>c::<InitializeAsync>b__5_1(NetDaemon.Client.HomeAssistant.Model.HassEvent)
DA:31,3
FN:32,System.Void NetDaemon.Runtime.Internal.AppStateManager/<>c__DisplayClass5_0/<<InitializeAsync>b__2>d::MoveNext()
FNDA:3,System.Void NetDaemon.Runtime.Internal.AppStateManager/<>c__DisplayClass5_0/<<InitializeAsync>b__2>d::MoveNext()
DA:33,3
DA:34,3
DA:36,3
DA:38,1
DA:39,2
DA:41,1
DA:42,4
DA:43,1
DA:44,1
DA:45,1
DA:46,1
DA:47,1
DA:49,1
DA:50,1
DA:51,1
DA:53,1
DA:54,1
DA:55,1
DA:56,1
DA:58,8
BRDA:34,31,0,0
BRDA:34,31,1,3
BRDA:36,56,0,3
BRDA:36,56,1,0
BRDA:36,77,0,1
BRDA:36,77,1,2
BRDA:39,123,0,1
BRDA:39,123,1,1
BRDA:42,450,1,1
BRDA:44,205,0,0
BRDA:44,205,1,1
BRDA:47,274,1,1
BRDA:49,294,0,0
BRDA:49,294,1,1
BRDA:49,315,0,1
BRDA:49,315,1,0
BRDA:47,274,0,1
BRDA:42,450,0,1
FN:61,System.Void NetDaemon.Runtime.Internal.AppStateManager/<GetStateAsync>d__6::MoveNext()
FNDA:4,System.Void NetDaemon.Runtime.Internal.AppStateManager/<GetStateAsync>d__6::MoveNext()
DA:62,4
DA:63,4
DA:65,4
DA:66,4
DA:67,4
DA:68,4
DA:69,4
BRDA:63,48,0,0
BRDA:63,48,1,4
BRDA:65,209,0,1
BRDA:65,209,1,3
FN:23,System.Void NetDaemon.Runtime.Internal.AppStateManager/<InitializeAsync>d__5::MoveNext()
FNDA:5,System.Void NetDaemon.Runtime.Internal.AppStateManager/<InitializeAsync>d__5::MoveNext()
DA:24,5
DA:25,5
DA:26,5
DA:28,4
DA:30,5
DA:32,5
DA:35,5
DA:37,5
DA:40,5
DA:48,5
DA:52,5
DA:57,5
DA:59,5
BRDA:26,102,0,5
BRDA:26,102,1,0
BRDA:26,128,0,4
BRDA:26,128,1,5
FN:71,System.Void NetDaemon.Runtime.Internal.AppStateManager/<SaveStateAsync>d__7::MoveNext()
FNDA:4,System.Void NetDaemon.Runtime.Internal.AppStateManager/<SaveStateAsync>d__7::MoveNext()
DA:72,4
DA:73,4
DA:75,4
DA:76,4
DA:79,4
DA:80,4
DA:81,4
DA:82,4
DA:83,2
DA:84,2
DA:85,2
DA:86,2
DA:87,4
BRDA:79,218,0,1
BRDA:79,218,1,3
BRDA:79,226,0,3
BRDA:79,226,1,1
BRDA:79,251,0,2
BRDA:79,251,1,4
LF:68
LH:65
BRF:32
BRH:25
FNF:8
FNH:7
end_of_record
SF:C:\git\netdaemon\src\Runtime\NetDaemon.Runtime\Internal\AppStateRepository.cs
FN:11,System.Void NetDaemon.Runtime.Internal.AppStateRepository::.ctor(NetDaemon.Client.IHomeAssistantRunner,Microsoft.Extensions.Hosting.IHostEnvironment)
FNDA:18,System.Void NetDaemon.Runtime.Internal.AppStateRepository::.ctor(NetDaemon.Client.IHomeAssistantRunner,Microsoft.Extensions.Hosting.IHostEnvironment)
DA:12,18
DA:13,18
DA:14,18
DA:15,18
DA:16,18
FN:60,System.String NetDaemon.Runtime.Internal.AppStateRepository/<>c__DisplayClass5_0::<RemoveNotUsedStatesAsync>b__0(System.String)
FNDA:11,System.String NetDaemon.Runtime.Internal.AppStateRepository/<>c__DisplayClass5_0::<RemoveNotUsedStatesAsync>b__0(System.String)
DA:61,11
FN:64,System.Boolean NetDaemon.Runtime.Internal.AppStateRepository/<>c__DisplayClass5_0::<RemoveNotUsedStatesAsync>b__1(NetDaemon.Runtime.Internal.Model.InputBooleanHelper)
FNDA:14,System.Boolean NetDaemon.Runtime.Internal.AppStateRepository/<>c__DisplayClass5_0::<RemoveNotUsedStatesAsync>b__1(NetDaemon.Runtime.Internal.Model.InputBooleanHelper)
DA:65,14
BRDA:65,27,0,6
BRDA:65,45,0,2
BRDA:65,45,1,4
BRDA:65,27,1,2
FN:18,System.Void NetDaemon.Runtime.Internal.AppStateRepository/<GetOrCreateAsync>d__3::MoveNext()
FNDA:12,System.Void NetDaemon.Runtime.Internal.AppStateRepository/<GetOrCreateAsync>d__3::MoveNext()
DA:19,12
DA:20,12
DA:21,12
DA:23,12
DA:26,12
DA:27,12
DA:28,12
DA:29,9
DA:31,3
DA:32,3
DA:34,3
DA:36,3
DA:37,3
DA:38,3
DA:39,3
DA:41,12
BRDA:20,58,0,0
BRDA:20,58,1,12
BRDA:29,275,0,0
BRDA:29,275,1,9
BRDA:34,382,0,0
BRDA:34,382,1,3
FN:55,System.Void NetDaemon.Runtime.Internal.AppStateRepository/<RemoveNotUsedStatesAsync>d__5::MoveNext()
FNDA:6,System.Void NetDaemon.Runtime.Internal.AppStateRepository/<RemoveNotUsedStatesAsync>d__5::MoveNext()
DA:56,6
DA:57,6
DA:58,6
DA:59,6
DA:62,6
DA:64,6
DA:67,28
DA:68,5
DA:69,6
BRDA:57,75,0,0
BRDA:57,75,1,6
BRDA:67,505,1,5
BRDA:67,505,0,6
FN:43,System.Void NetDaemon.Runtime.Internal.AppStateRepository/<UpdateAsync>d__4::MoveNext()
FNDA:5,System.Void NetDaemon.Runtime.Internal.AppStateRepository/<UpdateAsync>d__4::MoveNext()
DA:44,5
DA:45,5
DA:46,5
DA:48,5
DA:50,5
DA:51,5
DA:52,5
DA:53,5
BRDA:45,36,0,0
BRDA:45,36,1,5
BRDA:50,100,0,1
BRDA:50,100,1,4
LF:40
LH:40
BRF:18
BRH:13
FNF:6
FNH:6
end_of_record
SF:C:\git\netdaemon\src\Runtime\NetDaemon.Runtime\Internal\EntityMapperHelper.cs
FN:13,System.String NetDaemon.Runtime.Internal.EntityMapperHelper::ToEntityIdFromApplicationId(System.String,System.Boolean)
FNDA:43,System.String NetDaemon.Runtime.Internal.EntityMapperHelper::ToEntityIdFromApplicationId(System.String,System.Boolean)
DA:14,43
DA:15,43
DA:16,43
BRDA:14,1,0,12
BRDA:14,1,1,31
FN:20,System.String NetDaemon.Runtime.Internal.EntityMapperHelper::ToSafeVersion(System.String)
FNDA:43,System.String NetDaemon.Runtime.Internal.EntityMapperHelper::ToSafeVersion(System.String)
DA:21,43
DA:22,43
DA:23,43
DA:25,43
DA:27,1043
DA:28,457
DA:29,457
DA:32,371
DA:33,371
DA:35,56
DA:36,12
DA:37,12
DA:38,56
DA:39,56
DA:41,0
DA:42,0
DA:47,30
DA:48,28
DA:49,30
DA:52,457
DA:53,457
DA:55,43
DA:56,43
BRDA:27,228,1,457
BRDA:29,61,0,427
BRDA:29,65,0,371
BRDA:29,72,0,0
BRDA:29,61,1,30
BRDA:29,87,0,30
BRDA:29,97,0,8
BRDA:29,72,1,371
BRDA:29,65,1,56
BRDA:35,133,0,12
BRDA:36,147,0,12
BRDA:35,133,1,56
BRDA:36,147,1,56
BRDA:29,79,1,0
BRDA:29,87,1,30
BRDA:29,97,1,30
BRDA:29,105,1,30
BRDA:47,197,0,28
BRDA:29,79,0,457
BRDA:29,105,0,457
BRDA:47,197,1,457
BRDA:27,228,0,43
LF:26
LH:24
BRF:24
BRH:22
FNF:2
FNH:2
end_of_record
SF:C:\git\netdaemon\src\Runtime\NetDaemon.Runtime\Internal\HomeAssistantConnectionExtensions.cs
FN:9,System.Void NetDaemon.Runtime.Internal.HomeAssistantConnectionExtensions/<CreateInputBooleanHelperAsync>d__0::MoveNext()
FNDA:3,System.Void NetDaemon.Runtime.Internal.HomeAssistantConnectionExtensions/<CreateInputBooleanHelperAsync>d__0::MoveNext()
DA:10,3
DA:11,3
DA:12,3
DA:13,3
DA:14,3
DA:15,3
DA:16,3
FN:20,System.Void NetDaemon.Runtime.Internal.HomeAssistantConnectionExtensions/<DeleteInputBooleanHelperAsync>d__1::MoveNext()
FNDA:5,System.Void NetDaemon.Runtime.Internal.HomeAssistantConnectionExtensions/<DeleteInputBooleanHelperAsync>d__1::MoveNext()
DA:21,5
DA:22,5
DA:23,5
DA:24,5
DA:25,5
DA:26,5
DA:27,5
FN:30,System.Void NetDaemon.Runtime.Internal.HomeAssistantConnectionExtensions/<ListInputBooleanHelpersAsync>d__2::MoveNext()
FNDA:6,System.Void NetDaemon.Runtime.Internal.HomeAssistantConnectionExtensions/<ListInputBooleanHelpersAsync>d__2::MoveNext()
DA:31,6
DA:32,6
DA:33,6
DA:34,6
BRDA:32,136,0,3
BRDA:32,136,1,6
LF:18
LH:18
BRF:2
BRH:2
FNF:3
FNH:3
end_of_record
SF:C:\git\netdaemon\src\Runtime\NetDaemon.Runtime\Internal\NetDaemonRuntime.cs
FN:42,System.Collections.Generic.IReadOnlyCollection`1<NetDaemon.AppModel.IApplication> NetDaemon.Runtime.Internal.NetDaemonRuntime::get_ApplicationInstances()
FNDA:1,System.Collections.Generic.IReadOnlyCollection`1<NetDaemon.AppModel.IApplication> NetDaemon.Runtime.Internal.NetDaemonRuntime::get_ApplicationInstances()
DA:43,1
BRDA:43,7,0,0
BRDA:43,7,1,1
BRDA:43,19,0,0
BRDA:43,19,1,1
FN:24,System.Void NetDaemon.Runtime.Internal.NetDaemonRuntime::.ctor(NetDaemon.Client.IHomeAssistantRunner,Microsoft.Extensions.Options.IOptions`1<NetDaemon.Client.Settings.HomeAssistantSettings>,Microsoft.Extensions.Options.IOptions`1<NetDaemon.AppModel.AppConfigurationLocationSetting>,System.IServiceProvider,Microsoft.Extensions.Logging.ILogger`1<NetDaemon.Runtime.Internal.NetDaemonRuntime>,NetDaemon.HassModel.ICacheManager)
FNDA:7,System.Void NetDaemon.Runtime.Internal.NetDaemonRuntime::.ctor(NetDaemon.Client.IHomeAssistantRunner,Microsoft.Extensions.Options.IOptions`1<NetDaemon.Client.Settings.HomeAssistantSettings>,Microsoft.Extensions.Options.IOptions`1<NetDaemon.AppModel.AppConfigurationLocationSetting>,System.IServiceProvider,Microsoft.Extensions.Logging.ILogger`1<NetDaemon.Runtime.Internal.NetDaemonRuntime>,NetDaemon.HassModel.ICacheManager)
DA:25,7
DA:26,7
DA:27,7
DA:28,7
DA:29,7
DA:30,7
DA:31,7
DA:32,7
DA:33,7
DA:34,7
DA:35,7
DA:36,7
DA:37,7
DA:38,7
DA:39,7
DA:45,7
DA:47,7
FN:55,System.Void NetDaemon.Runtime.Internal.NetDaemonRuntime/<>c__DisplayClass17_0/<<StartAsync>b__0>d::MoveNext()
FNDA:6,System.Void NetDaemon.Runtime.Internal.NetDaemonRuntime/<>c__DisplayClass17_0/<<StartAsync>b__0>d::MoveNext()
DA:56,6
FN:58,System.Void NetDaemon.Runtime.Internal.NetDaemonRuntime/<>c__DisplayClass17_0/<<StartAsync>b__1>d::MoveNext()
FNDA:1,System.Void NetDaemon.Runtime.Internal.NetDaemonRuntime/<>c__DisplayClass17_0/<<StartAsync>b__1>d::MoveNext()
DA:59,1
FN:151,System.Void NetDaemon.Runtime.Internal.NetDaemonRuntime/<DisposeApplicationsAsync>d__21::MoveNext()
FNDA:6,System.Void NetDaemon.Runtime.Internal.NetDaemonRuntime/<DisposeApplicationsAsync>d__21::MoveNext()
DA:152,6
DA:153,6
DA:154,3
DA:155,3
DA:157,3
DA:158,3
DA:159,6
BRDA:153,34,0,3
BRDA:153,34,1,6
FN:162,System.Void NetDaemon.Runtime.Internal.NetDaemonRuntime/<DisposeAsync>d__23::MoveNext()
FNDA:7,System.Void NetDaemon.Runtime.Internal.NetDaemonRuntime/<DisposeAsync>d__23::MoveNext()
DA:163,7
DA:164,9
DA:165,5
DA:167,5
DA:168,5
DA:170,5
DA:171,5
DA:172,2
DA:173,9
DA:174,7
BRDA:164,39,0,2
BRDA:164,39,1,5
BRDA:168,181,0,0
BRDA:168,181,1,5
FN:98,System.Void NetDaemon.Runtime.Internal.NetDaemonRuntime/<LoadNewAppContextAsync>d__19::MoveNext()
FNDA:6,System.Void NetDaemon.Runtime.Internal.NetDaemonRuntime/<LoadNewAppContextAsync>d__19::MoveNext()
DA:99,6
DA:100,6
DA:101,6
DA:104,6
DA:106,6
DA:107,2
DA:108,2
DA:110,4
DA:112,6
DA:115,6
DA:116,12
DA:118,0
DA:119,0
DA:120,0
DA:121,0
DA:122,0
DA:123,0
DA:125,6
BRDA:101,49,0,0
BRDA:101,49,1,6
BRDA:106,110,0,2
BRDA:106,110,1,4
BRDA:116,379,0,6
BRDA:116,379,1,0
FN:85,System.Void NetDaemon.Runtime.Internal.NetDaemonRuntime/<OnHomeAssistantClientConnected>d__18::MoveNext()
FNDA:6,System.Void NetDaemon.Runtime.Internal.NetDaemonRuntime/<OnHomeAssistantClientConnected>d__18::MoveNext()
DA:86,6
DA:87,6
DA:88,6
DA:90,6
DA:92,6
DA:95,6
DA:96,6
FN:127,System.Void NetDaemon.Runtime.Internal.NetDaemonRuntime/<OnHomeAssistantClientDisconnected>d__20::MoveNext()
FNDA:1,System.Void NetDaemon.Runtime.Internal.NetDaemonRuntime/<OnHomeAssistantClientDisconnected>d__20::MoveNext()
DA:128,1
DA:129,1
DA:130,1
DA:131,1
DA:132,1
DA:134,0
DA:135,0
DA:136,0
DA:137,0
DA:138,0
DA:139,0
DA:140,0
DA:141,0
DA:142,0
DA:143,0
DA:144,0
DA:145,0
DA:147,1
DA:148,1
DA:149,1
BRDA:129,35,0,0
BRDA:129,35,1,1
BRDA:129,54,0,1
BRDA:129,54,1,0
BRDA:129,70,0,1
BRDA:129,70,1,0
BRDA:135,123,1,0
BRDA:135,123,4,0
BRDA:135,123,3,0
BRDA:135,123,2,0
BRDA:135,123,0,0
FN:49,System.Void NetDaemon.Runtime.Internal.NetDaemonRuntime/<StartAsync>d__17::MoveNext()
FNDA:7,System.Void NetDaemon.Runtime.Internal.NetDaemonRuntime/<StartAsync>d__17::MoveNext()
DA:50,7
DA:51,7
DA:53,7
DA:55,7
DA:57,7
DA:58,7
DA:60,7
DA:62,7
DA:63,7
DA:65,7
DA:66,7
DA:67,7
DA:68,7
DA:69,7
DA:70,7
DA:71,7
DA:72,7
DA:75,7
DA:76,6
DA:77,0
DA:78,0
DA:80,0
DA:81,6
LF:105
LH:84
BRF:27
BRH:14
FNF:10
FNH:10
end_of_record
SF:C:\git\netdaemon\src\Runtime\NetDaemon.Runtime\Internal\RuntimeService.cs
FN:23,System.Threading.Tasks.Task NetDaemon.Runtime.Internal.RuntimeService::ExecuteAsync(System.Threading.CancellationToken)
FNDA:4,System.Threading.Tasks.Task NetDaemon.Runtime.Internal.RuntimeService::ExecuteAsync(System.Threading.CancellationToken)
DA:24,4
FN:7,System.Void NetDaemon.Runtime.Internal.RuntimeService::.ctor(NetDaemon.Runtime.IRuntime,Microsoft.Extensions.Logging.ILogger`1<NetDaemon.Runtime.Internal.RuntimeService>)
FNDA:4,System.Void NetDaemon.Runtime.Internal.RuntimeService::.ctor(NetDaemon.Runtime.IRuntime,Microsoft.Extensions.Logging.ILogger`1<NetDaemon.Runtime.Internal.RuntimeService>)
DA:8,4
DA:9,4
DA:10,4
DA:11,4
DA:12,4
FN:14,System.Void NetDaemon.Runtime.Internal.RuntimeService/<StartAsync>d__3::MoveNext()
FNDA:4,System.Void NetDaemon.Runtime.Internal.RuntimeService/<StartAsync>d__3::MoveNext()
DA:15,4
DA:17,4
DA:18,4
DA:19,4
DA:20,4
DA:21,0
DA:22,4
FN:26,System.Void NetDaemon.Runtime.Internal.RuntimeService/<StopAsync>d__5::MoveNext()
FNDA:3,System.Void NetDaemon.Runtime.Internal.RuntimeService/<StopAsync>d__5::MoveNext()
DA:27,3
DA:28,3
DA:29,3
DA:30,3
DA:31,3
LF:18
LH:17
BRF:0
BRH:0
FNF:4
FNH:4
end_of_record
SF:C:\git\netdaemon\src\Runtime\NetDaemon.Runtime\Internal\Model\CreateInputBooleanHelperCommand.cs
FN:12,System.String NetDaemon.Runtime.Internal.Model.CreateInputBooleanHelperCommand::get_Name()
FNDA:6,System.String NetDaemon.Runtime.Internal.Model.CreateInputBooleanHelperCommand::get_Name()
DA:13,6
FN:7,System.Void NetDaemon.Runtime.Internal.Model.CreateInputBooleanHelperCommand::.ctor()
FNDA:3,System.Void NetDaemon.Runtime.Internal.Model.CreateInputBooleanHelperCommand::.ctor()
DA:8,3
DA:9,3
DA:10,3
DA:11,3
FN:22,System.String NetDaemon.Runtime.Internal.Model.DeleteInputBooleanHelperCommand::get_InputBooleanId()
FNDA:17,System.String NetDaemon.Runtime.Internal.Model.DeleteInputBooleanHelperCommand::get_InputBooleanId()
DA:23,17
FN:17,System.Void NetDaemon.Runtime.Internal.Model.DeleteInputBooleanHelperCommand::.ctor()
FNDA:5,System.Void NetDaemon.Runtime.Internal.Model.DeleteInputBooleanHelperCommand::.ctor()
DA:18,5
DA:19,5
DA:20,5
DA:21,5
FN:27,System.Void NetDaemon.Runtime.Internal.Model.ListInputBooleanHelperCommand::.ctor()
FNDA:6,System.Void NetDaemon.Runtime.Internal.Model.ListInputBooleanHelperCommand::.ctor()
DA:28,6
DA:29,6
DA:30,6
DA:31,6
LF:14
LH:14
BRF:0
BRH:0
FNF:5
FNH:5
end_of_record
SF:C:\git\netdaemon\src\Runtime\NetDaemon.Runtime\Internal\Model\HassHelper.cs
FN:6,System.String NetDaemon.Runtime.Internal.Model.InputBooleanHelper::get_Name()
FNDA:24,System.String NetDaemon.Runtime.Internal.Model.InputBooleanHelper::get_Name()
DA:7,24
FN:7,System.String NetDaemon.Runtime.Internal.Model.InputBooleanHelper::get_Icon()
FNDA:0,System.String NetDaemon.Runtime.Internal.Model.InputBooleanHelper::get_Icon()
DA:8,0
FN:8,System.String NetDaemon.Runtime.Internal.Model.InputBooleanHelper::get_Id()
FNDA:29,System.String NetDaemon.Runtime.Internal.Model.InputBooleanHelper::get_Id()
DA:9,29
LF:3
LH:2
BRF:0
BRH:0
FNF:3
FNH:2
end_of_record