SF:C:\git\netdaemon\src\Client\NetDaemon.HassClient\Common\HomeAssistantClientConnector.cs
FN:17,System.Threading.Tasks.Task`1<NetDaemon.Client.IHomeAssistantConnection> NetDaemon.Client.HomeAssistantClientConnector::ConnectClientAsync(System.String,System.Int32,System.Boolean,System.String,System.Threading.CancellationToken)
FNDA:0,System.Threading.Tasks.Task`1<NetDaemon.Client.IHomeAssistantConnection> NetDaemon.Client.HomeAssistantClientConnector::ConnectClientAsync(System.String,System.Int32,System.Boolean,System.String,System.Threading.CancellationToken)
DA:18,0
DA:19,0
DA:20,0
FN:34,System.Void NetDaemon.Client.HomeAssistantClientConnector/<>c::<ConnectClientAsync>b__1_0(Microsoft.Extensions.Logging.ILoggingBuilder)
FNDA:0,System.Void NetDaemon.Client.HomeAssistantClientConnector/<>c::<ConnectClientAsync>b__1_0(Microsoft.Extensions.Logging.ILoggingBuilder)
DA:35,0
FN:33,System.Void NetDaemon.Client.HomeAssistantClientConnector/<ConnectClientAsync>d__1::MoveNext()
FNDA:0,System.Void NetDaemon.Client.HomeAssistantClientConnector/<ConnectClientAsync>d__1::MoveNext()
DA:34,0
DA:36,0
DA:37,0
DA:38,0
DA:39,0
DA:40,0
DA:41,0
DA:42,0
DA:43,0
DA:44,0
DA:45,0
DA:46,0
DA:47,0
DA:48,0
DA:49,0
DA:50,0
DA:51,0
DA:53,0
DA:54,0
LF:23
LH:0
BRF:0
BRH:0
FNF:3
FNH:0
end_of_record
SF:C:\git\netdaemon\src\Client\NetDaemon.HassClient\Common\Settings\Settings.cs
FN:10,System.String NetDaemon.Client.Settings.HomeAssistantSettings::get_Host()
FNDA:0,System.String NetDaemon.Client.Settings.HomeAssistantSettings::get_Host()
DA:11,0
FN:15,System.Int32 NetDaemon.Client.Settings.HomeAssistantSettings::get_Port()
FNDA:0,System.Int32 NetDaemon.Client.Settings.HomeAssistantSettings::get_Port()
DA:16,0
FN:20,System.Boolean NetDaemon.Client.Settings.HomeAssistantSettings::get_Ssl()
FNDA:0,System.Boolean NetDaemon.Client.Settings.HomeAssistantSettings::get_Ssl()
DA:21,0
FN:25,System.String NetDaemon.Client.Settings.HomeAssistantSettings::get_Token()
FNDA:0,System.String NetDaemon.Client.Settings.HomeAssistantSettings::get_Token()
DA:26,0
FN:34,System.Boolean NetDaemon.Client.Settings.HomeAssistantSettings::get_InsecureBypassCertificateErrors()
FNDA:0,System.Boolean NetDaemon.Client.Settings.HomeAssistantSettings::get_InsecureBypassCertificateErrors()
DA:35,0
FN:39,System.String NetDaemon.Client.Settings.HomeAssistantSettings::get_WebsocketPath()
FNDA:0,System.String NetDaemon.Client.Settings.HomeAssistantSettings::get_WebsocketPath()
DA:40,0
LF:6
LH:0
BRF:0
BRH:0
FNF:6
FNH:0
end_of_record
SF:C:\git\netdaemon\src\Client\NetDaemon.HassClient\Common\HomeAssistant\Model\CommandMessage.cs
FN:4,System.Int32 NetDaemon.Client.HomeAssistant.Model.CommandMessage::get_Id()
FNDA:0,System.Int32 NetDaemon.Client.HomeAssistant.Model.CommandMessage::get_Id()
DA:5,0
LF:1
LH:0
BRF:0
BRH:0
FNF:1
FNH:0
end_of_record
SF:C:\git\netdaemon\src\Client\NetDaemon.HassClient\Common\HomeAssistant\Model\HassArea.cs
FN:4,System.String NetDaemon.Client.HomeAssistant.Model.HassArea::get_Name()
FNDA:10,System.String NetDaemon.Client.HomeAssistant.Model.HassArea::get_Name()
DA:5,10
FN:6,System.String NetDaemon.Client.HomeAssistant.Model.HassArea::get_Id()
FNDA:14,System.String NetDaemon.Client.HomeAssistant.Model.HassArea::get_Id()
DA:7,14
LF:2
LH:2
BRF:0
BRH:0
FNF:2
FNH:2
end_of_record
SF:C:\git\netdaemon\src\Client\NetDaemon.HassClient\Common\HomeAssistant\Model\HassConfig.cs
FN:4,System.Collections.Generic.IReadOnlyCollection`1<System.String> NetDaemon.Client.HomeAssistant.Model.HassConfig::get_Components()
FNDA:0,System.Collections.Generic.IReadOnlyCollection`1<System.String> NetDaemon.Client.HomeAssistant.Model.HassConfig::get_Components()
DA:5,0
FN:6,System.String NetDaemon.Client.HomeAssistant.Model.HassConfig::get_ConfigDir()
FNDA:0,System.String NetDaemon.Client.HomeAssistant.Model.HassConfig::get_ConfigDir()
DA:7,0
FN:8,System.Nullable`1<System.Int32> NetDaemon.Client.HomeAssistant.Model.HassConfig::get_Elevation()
FNDA:0,System.Nullable`1<System.Int32> NetDaemon.Client.HomeAssistant.Model.HassConfig::get_Elevation()
DA:9,0
FN:10,System.Nullable`1<System.Single> NetDaemon.Client.HomeAssistant.Model.HassConfig::get_Latitude()
FNDA:0,System.Nullable`1<System.Single> NetDaemon.Client.HomeAssistant.Model.HassConfig::get_Latitude()
DA:11,0
FN:12,System.String NetDaemon.Client.HomeAssistant.Model.HassConfig::get_LocationName()
FNDA:0,System.String NetDaemon.Client.HomeAssistant.Model.HassConfig::get_LocationName()
DA:13,0
FN:14,System.Nullable`1<System.Single> NetDaemon.Client.HomeAssistant.Model.HassConfig::get_Longitude()
FNDA:0,System.Nullable`1<System.Single> NetDaemon.Client.HomeAssistant.Model.HassConfig::get_Longitude()
DA:15,0
FN:16,System.String NetDaemon.Client.HomeAssistant.Model.HassConfig::get_TimeZone()
FNDA:0,System.String NetDaemon.Client.HomeAssistant.Model.HassConfig::get_TimeZone()
DA:17,0
FN:18,NetDaemon.Client.HomeAssistant.Model.HassUnitSystem NetDaemon.Client.HomeAssistant.Model.HassConfig::get_UnitSystem()
FNDA:0,NetDaemon.Client.HomeAssistant.Model.HassUnitSystem NetDaemon.Client.HomeAssistant.Model.HassConfig::get_UnitSystem()
DA:19,0
FN:20,System.String NetDaemon.Client.HomeAssistant.Model.HassConfig::get_Version()
FNDA:0,System.String NetDaemon.Client.HomeAssistant.Model.HassConfig::get_Version()
DA:21,0
FN:22,System.String NetDaemon.Client.HomeAssistant.Model.HassConfig::get_State()
FNDA:0,System.String NetDaemon.Client.HomeAssistant.Model.HassConfig::get_State()
DA:23,0
FN:25,System.Collections.Generic.IReadOnlyCollection`1<System.String> NetDaemon.Client.HomeAssistant.Model.HassConfig::get_WhitelistExternalDirs()
FNDA:0,System.Collections.Generic.IReadOnlyCollection`1<System.String> NetDaemon.Client.HomeAssistant.Model.HassConfig::get_WhitelistExternalDirs()
DA:26,0
LF:11
LH:0
BRF:0
BRH:0
FNF:11
FNH:0
end_of_record
SF:C:\git\netdaemon\src\Client\NetDaemon.HassClient\Common\HomeAssistant\Model\HassContext.cs
FN:4,System.String NetDaemon.Client.HomeAssistant.Model.HassContext::get_Id()
FNDA:0,System.String NetDaemon.Client.HomeAssistant.Model.HassContext::get_Id()
DA:5,0
FN:6,System.String NetDaemon.Client.HomeAssistant.Model.HassContext::get_ParentId()
FNDA:0,System.String NetDaemon.Client.HomeAssistant.Model.HassContext::get_ParentId()
DA:7,0
FN:8,System.String NetDaemon.Client.HomeAssistant.Model.HassContext::get_UserId()
FNDA:0,System.String NetDaemon.Client.HomeAssistant.Model.HassContext::get_UserId()
DA:9,0
LF:3
LH:0
BRF:0
BRH:0
FNF:3
FNH:0
end_of_record
SF:C:\git\netdaemon\src\Client\NetDaemon.HassClient\Common\HomeAssistant\Model\HassDevice.cs
FN:4,System.String NetDaemon.Client.HomeAssistant.Model.HassDevice::get_Manufacturer()
FNDA:0,System.String NetDaemon.Client.HomeAssistant.Model.HassDevice::get_Manufacturer()
DA:5,0
FN:8,System.String NetDaemon.Client.HomeAssistant.Model.HassDevice::get_Model()
FNDA:0,System.String NetDaemon.Client.HomeAssistant.Model.HassDevice::get_Model()
DA:9,0
FN:10,System.String NetDaemon.Client.HomeAssistant.Model.HassDevice::get_Id()
FNDA:4,System.String NetDaemon.Client.HomeAssistant.Model.HassDevice::get_Id()
DA:11,4
FN:12,System.String NetDaemon.Client.HomeAssistant.Model.HassDevice::get_AreaId()
FNDA:2,System.String NetDaemon.Client.HomeAssistant.Model.HassDevice::get_AreaId()
DA:13,2
FN:15,System.String NetDaemon.Client.HomeAssistant.Model.HassDevice::get_Name()
FNDA:0,System.String NetDaemon.Client.HomeAssistant.Model.HassDevice::get_Name()
DA:16,0
FN:17,System.String NetDaemon.Client.HomeAssistant.Model.HassDevice::get_NameByUser()
FNDA:0,System.String NetDaemon.Client.HomeAssistant.Model.HassDevice::get_NameByUser()
DA:18,0
LF:6
LH:2
BRF:0
BRH:0
FNF:6
FNH:2
end_of_record
SF:C:\git\netdaemon\src\Client\NetDaemon.HassClient\Common\HomeAssistant\Model\HassEntity.cs
FN:4,System.String NetDaemon.Client.HomeAssistant.Model.HassEntity::get_DeviceId()
FNDA:1,System.String NetDaemon.Client.HomeAssistant.Model.HassEntity::get_DeviceId()
DA:5,1
FN:6,System.String NetDaemon.Client.HomeAssistant.Model.HassEntity::get_EntityId()
FNDA:10,System.String NetDaemon.Client.HomeAssistant.Model.HassEntity::get_EntityId()
DA:7,10
FN:8,System.String NetDaemon.Client.HomeAssistant.Model.HassEntity::get_AreaId()
FNDA:15,System.String NetDaemon.Client.HomeAssistant.Model.HassEntity::get_AreaId()
DA:9,15
FN:10,System.String NetDaemon.Client.HomeAssistant.Model.HassEntity::get_Name()
FNDA:0,System.String NetDaemon.Client.HomeAssistant.Model.HassEntity::get_Name()
DA:11,0
FN:12,System.String NetDaemon.Client.HomeAssistant.Model.HassEntity::get_Icon()
FNDA:0,System.String NetDaemon.Client.HomeAssistant.Model.HassEntity::get_Icon()
DA:13,0
FN:14,System.String NetDaemon.Client.HomeAssistant.Model.HassEntity::get_Platform()
FNDA:0,System.String NetDaemon.Client.HomeAssistant.Model.HassEntity::get_Platform()
DA:15,0
LF:6
LH:3
BRF:0
BRH:0
FNF:6
FNH:3
end_of_record
SF:C:\git\netdaemon\src\Client\NetDaemon.HassClient\Common\HomeAssistant\Model\HassError.cs
FN:4,System.Object NetDaemon.Client.HomeAssistant.Model.HassError::get_Code()
FNDA:0,System.Object NetDaemon.Client.HomeAssistant.Model.HassError::get_Code()
DA:5,0
FN:6,System.String NetDaemon.Client.HomeAssistant.Model.HassError::get_Message()
FNDA:0,System.String NetDaemon.Client.HomeAssistant.Model.HassError::get_Message()
DA:7,0
LF:2
LH:0
BRF:0
BRH:0
FNF:2
FNH:0
end_of_record
SF:C:\git\netdaemon\src\Client\NetDaemon.HassClient\Common\HomeAssistant\Model\HassEvent.cs
FN:4,System.Nullable`1<System.Text.Json.JsonElement> NetDaemon.Client.HomeAssistant.Model.HassEvent::get_DataElement()
FNDA:20,System.Nullable`1<System.Text.Json.JsonElement> NetDaemon.Client.HomeAssistant.Model.HassEvent::get_DataElement()
DA:5,20
FN:6,System.String NetDaemon.Client.HomeAssistant.Model.HassEvent::get_EventType()
FNDA:43,System.String NetDaemon.Client.HomeAssistant.Model.HassEvent::get_EventType()
DA:7,43
FN:8,System.String NetDaemon.Client.HomeAssistant.Model.HassEvent::get_Origin()
FNDA:23,System.String NetDaemon.Client.HomeAssistant.Model.HassEvent::get_Origin()
DA:9,23
FN:10,System.Nullable`1<System.DateTime> NetDaemon.Client.HomeAssistant.Model.HassEvent::get_TimeFired()
FNDA:12,System.Nullable`1<System.DateTime> NetDaemon.Client.HomeAssistant.Model.HassEvent::get_TimeFired()
DA:11,12
LF:4
LH:4
BRF:0
BRH:0
FNF:4
FNH:4
end_of_record
SF:C:\git\netdaemon\src\Client\NetDaemon.HassClient\Common\HomeAssistant\Model\HassMessageBase.cs
FN:4,System.String NetDaemon.Client.HomeAssistant.Model.HassMessageBase::get_Type()
FNDA:96,System.String NetDaemon.Client.HomeAssistant.Model.HassMessageBase::get_Type()
DA:5,96
LF:1
LH:1
BRF:0
BRH:0
FNF:1
FNH:1
end_of_record
SF:C:\git\netdaemon\src\Client\NetDaemon.HassClient\Common\HomeAssistant\Model\HassServiceEventData.cs
FN:4,System.String NetDaemon.Client.HomeAssistant.Model.HassServiceEventData::get_Domain()
FNDA:0,System.String NetDaemon.Client.HomeAssistant.Model.HassServiceEventData::get_Domain()
DA:5,0
FN:6,System.String NetDaemon.Client.HomeAssistant.Model.HassServiceEventData::get_Service()
FNDA:0,System.String NetDaemon.Client.HomeAssistant.Model.HassServiceEventData::get_Service()
DA:7,0
FN:8,System.Nullable`1<System.Text.Json.JsonElement> NetDaemon.Client.HomeAssistant.Model.HassServiceEventData::get_ServiceDataElement()
FNDA:0,System.Nullable`1<System.Text.Json.JsonElement> NetDaemon.Client.HomeAssistant.Model.HassServiceEventData::get_ServiceDataElement()
DA:9,0
LF:3
LH:0
BRF:0
BRH:0
FNF:3
FNH:0
end_of_record
SF:C:\git\netdaemon\src\Client\NetDaemon.HassClient\Common\HomeAssistant\Model\HassState.cs
FN:4,System.Nullable`1<System.Text.Json.JsonElement> NetDaemon.Client.HomeAssistant.Model.HassState::get_AttributesJson()
FNDA:65,System.Nullable`1<System.Text.Json.JsonElement> NetDaemon.Client.HomeAssistant.Model.HassState::get_AttributesJson()
DA:5,65
FN:8,System.Collections.Generic.IReadOnlyDictionary`2<System.String,System.Object> NetDaemon.Client.HomeAssistant.Model.HassState::get_Attributes()
FNDA:6,System.Collections.Generic.IReadOnlyDictionary`2<System.String,System.Object> NetDaemon.Client.HomeAssistant.Model.HassState::get_Attributes()
DA:9,6
BRDA:9,15,0,5
BRDA:9,15,1,1
BRDA:9,33,0,5
BRDA:9,33,1,6
FN:9,System.Void modreq(System.Runtime.CompilerServices.IsExternalInit) NetDaemon.Client.HomeAssistant.Model.HassState::set_Attributes(System.Collections.Generic.IReadOnlyDictionary`2<System.String,System.Object>)
FNDA:4,System.Void modreq(System.Runtime.CompilerServices.IsExternalInit) NetDaemon.Client.HomeAssistant.Model.HassState::set_Attributes(System.Collections.Generic.IReadOnlyDictionary`2<System.String,System.Object>)
DA:10,4
FN:12,System.String NetDaemon.Client.HomeAssistant.Model.HassState::get_EntityId()
FNDA:149,System.String NetDaemon.Client.HomeAssistant.Model.HassState::get_EntityId()
DA:13,149
FN:14,System.DateTime NetDaemon.Client.HomeAssistant.Model.HassState::get_LastChanged()
FNDA:43,System.DateTime NetDaemon.Client.HomeAssistant.Model.HassState::get_LastChanged()
DA:15,43
FN:15,System.DateTime NetDaemon.Client.HomeAssistant.Model.HassState::get_LastUpdated()
FNDA:43,System.DateTime NetDaemon.Client.HomeAssistant.Model.HassState::get_LastUpdated()
DA:16,43
FN:16,System.String NetDaemon.Client.HomeAssistant.Model.HassState::get_State()
FNDA:56,System.String NetDaemon.Client.HomeAssistant.Model.HassState::get_State()
DA:17,56
FN:17,NetDaemon.Client.HomeAssistant.Model.HassContext NetDaemon.Client.HomeAssistant.Model.HassState::get_Context()
FNDA:13,NetDaemon.Client.HomeAssistant.Model.HassContext NetDaemon.Client.HomeAssistant.Model.HassState::get_Context()
DA:18,13
FN:20,T NetDaemon.Client.HomeAssistant.Model.HassState::AttributesAs()
FNDA:14,T NetDaemon.Client.HomeAssistant.Model.HassState::AttributesAs()
DA:21,14
DA:22,14
DA:23,14
BRDA:22,15,0,7
BRDA:22,15,1,7
LF:11
LH:11
BRF:6
BRH:6
FNF:9
FNH:9
end_of_record
SF:C:\git\netdaemon\src\Client\NetDaemon.HassClient\Common\HomeAssistant\Model\HassStateChangedEventData.cs
FN:4,System.String NetDaemon.Client.HomeAssistant.Model.HassStateChangedEventData::get_EntityId()
FNDA:21,System.String NetDaemon.Client.HomeAssistant.Model.HassStateChangedEventData::get_EntityId()
DA:5,21
FN:6,NetDaemon.Client.HomeAssistant.Model.HassState NetDaemon.Client.HomeAssistant.Model.HassStateChangedEventData::get_NewState()
FNDA:14,NetDaemon.Client.HomeAssistant.Model.HassState NetDaemon.Client.HomeAssistant.Model.HassStateChangedEventData::get_NewState()
DA:7,14
FN:8,NetDaemon.Client.HomeAssistant.Model.HassState NetDaemon.Client.HomeAssistant.Model.HassStateChangedEventData::get_OldState()
FNDA:11,NetDaemon.Client.HomeAssistant.Model.HassState NetDaemon.Client.HomeAssistant.Model.HassStateChangedEventData::get_OldState()
DA:9,11
LF:3
LH:3
BRF:0
BRH:0
FNF:3
FNH:3
end_of_record
SF:C:\git\netdaemon\src\Client\NetDaemon.HassClient\Common\HomeAssistant\Model\HassUnitSystem.cs
FN:4,System.String NetDaemon.Client.HomeAssistant.Model.HassUnitSystem::get_Length()
FNDA:0,System.String NetDaemon.Client.HomeAssistant.Model.HassUnitSystem::get_Length()
DA:5,0
FN:6,System.String NetDaemon.Client.HomeAssistant.Model.HassUnitSystem::get_Mass()
FNDA:0,System.String NetDaemon.Client.HomeAssistant.Model.HassUnitSystem::get_Mass()
DA:7,0
FN:8,System.String NetDaemon.Client.HomeAssistant.Model.HassUnitSystem::get_Temperature()
FNDA:0,System.String NetDaemon.Client.HomeAssistant.Model.HassUnitSystem::get_Temperature()
DA:9,0
FN:10,System.String NetDaemon.Client.HomeAssistant.Model.HassUnitSystem::get_Volume()
FNDA:0,System.String NetDaemon.Client.HomeAssistant.Model.HassUnitSystem::get_Volume()
DA:11,0
LF:4
LH:0
BRF:0
BRH:0
FNF:4
FNH:0
end_of_record
SF:C:\git\netdaemon\src\Client\NetDaemon.HassClient\Common\HomeAssistant\Model\Targets.cs
FN:11,System.Collections.Generic.IReadOnlyCollection`1<System.String> NetDaemon.Client.HomeAssistant.Model.HassTarget::get_EntityIds()
FNDA:3,System.Collections.Generic.IReadOnlyCollection`1<System.String> NetDaemon.Client.HomeAssistant.Model.HassTarget::get_EntityIds()
DA:12,3
FN:17,System.Collections.Generic.IReadOnlyCollection`1<System.String> NetDaemon.Client.HomeAssistant.Model.HassTarget::get_DeviceIds()
FNDA:2,System.Collections.Generic.IReadOnlyCollection`1<System.String> NetDaemon.Client.HomeAssistant.Model.HassTarget::get_DeviceIds()
DA:18,2
FN:23,System.Collections.Generic.IReadOnlyCollection`1<System.String> NetDaemon.Client.HomeAssistant.Model.HassTarget::get_AreaIds()
FNDA:2,System.Collections.Generic.IReadOnlyCollection`1<System.String> NetDaemon.Client.HomeAssistant.Model.HassTarget::get_AreaIds()
DA:24,2
LF:3
LH:3
BRF:0
BRH:0
FNF:3
FNH:3
end_of_record
SF:C:\git\netdaemon\src\Client\NetDaemon.HassClient\Common\HomeAssistant\Extensions\HassEventExtensions.cs
FN:13,NetDaemon.Client.HomeAssistant.Model.HassStateChangedEventData NetDaemon.Client.HomeAssistant.Extensions.HassEventExtensions::ToStateChangedEvent(NetDaemon.Client.HomeAssistant.Model.HassEvent)
FNDA:5,NetDaemon.Client.HomeAssistant.Model.HassStateChangedEventData NetDaemon.Client.HomeAssistant.Extensions.HassEventExtensions::ToStateChangedEvent(NetDaemon.Client.HomeAssistant.Model.HassEvent)
DA:14,5
DA:15,5
DA:16,5
DA:17,5
DA:18,5
BRDA:15,15,0,0
BRDA:15,15,1,5
FN:25,NetDaemon.Client.HomeAssistant.Model.HassServiceEventData NetDaemon.Client.HomeAssistant.Extensions.HassEventExtensions::ToCallServiceEvent(NetDaemon.Client.HomeAssistant.Model.HassEvent)
FNDA:0,NetDaemon.Client.HomeAssistant.Model.HassServiceEventData NetDaemon.Client.HomeAssistant.Extensions.HassEventExtensions::ToCallServiceEvent(NetDaemon.Client.HomeAssistant.Model.HassEvent)
DA:26,0
DA:27,0
DA:28,0
DA:29,0
DA:30,0
BRDA:27,15,0,0
BRDA:27,15,1,0
LF:10
LH:5
BRF:4
BRH:1
FNF:2
FNH:1
end_of_record
SF:C:\git\netdaemon\src\Client\NetDaemon.HassClient\Common\HomeAssistant\Extensions\HomeAssistantApiManagerExtensions.cs
FN:32,System.Void NetDaemon.Client.HomeAssistant.Extensions.HomeAssistantApiManagerExtensions/<GetEntityStateAsync>d__1::MoveNext()
FNDA:0,System.Void NetDaemon.Client.HomeAssistant.Extensions.HomeAssistantApiManagerExtensions/<GetEntityStateAsync>d__1::MoveNext()
DA:33,0
DA:34,0
DA:36,0
DA:37,0
FN:18,System.Void NetDaemon.Client.HomeAssistant.Extensions.HomeAssistantApiManagerExtensions/<SendEventAsync>d__0::MoveNext()
FNDA:1,System.Void NetDaemon.Client.HomeAssistant.Extensions.HomeAssistantApiManagerExtensions/<SendEventAsync>d__0::MoveNext()
DA:19,1
DA:20,1
DA:22,1
DA:23,1
FN:53,System.Void NetDaemon.Client.HomeAssistant.Extensions.HomeAssistantApiManagerExtensions/<SetEntityStateAsync>d__2::MoveNext()
FNDA:0,System.Void NetDaemon.Client.HomeAssistant.Extensions.HomeAssistantApiManagerExtensions/<SetEntityStateAsync>d__2::MoveNext()
DA:54,0
DA:55,0
DA:57,0
DA:58,0
DA:59,0
DA:60,0
DA:61,0
DA:62,0
LF:16
LH:4
BRF:0
BRH:0
FNF:3
FNH:1
end_of_record
SF:C:\git\netdaemon\src\Client\NetDaemon.HassClient\Common\HomeAssistant\Extensions\IHomeAssistantConnectionExtensions.cs
FN:131,System.Boolean NetDaemon.Client.HomeAssistant.Extensions.HomeAssistantConnectionExtensions/<>c::<PingAsync>b__7_0(NetDaemon.Client.Internal.HomeAssistant.Commands.HassMessage)
FNDA:0,System.Boolean NetDaemon.Client.HomeAssistant.Extensions.HomeAssistantConnectionExtensions/<>c::<PingAsync>b__7_0(NetDaemon.Client.Internal.HomeAssistant.Commands.HassMessage)
DA:132,0
FN:103,System.Void NetDaemon.Client.HomeAssistant.Extensions.HomeAssistantConnectionExtensions/<CallServiceAsync>d__6::MoveNext()
FNDA:2,System.Void NetDaemon.Client.HomeAssistant.Extensions.HomeAssistantConnectionExtensions/<CallServiceAsync>d__6::MoveNext()
DA:104,2
DA:105,2
DA:106,2
DA:107,2
DA:108,2
DA:109,2
DA:110,2
DA:111,2
DA:112,2
DA:113,2
DA:114,2
DA:115,2
DA:116,2
BRDA:105,95,0,0
BRDA:105,95,1,2
FN:40,System.Void NetDaemon.Client.HomeAssistant.Extensions.HomeAssistantConnectionExtensions/<GetAreasAsync>d__2::MoveNext()
FNDA:12,System.Void NetDaemon.Client.HomeAssistant.Extensions.HomeAssistantConnectionExtensions/<GetAreasAsync>d__2::MoveNext()
DA:41,12
DA:42,12
DA:43,12
DA:44,12
DA:45,12
FN:79,System.Void NetDaemon.Client.HomeAssistant.Extensions.HomeAssistantConnectionExtensions/<GetConfigAsync>d__5::MoveNext()
FNDA:0,System.Void NetDaemon.Client.HomeAssistant.Extensions.HomeAssistantConnectionExtensions/<GetConfigAsync>d__5::MoveNext()
DA:80,0
DA:81,0
DA:82,0
DA:83,0
DA:84,0
DA:85,0
BRDA:81,151,0,0
BRDA:81,151,1,0
FN:53,System.Void NetDaemon.Client.HomeAssistant.Extensions.HomeAssistantConnectionExtensions/<GetDevicesAsync>d__3::MoveNext()
FNDA:12,System.Void NetDaemon.Client.HomeAssistant.Extensions.HomeAssistantConnectionExtensions/<GetDevicesAsync>d__3::MoveNext()
DA:54,12
DA:55,12
DA:56,12
DA:57,12
DA:58,12
FN:66,System.Void NetDaemon.Client.HomeAssistant.Extensions.HomeAssistantConnectionExtensions/<GetEntitiesAsync>d__4::MoveNext()
FNDA:12,System.Void NetDaemon.Client.HomeAssistant.Extensions.HomeAssistantConnectionExtensions/<GetEntitiesAsync>d__4::MoveNext()
DA:67,12
DA:68,12
DA:69,12
DA:70,12
DA:71,12
FN:27,System.Void NetDaemon.Client.HomeAssistant.Extensions.HomeAssistantConnectionExtensions/<GetServicesAsync>d__1::MoveNext()
FNDA:0,System.Void NetDaemon.Client.HomeAssistant.Extensions.HomeAssistantConnectionExtensions/<GetServicesAsync>d__1::MoveNext()
DA:28,0
DA:29,0
DA:30,0
DA:31,0
DA:32,0
FN:14,System.Void NetDaemon.Client.HomeAssistant.Extensions.HomeAssistantConnectionExtensions/<GetStatesAsync>d__0::MoveNext()
FNDA:9,System.Void NetDaemon.Client.HomeAssistant.Extensions.HomeAssistantConnectionExtensions/<GetStatesAsync>d__0::MoveNext()
DA:15,9
DA:16,9
DA:17,9
DA:18,9
DA:19,9
FN:125,System.Void NetDaemon.Client.HomeAssistant.Extensions.HomeAssistantConnectionExtensions/<PingAsync>d__7::MoveNext()
FNDA:0,System.Void NetDaemon.Client.HomeAssistant.Extensions.HomeAssistantConnectionExtensions/<PingAsync>d__7::MoveNext()
DA:126,0
DA:127,0
DA:128,0
DA:130,0
DA:131,0
DA:133,0
DA:134,0
DA:135,0
DA:137,0
DA:138,0
DA:139,0
DA:141,0
DA:142,0
DA:143,0
DA:144,0
DA:145,0
DA:148,0
DA:149,0
BRDA:127,29,0,0
BRDA:127,29,1,0
LF:63
LH:33
BRF:6
BRH:1
FNF:9
FNH:5
end_of_record
SF:C:\git\netdaemon\src\Client\NetDaemon.HassClient\Common\Extensions\ServiceCollectionExtension.cs
FN:12,Microsoft.Extensions.DependencyInjection.IServiceCollection NetDaemon.Client.Extensions.ServiceCollectionExtensions::AddHomeAssistantClient(Microsoft.Extensions.DependencyInjection.IServiceCollection)
FNDA:0,Microsoft.Extensions.DependencyInjection.IServiceCollection NetDaemon.Client.Extensions.ServiceCollectionExtensions::AddHomeAssistantClient(Microsoft.Extensions.DependencyInjection.IServiceCollection)
DA:13,0
DA:14,0
DA:15,0
DA:16,0
DA:17,0
DA:18,0
DA:19,0
DA:20,0
DA:21,0
DA:22,0
DA:23,0
DA:24,0
DA:25,0
DA:26,0
DA:27,0
FN:29,Microsoft.Extensions.DependencyInjection.IServiceCollection NetDaemon.Client.Extensions.ServiceCollectionExtensions::AddWebSocketFactory(Microsoft.Extensions.DependencyInjection.IServiceCollection)
FNDA:0,Microsoft.Extensions.DependencyInjection.IServiceCollection NetDaemon.Client.Extensions.ServiceCollectionExtensions::AddWebSocketFactory(Microsoft.Extensions.DependencyInjection.IServiceCollection)
DA:30,0
DA:31,0
DA:32,0
DA:33,0
DA:34,0
FN:36,Microsoft.Extensions.DependencyInjection.IServiceCollection NetDaemon.Client.Extensions.ServiceCollectionExtensions::AddPipelineFactory(Microsoft.Extensions.DependencyInjection.IServiceCollection)
FNDA:0,Microsoft.Extensions.DependencyInjection.IServiceCollection NetDaemon.Client.Extensions.ServiceCollectionExtensions::AddPipelineFactory(Microsoft.Extensions.DependencyInjection.IServiceCollection)
DA:37,0
DA:38,0
DA:39,0
DA:40,0
DA:41,0
DA:42,0
FN:44,Microsoft.Extensions.DependencyInjection.IServiceCollection NetDaemon.Client.Extensions.ServiceCollectionExtensions::AddConnectionFactory(Microsoft.Extensions.DependencyInjection.IServiceCollection)
FNDA:0,Microsoft.Extensions.DependencyInjection.IServiceCollection NetDaemon.Client.Extensions.ServiceCollectionExtensions::AddConnectionFactory(Microsoft.Extensions.DependencyInjection.IServiceCollection)
DA:45,0
DA:46,0
DA:47,0
DA:48,0
DA:49,0
DA:50,0
FN:52,Microsoft.Extensions.DependencyInjection.IServiceCollection NetDaemon.Client.Extensions.ServiceCollectionExtensions::AddHttpClientAndFactory(Microsoft.Extensions.DependencyInjection.IServiceCollection)
FNDA:0,Microsoft.Extensions.DependencyInjection.IServiceCollection NetDaemon.Client.Extensions.ServiceCollectionExtensions::AddHttpClientAndFactory(Microsoft.Extensions.DependencyInjection.IServiceCollection)
DA:53,0
DA:54,0
DA:55,0
DA:56,0
DA:57,0
DA:58,0
BRDA:55,51,0,0
BRDA:55,51,1,0
FN:60,System.Net.Http.HttpMessageHandler NetDaemon.Client.Extensions.ServiceCollectionExtensions::ConfigureHttpMessageHandler(System.IServiceProvider)
FNDA:0,System.Net.Http.HttpMessageHandler NetDaemon.Client.Extensions.ServiceCollectionExtensions::ConfigureHttpMessageHandler(System.IServiceProvider)
DA:61,0
DA:62,0
DA:63,0
DA:64,0
BRDA:63,10,0,0
BRDA:63,10,1,0
LF:42
LH:0
BRF:4
BRH:0
FNF:6
FNH:0
end_of_record
SF:C:\git\netdaemon\src\Client\NetDaemon.HassClient\Common\Exceptions\HomeAssistantConnectionException.cs
FN:13,NetDaemon.Client.DisconnectReason NetDaemon.Client.Exceptions.HomeAssistantConnectionException::get_Reason()
FNDA:0,NetDaemon.Client.DisconnectReason NetDaemon.Client.Exceptions.HomeAssistantConnectionException::get_Reason()
DA:14,0
FN:7,System.Void NetDaemon.Client.Exceptions.HomeAssistantConnectionException::.ctor(NetDaemon.Client.DisconnectReason)
FNDA:0,System.Void NetDaemon.Client.Exceptions.HomeAssistantConnectionException::.ctor(NetDaemon.Client.DisconnectReason)
DA:8,0
DA:9,0
DA:10,0
DA:11,0
DA:12,0
LF:6
LH:0
BRF:0
BRH:0
FNF:2
FNH:0
end_of_record
SF:C:\git\netdaemon\src\Client\NetDaemon.HassClient\Internal\HomeAssistantApiManager.cs
FN:69,System.Void NetDaemon.Client.Internal.HomeAssistantApiManager::InitializeHttpClientWithAuthorizationHeaders(System.String)
FNDA:0,System.Void NetDaemon.Client.Internal.HomeAssistantApiManager::InitializeHttpClientWithAuthorizationHeaders(System.String)
DA:70,0
DA:71,0
DA:72,0
DA:73,0
DA:74,0
FN:76,System.String NetDaemon.Client.Internal.HomeAssistantApiManager::GetApiUrl(NetDaemon.Client.Settings.HomeAssistantSettings)
FNDA:0,System.String NetDaemon.Client.Internal.HomeAssistantApiManager::GetApiUrl(NetDaemon.Client.Settings.HomeAssistantSettings)
DA:77,0
DA:78,0
DA:80,0
DA:82,0
DA:83,0
DA:84,0
BRDA:78,19,0,0
BRDA:78,19,1,0
BRDA:82,35,0,0
BRDA:82,35,1,0
FN:11,System.Void NetDaemon.Client.Internal.HomeAssistantApiManager::.ctor(Microsoft.Extensions.Options.IOptions`1<NetDaemon.Client.Settings.HomeAssistantSettings>,System.Net.Http.HttpClient)
FNDA:0,System.Void NetDaemon.Client.Internal.HomeAssistantApiManager::.ctor(Microsoft.Extensions.Options.IOptions`1<NetDaemon.Client.Settings.HomeAssistantSettings>,System.Net.Http.HttpClient)
DA:12,0
DA:13,0
DA:14,0
DA:15,0
DA:16,0
DA:20,0
DA:21,0
DA:22,0
DA:23,0
DA:24,0
DA:25,0
DA:26,0
DA:27,0
DA:28,0
FN:31,System.Void NetDaemon.Client.Internal.HomeAssistantApiManager/<GetApiCallAsync>d__4`1::MoveNext()
FNDA:0,System.Void NetDaemon.Client.Internal.HomeAssistantApiManager/<GetApiCallAsync>d__4`1::MoveNext()
DA:32,0
DA:33,0
DA:35,0
DA:36,0
DA:37,0
DA:38,0
DA:39,0
DA:40,0
DA:41,0
DA:44,0
DA:45,0
DA:46,0
BRDA:37,248,0,0
BRDA:37,248,1,0
FN:48,System.Void NetDaemon.Client.Internal.HomeAssistantApiManager/<PostApiCallAsync>d__5`1::MoveNext()
FNDA:0,System.Void NetDaemon.Client.Internal.HomeAssistantApiManager/<PostApiCallAsync>d__5`1::MoveNext()
DA:49,0
DA:50,0
DA:51,0
DA:53,0
DA:54,0
DA:56,0
DA:58,0
DA:59,0
DA:60,0
DA:62,0
DA:63,0
DA:64,0
DA:65,0
DA:66,0
DA:67,0
BRDA:53,71,0,0
BRDA:53,71,1,0
BRDA:56,175,0,0
BRDA:56,175,1,0
BRDA:62,389,0,0
BRDA:62,389,1,0
BRDA:63,457,0,0
BRDA:63,457,1,0
LF:52
LH:0
BRF:14
BRH:0
FNF:5
FNH:0
end_of_record
SF:C:\git\netdaemon\src\Client\NetDaemon.HassClient\Internal\HomeAssistantClient.cs
FN:24,System.Threading.Tasks.Task`1<NetDaemon.Client.IHomeAssistantConnection> NetDaemon.Client.Internal.HomeAssistantClient::ConnectAsync(System.String,System.Int32,System.Boolean,System.String,System.Threading.CancellationToken)
FNDA:0,System.Threading.Tasks.Task`1<NetDaemon.Client.IHomeAssistantConnection> NetDaemon.Client.Internal.HomeAssistantClient::ConnectAsync(System.String,System.Int32,System.Boolean,System.String,System.Threading.CancellationToken)
DA:25,0
DA:26,0
DA:27,0
FN:63,System.Uri NetDaemon.Client.Internal.HomeAssistantClient::GetHomeAssistantWebSocketUri(System.String,System.Int32,System.Boolean,System.String)
FNDA:0,System.Uri NetDaemon.Client.Internal.HomeAssistantClient::GetHomeAssistantWebSocketUri(System.String,System.Int32,System.Boolean,System.String)
DA:64,0
DA:65,0
DA:66,0
BRDA:65,13,0,0
BRDA:65,13,1,0
FN:9,System.Void NetDaemon.Client.Internal.HomeAssistantClient::.ctor(Microsoft.Extensions.Logging.ILogger`1<NetDaemon.Client.IHomeAssistantClient>,NetDaemon.Client.Internal.Net.IWebSocketClientFactory,NetDaemon.Client.Internal.Net.IWebSocketClientTransportPipelineFactory,NetDaemon.Client.Internal.IHomeAssistantConnectionFactory)
FNDA:0,System.Void NetDaemon.Client.Internal.HomeAssistantClient::.ctor(Microsoft.Extensions.Logging.ILogger`1<NetDaemon.Client.IHomeAssistantClient>,NetDaemon.Client.Internal.Net.IWebSocketClientFactory,NetDaemon.Client.Internal.Net.IWebSocketClientTransportPipelineFactory,NetDaemon.Client.Internal.IHomeAssistantConnectionFactory)
DA:10,0
DA:11,0
DA:12,0
DA:13,0
DA:14,0
DA:15,0
DA:16,0
DA:17,0
DA:18,0
DA:19,0
DA:20,0
DA:21,0
FN:68,System.Void NetDaemon.Client.Internal.HomeAssistantClient/<CheckIfRunning>d__8::MoveNext()
FNDA:0,System.Void NetDaemon.Client.Internal.HomeAssistantClient/<CheckIfRunning>d__8::MoveNext()
DA:69,0
DA:70,0
DA:71,0
DA:73,0
DA:74,0
DA:75,0
DA:76,0
DA:78,0
DA:79,0
BRDA:73,189,0,0
BRDA:73,189,1,0
FN:31,System.Void NetDaemon.Client.Internal.HomeAssistantClient/<ConnectAsync>d__6::MoveNext()
FNDA:0,System.Void NetDaemon.Client.Internal.HomeAssistantClient/<ConnectAsync>d__6::MoveNext()
DA:32,0
DA:33,0
DA:34,0
DA:35,0
DA:38,0
DA:39,0
DA:41,0
DA:43,0
DA:45,0
DA:47,0
DA:48,0
DA:49,0
DA:51,0
DA:52,0
DA:53,0
DA:54,0
DA:56,0
DA:57,0
DA:58,0
DA:59,0
DA:61,0
BRDA:47,594,0,0
BRDA:47,594,1,0
FN:82,System.Void NetDaemon.Client.Internal.HomeAssistantClient/<HandleAuthorizationSequence>d__9::MoveNext()
FNDA:0,System.Void NetDaemon.Client.Internal.HomeAssistantClient/<HandleAuthorizationSequence>d__9::MoveNext()
DA:83,0
DA:84,0
DA:85,0
DA:88,0
DA:89,0
DA:90,0
DA:91,0
DA:94,0
DA:95,0
DA:96,0
DA:97,0
DA:99,0
DA:100,0
DA:102,0
DA:105,0
DA:108,0
DA:109,0
DA:112,0
DA:114,0
BRDA:90,260,0,0
BRDA:90,260,1,0
BRDA:102,631,0,0
BRDA:102,631,1,0
BRDA:102,645,1,0
BRDA:102,645,0,0
LF:67
LH:0
BRF:12
BRH:0
FNF:6
FNH:0
end_of_record
SF:C:\git\netdaemon\src\Client\NetDaemon.HassClient\Internal\HomeAssistantConnection.cs
FN:50,System.IObservable`1<NetDaemon.Client.HomeAssistant.Model.HassEvent> NetDaemon.Client.Internal.HomeAssistantConnection::get_OnHomeAssistantEvent()
FNDA:0,System.IObservable`1<NetDaemon.Client.HomeAssistant.Model.HassEvent> NetDaemon.Client.Internal.HomeAssistantConnection::get_OnHomeAssistantEvent()
DA:51,0
FN:152,System.Threading.Tasks.Task`1<T> NetDaemon.Client.Internal.HomeAssistantConnection::GetApiCallAsync(System.String,System.Threading.CancellationToken)
FNDA:0,System.Threading.Tasks.Task`1<T> NetDaemon.Client.Internal.HomeAssistantConnection::GetApiCallAsync(System.String,System.Threading.CancellationToken)
DA:153,0
DA:154,0
DA:155,0
FN:157,System.Threading.Tasks.Task`1<T> NetDaemon.Client.Internal.HomeAssistantConnection::PostApiCallAsync(System.String,System.Threading.CancellationToken,System.Object)
FNDA:0,System.Threading.Tasks.Task`1<T> NetDaemon.Client.Internal.HomeAssistantConnection::PostApiCallAsync(System.String,System.Threading.CancellationToken,System.Object)
DA:158,0
DA:159,0
DA:160,0
FN:161,System.IObservable`1<NetDaemon.Client.Internal.HomeAssistant.Commands.HassMessage> NetDaemon.Client.Internal.HomeAssistantConnection::get_OnHassMessage()
FNDA:0,System.IObservable`1<NetDaemon.Client.Internal.HomeAssistant.Commands.HassMessage> NetDaemon.Client.Internal.HomeAssistantConnection::get_OnHassMessage()
DA:162,0
FN:201,System.Threading.Tasks.Task NetDaemon.Client.Internal.HomeAssistantConnection::CloseAsync()
FNDA:0,System.Threading.Tasks.Task NetDaemon.Client.Internal.HomeAssistantConnection::CloseAsync()
DA:202,0
DA:203,0
DA:204,0
FN:10,System.Void NetDaemon.Client.Internal.HomeAssistantConnection::.ctor(Microsoft.Extensions.Logging.ILogger`1<NetDaemon.Client.IHomeAssistantConnection>,NetDaemon.Client.Internal.Net.IWebSocketClientTransportPipeline,NetDaemon.Client.IHomeAssistantApiManager)
FNDA:0,System.Void NetDaemon.Client.Internal.HomeAssistantConnection::.ctor(Microsoft.Extensions.Logging.ILogger`1<NetDaemon.Client.IHomeAssistantConnection>,NetDaemon.Client.Internal.Net.IWebSocketClientTransportPipeline,NetDaemon.Client.IHomeAssistantApiManager)
DA:11,0
DA:13,0
DA:18,0
DA:19,0
DA:30,0
DA:31,0
DA:32,0
DA:33,0
DA:34,0
DA:35,0
DA:36,0
DA:37,0
DA:38,0
DA:40,0
DA:42,0
DA:43,0
DA:44,0
DA:46,0
DA:47,0
DA:48,0
BRDA:36,53,0,0
BRDA:36,53,1,0
BRDA:42,122,0,0
BRDA:42,122,1,0
FN:77,System.Boolean NetDaemon.Client.Internal.HomeAssistantConnection/<>c__DisplayClass14_0`1::<SendCommandAsyncInternal>b__0(NetDaemon.Client.Internal.HomeAssistant.Commands.HassMessage)
FNDA:0,System.Boolean NetDaemon.Client.Internal.HomeAssistantConnection/<>c__DisplayClass14_0`1::<SendCommandAsyncInternal>b__0(NetDaemon.Client.Internal.HomeAssistant.Commands.HassMessage)
DA:78,0
BRDA:78,16,0,0
BRDA:78,16,1,0
FN:128,System.Void NetDaemon.Client.Internal.HomeAssistantConnection/<DisposeAsync>d__18::MoveNext()
FNDA:0,System.Void NetDaemon.Client.Internal.HomeAssistantConnection/<DisposeAsync>d__18::MoveNext()
DA:129,0
DA:131,0
DA:132,0
DA:133,0
DA:134,0
DA:135,0
DA:136,0
DA:137,0
DA:139,0
DA:140,0
DA:143,0
DA:144,0
DA:145,0
DA:146,0
DA:148,0
DA:149,0
DA:150,0
BRDA:139,232,0,0
BRDA:139,232,1,0
FN:170,System.Void NetDaemon.Client.Internal.HomeAssistantConnection/<HandleNewMessages>d__24::MoveNext()
FNDA:0,System.Void NetDaemon.Client.Internal.HomeAssistantConnection/<HandleNewMessages>d__24::MoveNext()
DA:171,0
DA:173,0
DA:174,0
DA:175,0
DA:176,0
DA:177,0
DA:179,0
DA:180,0
DA:181,0
DA:182,0
DA:183,0
DA:184,0
DA:185,0
DA:186,0
DA:187,0
DA:188,0
DA:189,0
DA:191,0
DA:193,0
DA:194,0
DA:196,0
DA:197,0
DA:198,0
DA:199,0
BRDA:174,294,1,0
BRDA:174,294,0,0
BRDA:196,364,0,0
BRDA:196,364,1,0
FN:53,System.Void NetDaemon.Client.Internal.HomeAssistantConnection/<ProcessHomeAssistantEventsAsync>d__13::MoveNext()
FNDA:0,System.Void NetDaemon.Client.Internal.HomeAssistantConnection/<ProcessHomeAssistantEventsAsync>d__13::MoveNext()
DA:54,0
DA:55,0
DA:56,0
DA:57,0
DA:58,0
DA:60,0
DA:61,0
DA:62,0
FN:98,System.Void NetDaemon.Client.Internal.HomeAssistantConnection/<SendCommandAndReturnResponseAsync>d__16`2::MoveNext()
FNDA:0,System.Void NetDaemon.Client.Internal.HomeAssistantConnection/<SendCommandAndReturnResponseAsync>d__16`2::MoveNext()
DA:99,0
DA:100,0
DA:102,0
DA:103,0
BRDA:102,178,0,0
BRDA:102,178,1,0
FN:106,System.Void NetDaemon.Client.Internal.HomeAssistantConnection/<SendCommandAndReturnResponseRawAsync>d__17`1::MoveNext()
FNDA:0,System.Void NetDaemon.Client.Internal.HomeAssistantConnection/<SendCommandAndReturnResponseRawAsync>d__17`1::MoveNext()
DA:107,0
DA:108,0
DA:110,0
DA:112,0
DA:113,0
DA:115,0
DA:119,0
DA:121,0
DA:122,0
DA:125,0
DA:126,0
BRDA:112,328,0,0
BRDA:112,328,1,0
BRDA:121,465,0,0
BRDA:121,465,1,0
FN:91,System.Void NetDaemon.Client.Internal.HomeAssistantConnection/<SendCommandAsync>d__15`1::MoveNext()
FNDA:0,System.Void NetDaemon.Client.Internal.HomeAssistantConnection/<SendCommandAsync>d__15`1::MoveNext()
DA:92,0
DA:93,0
DA:94,0
DA:95,0
FN:64,System.Void NetDaemon.Client.Internal.HomeAssistantConnection/<SendCommandAsyncInternal>d__14`1::MoveNext()
FNDA:0,System.Void NetDaemon.Client.Internal.HomeAssistantConnection/<SendCommandAsyncInternal>d__14`1::MoveNext()
DA:65,0
DA:68,0
DA:70,0
DA:73,0
DA:77,0
DA:79,0
DA:81,0
DA:83,0
DA:86,0
DA:87,0
DA:88,0
DA:89,0
FN:164,System.Void NetDaemon.Client.Internal.HomeAssistantConnection/<SubscribeToAllHomeAssistantEvents>d__23::MoveNext()
FNDA:0,System.Void NetDaemon.Client.Internal.HomeAssistantConnection/<SubscribeToAllHomeAssistantEvents>d__23::MoveNext()
DA:165,0
DA:166,0
DA:167,0
DA:168,0
LF:116
LH:0
BRF:18
BRH:0
FNF:15
FNH:0
end_of_record
SF:C:\git\netdaemon\src\Client\NetDaemon.HassClient\Internal\HomeAssistantConnectionFactory.cs
FN:17,NetDaemon.Client.IHomeAssistantConnection NetDaemon.Client.Internal.HomeAssistantConnectionFactory::New(NetDaemon.Client.Internal.Net.IWebSocketClientTransportPipeline)
FNDA:0,NetDaemon.Client.IHomeAssistantConnection NetDaemon.Client.Internal.HomeAssistantConnectionFactory::New(NetDaemon.Client.Internal.Net.IWebSocketClientTransportPipeline)
DA:18,0
DA:19,0
DA:20,0
FN:7,System.Void NetDaemon.Client.Internal.HomeAssistantConnectionFactory::.ctor(Microsoft.Extensions.Logging.ILogger`1<NetDaemon.Client.IHomeAssistantConnection>,NetDaemon.Client.IHomeAssistantApiManager)
FNDA:0,System.Void NetDaemon.Client.Internal.HomeAssistantConnectionFactory::.ctor(Microsoft.Extensions.Logging.ILogger`1<NetDaemon.Client.IHomeAssistantConnection>,NetDaemon.Client.IHomeAssistantApiManager)
DA:8,0
DA:9,0
DA:10,0
DA:11,0
DA:12,0
DA:13,0
DA:14,0
DA:15,0
LF:11
LH:0
BRF:0
BRH:0
FNF:2
FNH:0
end_of_record
SF:C:\git\netdaemon\src\Client\NetDaemon.HassClient\Internal\HomeAssistantRunner.cs
FN:26,System.IObservable`1<NetDaemon.Client.IHomeAssistantConnection> NetDaemon.Client.Internal.HomeAssistantRunner::get_OnConnect()
FNDA:0,System.IObservable`1<NetDaemon.Client.IHomeAssistantConnection> NetDaemon.Client.Internal.HomeAssistantRunner::get_OnConnect()
DA:27,0
FN:27,System.IObservable`1<NetDaemon.Client.DisconnectReason> NetDaemon.Client.Internal.HomeAssistantRunner::get_OnDisconnect()
FNDA:0,System.IObservable`1<NetDaemon.Client.DisconnectReason> NetDaemon.Client.Internal.HomeAssistantRunner::get_OnDisconnect()
DA:28,0
FN:28,NetDaemon.Client.IHomeAssistantConnection NetDaemon.Client.Internal.HomeAssistantRunner::get_CurrentConnection()
FNDA:0,NetDaemon.Client.IHomeAssistantConnection NetDaemon.Client.Internal.HomeAssistantRunner::get_CurrentConnection()
DA:29,0
FN:32,System.Threading.Tasks.Task NetDaemon.Client.Internal.HomeAssistantRunner::RunAsync(System.String,System.Int32,System.Boolean,System.String,System.TimeSpan,System.Threading.CancellationToken)
FNDA:0,System.Threading.Tasks.Task NetDaemon.Client.Internal.HomeAssistantRunner::RunAsync(System.String,System.Int32,System.Boolean,System.String,System.TimeSpan,System.Threading.CancellationToken)
DA:33,0
DA:34,0
DA:35,0
FN:36,System.Threading.Tasks.Task NetDaemon.Client.Internal.HomeAssistantRunner::RunAsync(System.String,System.Int32,System.Boolean,System.String,System.String,System.TimeSpan,System.Threading.CancellationToken)
FNDA:0,System.Threading.Tasks.Task NetDaemon.Client.Internal.HomeAssistantRunner::RunAsync(System.String,System.Int32,System.Boolean,System.String,System.String,System.TimeSpan,System.Threading.CancellationToken)
DA:37,0
DA:38,0
DA:39,0
DA:40,0
FN:8,System.Void NetDaemon.Client.Internal.HomeAssistantRunner::.ctor(NetDaemon.Client.IHomeAssistantClient,Microsoft.Extensions.Logging.ILogger`1<NetDaemon.Client.IHomeAssistantRunner>)
FNDA:0,System.Void NetDaemon.Client.Internal.HomeAssistantRunner::.ctor(NetDaemon.Client.IHomeAssistantClient,Microsoft.Extensions.Logging.ILogger`1<NetDaemon.Client.IHomeAssistantRunner>)
DA:9,0
DA:10,0
DA:12,0
DA:17,0
DA:18,0
DA:19,0
DA:20,0
DA:21,0
DA:22,0
DA:23,0
DA:24,0
FN:43,System.Void NetDaemon.Client.Internal.HomeAssistantRunner/<DisposeAsync>d__18::MoveNext()
FNDA:0,System.Void NetDaemon.Client.Internal.HomeAssistantRunner/<DisposeAsync>d__18::MoveNext()
DA:44,0
DA:45,0
DA:46,0
DA:47,0
DA:49,0
DA:51,0
DA:52,0
DA:53,0
DA:54,0
DA:55,0
DA:56,0
DA:57,0
DA:58,0
DA:60,0
DA:62,0
DA:63,0
DA:64,0
DA:65,0
DA:66,0
BRDA:45,28,0,0
BRDA:45,28,1,0
BRDA:49,64,0,0
BRDA:49,64,1,0
BRDA:49,80,0,0
BRDA:49,80,1,0
FN:69,System.Void NetDaemon.Client.Internal.HomeAssistantRunner/<InternalRunAsync>d__19::MoveNext()
FNDA:0,System.Void NetDaemon.Client.Internal.HomeAssistantRunner/<InternalRunAsync>d__19::MoveNext()
DA:70,0
DA:71,0
DA:72,0
DA:73,0
DA:74,0
DA:75,0
DA:76,0
DA:77,0
DA:79,0
DA:80,0
DA:83,0
DA:84,0
DA:85,0
DA:87,0
DA:88,0
DA:89,0
DA:90,0
DA:91,0
DA:92,0
DA:93,0
DA:96,0
DA:97,0
DA:98,0
DA:100,0
DA:101,0
DA:102,0
DA:104,0
DA:105,0
DA:106,0
DA:107,0
DA:108,0
DA:111,0
DA:114,0
DA:115,0
DA:116,0
DA:117,0
DA:118,0
DA:119,0
DA:120,0
DA:121,0
DA:122,0
DA:124,0
DA:125,0
DA:126,0
DA:129,0
DA:130,0
DA:131,0
DA:133,0
DA:134,0
DA:135,0
DA:136,0
DA:137,0
DA:139,0
DA:140,0
DA:141,0
BRDA:73,1287,1,0
BRDA:75,101,0,0
BRDA:75,101,1,0
BRDA:80,296,0,0
BRDA:80,296,1,0
BRDA:93,743,0,0
BRDA:93,750,1,0
BRDA:93,743,1,0
BRDA:93,750,0,0
BRDA:107,879,0,0
BRDA:107,879,1,0
BRDA:114,906,0,0
BRDA:114,906,1,0
BRDA:125,1031,0,0
BRDA:125,1031,1,0
BRDA:137,1206,0,0
BRDA:137,1206,1,0
BRDA:73,1287,0,0
LF:95
LH:0
BRF:24
BRH:0
FNF:8
FNH:0
end_of_record
SF:C:\git\netdaemon\src\Client\NetDaemon.HassClient\Internal\Net\WebSocketClientFactory.cs
FN:14,NetDaemon.Client.Internal.Net.IWebSocketClient NetDaemon.Client.Internal.Net.WebSocketClientFactory::New()
FNDA:0,NetDaemon.Client.Internal.Net.IWebSocketClient NetDaemon.Client.Internal.Net.WebSocketClientFactory::New()
DA:15,0
DA:16,0
DA:17,0
FN:6,System.Void NetDaemon.Client.Internal.Net.WebSocketClientFactory::.ctor(Microsoft.Extensions.Options.IOptions`1<NetDaemon.Client.Settings.HomeAssistantSettings>)
FNDA:0,System.Void NetDaemon.Client.Internal.Net.WebSocketClientFactory::.ctor(Microsoft.Extensions.Options.IOptions`1<NetDaemon.Client.Settings.HomeAssistantSettings>)
DA:7,0
DA:8,0
DA:9,0
DA:10,0
DA:11,0
DA:12,0
DA:13,0
LF:10
LH:0
BRF:0
BRH:0
FNF:2
FNH:0
end_of_record
SF:C:\git\netdaemon\src\Client\NetDaemon.HassClient\Internal\Net\WebSocketClientImpl.cs
FN:28,System.Net.WebSockets.WebSocketState NetDaemon.Client.Internal.Net.WebSocketClientImpl::get_State()
FNDA:0,System.Net.WebSockets.WebSocketState NetDaemon.Client.Internal.Net.WebSocketClientImpl::get_State()
DA:29,0
FN:30,System.Nullable`1<System.Net.WebSockets.WebSocketCloseStatus> NetDaemon.Client.Internal.Net.WebSocketClientImpl::get_CloseStatus()
FNDA:0,System.Nullable`1<System.Net.WebSockets.WebSocketCloseStatus> NetDaemon.Client.Internal.Net.WebSocketClientImpl::get_CloseStatus()
DA:31,0
FN:33,System.Threading.Tasks.Task NetDaemon.Client.Internal.Net.WebSocketClientImpl::ConnectAsync(System.Uri,System.Threading.CancellationToken)
FNDA:0,System.Threading.Tasks.Task NetDaemon.Client.Internal.Net.WebSocketClientImpl::ConnectAsync(System.Uri,System.Threading.CancellationToken)
DA:34,0
DA:35,0
DA:36,0
FN:39,System.Threading.Tasks.Task NetDaemon.Client.Internal.Net.WebSocketClientImpl::CloseAsync(System.Net.WebSockets.WebSocketCloseStatus,System.String,System.Threading.CancellationToken)
FNDA:0,System.Threading.Tasks.Task NetDaemon.Client.Internal.Net.WebSocketClientImpl::CloseAsync(System.Net.WebSockets.WebSocketCloseStatus,System.String,System.Threading.CancellationToken)
DA:40,0
DA:41,0
DA:42,0
FN:45,System.Threading.Tasks.Task NetDaemon.Client.Internal.Net.WebSocketClientImpl::CloseOutputAsync(System.Net.WebSockets.WebSocketCloseStatus,System.String,System.Threading.CancellationToken)
FNDA:0,System.Threading.Tasks.Task NetDaemon.Client.Internal.Net.WebSocketClientImpl::CloseOutputAsync(System.Net.WebSockets.WebSocketCloseStatus,System.String,System.Threading.CancellationToken)
DA:46,0
DA:47,0
DA:48,0
FN:51,System.Threading.Tasks.Task NetDaemon.Client.Internal.Net.WebSocketClientImpl::SendAsync(System.ArraySegment`1<System.Byte>,System.Net.WebSockets.WebSocketMessageType,System.Boolean,System.Threading.CancellationToken)
FNDA:0,System.Threading.Tasks.Task NetDaemon.Client.Internal.Net.WebSocketClientImpl::SendAsync(System.ArraySegment`1<System.Byte>,System.Net.WebSockets.WebSocketMessageType,System.Boolean,System.Threading.CancellationToken)
DA:52,0
DA:53,0
DA:54,0
FN:63,System.Threading.Tasks.Task`1<System.Net.WebSockets.WebSocketReceiveResult> NetDaemon.Client.Internal.Net.WebSocketClientImpl::ReceiveAsync(System.ArraySegment`1<System.Byte>,System.Threading.CancellationToken)
FNDA:0,System.Threading.Tasks.Task`1<System.Net.WebSockets.WebSocketReceiveResult> NetDaemon.Client.Internal.Net.WebSocketClientImpl::ReceiveAsync(System.ArraySegment`1<System.Byte>,System.Threading.CancellationToken)
DA:64,0
DA:65,0
DA:66,0
FN:69,System.Threading.Tasks.ValueTask`1<System.Net.WebSockets.ValueWebSocketReceiveResult> NetDaemon.Client.Internal.Net.WebSocketClientImpl::ReceiveAsync(System.Memory`1<System.Byte>,System.Threading.CancellationToken)
FNDA:0,System.Threading.Tasks.ValueTask`1<System.Net.WebSockets.ValueWebSocketReceiveResult> NetDaemon.Client.Internal.Net.WebSocketClientImpl::ReceiveAsync(System.Memory`1<System.Byte>,System.Threading.CancellationToken)
DA:70,0
DA:71,0
DA:72,0
FN:74,System.Threading.Tasks.ValueTask NetDaemon.Client.Internal.Net.WebSocketClientImpl::DisposeAsync()
FNDA:0,System.Threading.Tasks.ValueTask NetDaemon.Client.Internal.Net.WebSocketClientImpl::DisposeAsync()
DA:75,0
DA:76,0
DA:77,0
DA:78,0
FN:17,System.Void NetDaemon.Client.Internal.Net.WebSocketClientImpl::.ctor(System.Boolean)
FNDA:0,System.Void NetDaemon.Client.Internal.Net.WebSocketClientImpl::.ctor(System.Boolean)
DA:18,0
DA:19,0
DA:20,0
DA:22,0
DA:23,0
DA:24,0
DA:25,0
DA:26,0
DA:27,0
BRDA:22,22,0,0
BRDA:22,22,1,0
BRDA:25,3,0,0
BRDA:25,3,1,0
FN:57,System.Void NetDaemon.Client.Internal.Net.WebSocketClientImpl/<SendAsync>d__10::MoveNext()
FNDA:0,System.Void NetDaemon.Client.Internal.Net.WebSocketClientImpl/<SendAsync>d__10::MoveNext()
DA:58,0
DA:59,0
DA:60,0
LF:36
LH:0
BRF:4
BRH:0
FNF:11
FNH:0
end_of_record
SF:C:\git\netdaemon\src\Client\NetDaemon.HassClient\Internal\Net\WebSocketTransportPipeline.cs
FN:22,System.Int32 NetDaemon.Client.Internal.Net.WebSocketClientTransportPipeline::get_DefaultTimeOut()
FNDA:0,System.Int32 NetDaemon.Client.Internal.Net.WebSocketClientTransportPipeline::get_DefaultTimeOut()
DA:23,0
FN:24,System.Net.WebSockets.WebSocketState NetDaemon.Client.Internal.Net.WebSocketClientTransportPipeline::get_WebSocketState()
FNDA:0,System.Net.WebSockets.WebSocketState NetDaemon.Client.Internal.Net.WebSocketClientTransportPipeline::get_WebSocketState()
DA:25,0
FN:77,System.Threading.Tasks.Task NetDaemon.Client.Internal.Net.WebSocketClientTransportPipeline::SendMessageAsync(T,System.Threading.CancellationToken)
FNDA:0,System.Threading.Tasks.Task NetDaemon.Client.Internal.Net.WebSocketClientTransportPipeline::SendMessageAsync(T,System.Threading.CancellationToken)
DA:78,0
DA:79,0
DA:80,0
DA:82,0
DA:83,0
DA:84,0
DA:85,0
DA:87,0
DA:88,0
DA:90,0
DA:91,0
BRDA:79,8,0,0
BRDA:79,22,0,0
BRDA:79,8,1,0
BRDA:79,22,1,0
BRDA:79,48,0,0
BRDA:79,48,1,0
FN:7,System.Void NetDaemon.Client.Internal.Net.WebSocketClientTransportPipeline::.ctor(NetDaemon.Client.Internal.Net.IWebSocketClient)
FNDA:0,System.Void NetDaemon.Client.Internal.Net.WebSocketClientTransportPipeline::.ctor(NetDaemon.Client.Internal.Net.IWebSocketClient)
DA:8,0
DA:9,0
DA:10,0
DA:11,0
DA:12,0
DA:14,0
DA:15,0
DA:18,0
DA:19,0
DA:20,0
DA:21,0
BRDA:20,60,0,0
BRDA:20,60,1,0
FN:27,System.Void NetDaemon.Client.Internal.Net.WebSocketClientTransportPipeline/<CloseAsync>d__9::MoveNext()
FNDA:0,System.Void NetDaemon.Client.Internal.Net.WebSocketClientTransportPipeline/<CloseAsync>d__9::MoveNext()
DA:28,0
DA:29,0
DA:30,0
FN:32,System.Void NetDaemon.Client.Internal.Net.WebSocketClientTransportPipeline/<DisposeAsync>d__10::MoveNext()
FNDA:0,System.Void NetDaemon.Client.Internal.Net.WebSocketClientTransportPipeline/<DisposeAsync>d__10::MoveNext()
DA:33,0
DA:35,0
DA:38,0
DA:39,0
DA:40,0
DA:41,0
DA:43,0
DA:45,0
DA:46,0
FN:48,System.Void NetDaemon.Client.Internal.Net.WebSocketClientTransportPipeline/<GetNextMessageAsync>d__11`1::MoveNext()
FNDA:0,System.Void NetDaemon.Client.Internal.Net.WebSocketClientTransportPipeline/<GetNextMessageAsync>d__11`1::MoveNext()
DA:49,0
DA:50,0
DA:51,0
DA:53,0
DA:54,0
DA:55,0
DA:56,0
DA:58,0
DA:63,0
DA:64,0
DA:65,0
DA:68,0
DA:69,0
DA:72,0
DA:73,0
DA:74,0
DA:75,0
BRDA:50,40,0,0
BRDA:50,40,1,0
FN:99,System.Void NetDaemon.Client.Internal.Net.WebSocketClientTransportPipeline/<ReadMessageFromPipelineAndSerializeAsync>d__13`1::MoveNext()
FNDA:0,System.Void NetDaemon.Client.Internal.Net.WebSocketClientTransportPipeline/<ReadMessageFromPipelineAndSerializeAsync>d__13`1::MoveNext()
DA:100,0
DA:102,0
DA:103,0
DA:104,0
DA:105,0
DA:106,0
DA:107,0
DA:110,0
DA:112,0
DA:113,0
DA:114,0
BRDA:103,216,0,0
BRDA:103,216,1,0
BRDA:113,483,1,0
BRDA:113,483,0,0
FN:127,System.Void NetDaemon.Client.Internal.Net.WebSocketClientTransportPipeline/<ReadMessageFromWebSocketAndWriteToPipelineAsync>d__14::MoveNext()
FNDA:0,System.Void NetDaemon.Client.Internal.Net.WebSocketClientTransportPipeline/<ReadMessageFromWebSocketAndWriteToPipelineAsync>d__14::MoveNext()
DA:128,0
DA:130,0
DA:131,0
DA:132,0
DA:133,0
DA:134,0
DA:135,0
DA:136,0
DA:137,0
DA:138,0
DA:139,0
DA:141,0
DA:143,0
DA:144,0
DA:145,0
DA:146,0
DA:149,0
DA:152,0
DA:153,0
DA:154,0
DA:155,0
DA:157,0
DA:161,0
DA:162,0
DA:163,0
BRDA:131,752,1,0
BRDA:135,289,0,0
BRDA:135,289,1,0
BRDA:135,315,0,0
BRDA:143,504,1,0
BRDA:135,315,1,0
BRDA:145,540,0,0
BRDA:145,540,1,0
BRDA:131,715,0,0
BRDA:131,715,1,0
BRDA:143,504,0,0
BRDA:131,752,0,0
FN:184,System.Void NetDaemon.Client.Internal.Net.WebSocketClientTransportPipeline/<SendCorrectCloseFrameToRemoteWebSocket>d__15::MoveNext()
FNDA:0,System.Void NetDaemon.Client.Internal.Net.WebSocketClientTransportPipeline/<SendCorrectCloseFrameToRemoteWebSocket>d__15::MoveNext()
DA:185,0
DA:186,0
DA:189,0
DA:190,0
DA:193,0
DA:195,0
DA:196,0
DA:198,0
DA:199,0
DA:200,0
DA:203,0
DA:205,0
DA:206,0
DA:207,0
DA:208,0
DA:209,0
DA:212,0
DA:213,0
DA:214,0
DA:216,0
DA:218,0
DA:221,0
DA:222,0
DA:223,0
DA:224,0
BRDA:190,111,0,0
BRDA:190,120,1,0
BRDA:198,428,1,0
BRDA:198,396,0,0
BRDA:198,396,1,0
BRDA:190,111,1,0
BRDA:207,606,0,0
BRDA:190,120,0,0
BRDA:198,428,0,0
BRDA:207,606,1,0
BRDA:221,659,0,0
BRDA:221,659,1,0
LF:114
LH:0
BRF:38
BRH:0
FNF:10
FNH:0
end_of_record
SF:C:\git\netdaemon\src\Client\NetDaemon.HassClient\Internal\Net\WebSocketTransportPipelineFactory.cs
FN:5,NetDaemon.Client.Internal.Net.IWebSocketClientTransportPipeline NetDaemon.Client.Internal.Net.WebSocketClientTransportPipelineFactory::New(NetDaemon.Client.Internal.Net.IWebSocketClient)
FNDA:0,NetDaemon.Client.Internal.Net.IWebSocketClientTransportPipeline NetDaemon.Client.Internal.Net.WebSocketClientTransportPipelineFactory::New(NetDaemon.Client.Internal.Net.IWebSocketClient)
DA:6,0
DA:7,0
DA:8,0
DA:10,0
DA:11,0
BRDA:7,15,0,0
BRDA:7,15,1,0
LF:5
LH:0
BRF:2
BRH:0
FNF:1
FNH:0
end_of_record
SF:C:\git\netdaemon\src\Client\NetDaemon.HassClient\Internal\Json\ReadNumberAsStringConverter.cs
FN:5,System.String NetDaemon.Client.Internal.Json.ReadNumberAsStringConverter::Read(System.Text.Json.Utf8JsonReader&,System.Type,System.Text.Json.JsonSerializerOptions)
FNDA:0,System.String NetDaemon.Client.Internal.Json.ReadNumberAsStringConverter::Read(System.Text.Json.Utf8JsonReader&,System.Type,System.Text.Json.JsonSerializerOptions)
DA:6,0
DA:7,0
DA:10,0
DA:11,0
DA:12,0
DA:15,0
DA:17,0
DA:19,0
BRDA:7,12,0,0
BRDA:7,18,1,0
BRDA:7,12,1,0
BRDA:7,18,0,0
FN:21,System.Void NetDaemon.Client.Internal.Json.ReadNumberAsStringConverter::Write(System.Text.Json.Utf8JsonWriter,System.String,System.Text.Json.JsonSerializerOptions)
FNDA:0,System.Void NetDaemon.Client.Internal.Json.ReadNumberAsStringConverter::Write(System.Text.Json.Utf8JsonWriter,System.String,System.Text.Json.JsonSerializerOptions)
DA:22,0
DA:23,0
DA:24,0
LF:11
LH:0
BRF:4
BRH:0
FNF:2
FNH:0
end_of_record
SF:C:\git\netdaemon\src\Client\NetDaemon.HassClient\Internal\Helpers\HttpHelper.cs
FN:6,System.Net.Http.HttpClient NetDaemon.Client.Internal.Helpers.HttpHelper::CreateHttpClient()
FNDA:0,System.Net.Http.HttpClient NetDaemon.Client.Internal.Helpers.HttpHelper::CreateHttpClient()
DA:7,0
DA:8,0
DA:9,0
FN:11,System.Net.Http.HttpMessageHandler NetDaemon.Client.Internal.Helpers.HttpHelper::CreateHttpMessageHandler(System.IServiceProvider)
FNDA:0,System.Net.Http.HttpMessageHandler NetDaemon.Client.Internal.Helpers.HttpHelper::CreateHttpMessageHandler(System.IServiceProvider)
DA:12,0
DA:13,0
DA:14,0
DA:15,0
DA:16,0
DA:17,0
DA:18,0
BRDA:13,2,0,0
BRDA:13,2,1,0
BRDA:13,14,0,0
BRDA:13,14,1,0
BRDA:14,27,0,0
BRDA:14,27,1,0
BRDA:15,40,0,0
BRDA:15,40,1,0
FN:20,System.Net.Http.HttpMessageHandler NetDaemon.Client.Internal.Helpers.HttpHelper::CreateHttpMessageHandler()
FNDA:0,System.Net.Http.HttpMessageHandler NetDaemon.Client.Internal.Helpers.HttpHelper::CreateHttpMessageHandler()
DA:21,0
DA:22,0
DA:23,0
DA:24,0
DA:25,0
DA:26,0
DA:27,0
DA:28,0
DA:29,0
BRDA:26,3,0,0
BRDA:26,3,1,0
LF:19
LH:0
BRF:10
BRH:0
FNF:3
FNH:0
end_of_record
SF:C:\git\netdaemon\src\Client\NetDaemon.HassClient\Internal\Helpers\ResultMessageHandler.cs
FN:17,System.Void NetDaemon.Client.Internal.Helpers.ResultMessageHandler::HandleResult(System.Threading.Tasks.Task`1<NetDaemon.Client.Internal.HomeAssistant.Commands.HassMessage>,NetDaemon.Client.HomeAssistant.Model.CommandMessage)
FNDA:0,System.Void NetDaemon.Client.Internal.Helpers.ResultMessageHandler::HandleResult(System.Threading.Tasks.Task`1<NetDaemon.Client.Internal.HomeAssistant.Commands.HassMessage>,NetDaemon.Client.HomeAssistant.Model.CommandMessage)
DA:18,0
DA:19,0
DA:20,0
FN:22,System.Void NetDaemon.Client.Internal.Helpers.ResultMessageHandler::TrackBackgroundTask(System.Threading.Tasks.Task`1<NetDaemon.Client.Internal.HomeAssistant.Commands.HassMessage>,NetDaemon.Client.HomeAssistant.Model.CommandMessage)
FNDA:0,System.Void NetDaemon.Client.Internal.Helpers.ResultMessageHandler::TrackBackgroundTask(System.Threading.Tasks.Task`1<NetDaemon.Client.Internal.HomeAssistant.Commands.HassMessage>,NetDaemon.Client.HomeAssistant.Model.CommandMessage)
DA:23,0
DA:24,0
DA:63,0
DA:64,0
FN:6,System.Void NetDaemon.Client.Internal.Helpers.ResultMessageHandler::.ctor(Microsoft.Extensions.Logging.ILogger)
FNDA:0,System.Void NetDaemon.Client.Internal.Helpers.ResultMessageHandler::.ctor(Microsoft.Extensions.Logging.ILogger)
DA:7,0
DA:8,0
DA:9,0
DA:12,0
DA:13,0
DA:14,0
DA:15,0
FN:27,System.Void NetDaemon.Client.Internal.Helpers.ResultMessageHandler/<>c__DisplayClass6_0/<<TrackBackgroundTask>g__Wrap|0>d::MoveNext()
FNDA:0,System.Void NetDaemon.Client.Internal.Helpers.ResultMessageHandler/<>c__DisplayClass6_0/<<TrackBackgroundTask>g__Wrap|0>d::MoveNext()
DA:28,0
DA:30,0
DA:31,0
DA:33,0
DA:34,0
DA:36,0
DA:37,0
DA:38,0
DA:39,0
DA:42,0
DA:43,0
DA:44,0
DA:45,0
DA:46,0
DA:47,0
DA:48,0
DA:49,0
DA:50,0
DA:51,0
DA:52,0
DA:53,0
DA:55,0
DA:56,0
DA:57,0
DA:58,0
BRDA:33,243,0,0
BRDA:33,243,1,0
BRDA:43,471,0,0
BRDA:43,471,1,0
BRDA:43,513,0,0
BRDA:43,513,1,0
FN:66,System.Void NetDaemon.Client.Internal.Helpers.ResultMessageHandler/<DisposeAsync>d__7::MoveNext()
FNDA:0,System.Void NetDaemon.Client.Internal.Helpers.ResultMessageHandler/<DisposeAsync>d__7::MoveNext()
DA:67,0
DA:69,0
DA:70,0
DA:71,0
DA:72,0
DA:73,0
BRDA:69,39,0,0
BRDA:69,39,1,0
LF:45
LH:0
BRF:8
BRH:0
FNF:5
FNH:0
end_of_record
SF:C:\git\netdaemon\src\Client\NetDaemon.HassClient\Internal\Extensions\CancellationExtensions.cs
FN:10,System.Threading.Tasks.Task NetDaemon.Client.Internal.Extensions.CancellationTokenExtensions::AsTask(System.Threading.CancellationToken)
FNDA:0,System.Threading.Tasks.Task NetDaemon.Client.Internal.Extensions.CancellationTokenExtensions::AsTask(System.Threading.CancellationToken)
DA:11,0
DA:12,0
DA:13,0
FN:19,System.Threading.Tasks.Task`1<T> NetDaemon.Client.Internal.Extensions.CancellationTokenExtensions::AsTask(System.Threading.CancellationToken)
FNDA:0,System.Threading.Tasks.Task`1<T> NetDaemon.Client.Internal.Extensions.CancellationTokenExtensions::AsTask(System.Threading.CancellationToken)
DA:20,0
DA:21,0
DA:22,0
DA:23,0
DA:24,0
LF:8
LH:0
BRF:0
BRH:0
FNF:2
FNH:0
end_of_record
SF:C:\git\netdaemon\src\Client\NetDaemon.HassClient\Internal\Extensions\JsonExtensions.cs
FN:5,System.Nullable`1<System.Text.Json.JsonElement> NetDaemon.Client.Internal.Extensions.JsonExtensions::ToJsonElement(T,System.Text.Json.JsonSerializerOptions)
FNDA:4,System.Nullable`1<System.Text.Json.JsonElement> NetDaemon.Client.Internal.Extensions.JsonExtensions::ToJsonElement(T,System.Text.Json.JsonSerializerOptions)
DA:6,4
DA:7,4
DA:8,4
DA:9,4
BRDA:7,12,0,0
BRDA:7,12,1,4
LF:4
LH:4
BRF:2
BRH:1
FNF:1
FNH:1
end_of_record
SF:C:\git\netdaemon\src\Client\NetDaemon.HassClient\Internal\HomeAssistant\Messages\HassAuthMessage.cs
FN:9,System.String NetDaemon.Client.Internal.HomeAssistant.Messages.HassAuthMessage::get_AccessToken()
FNDA:0,System.String NetDaemon.Client.Internal.HomeAssistant.Messages.HassAuthMessage::get_AccessToken()
DA:10,0
FN:4,System.Void NetDaemon.Client.Internal.HomeAssistant.Messages.HassAuthMessage::.ctor()
FNDA:0,System.Void NetDaemon.Client.Internal.HomeAssistant.Messages.HassAuthMessage::.ctor()
DA:5,0
DA:6,0
DA:7,0
DA:8,0
LF:5
LH:0
BRF:0
BRH:0
FNF:2
FNH:0
end_of_record
SF:C:\git\netdaemon\src\Client\NetDaemon.HassClient\Common\HomeAssistant\Model\HassMessage.cs
FN:4,NetDaemon.Client.HomeAssistant.Model.HassEvent NetDaemon.Client.Internal.HomeAssistant.Commands.HassMessage::get_Event()
FNDA:0,NetDaemon.Client.HomeAssistant.Model.HassEvent NetDaemon.Client.Internal.HomeAssistant.Commands.HassMessage::get_Event()
DA:5,0
FN:6,System.Int32 NetDaemon.Client.Internal.HomeAssistant.Commands.HassMessage::get_Id()
FNDA:0,System.Int32 NetDaemon.Client.Internal.HomeAssistant.Commands.HassMessage::get_Id()
DA:7,0
FN:8,System.String NetDaemon.Client.Internal.HomeAssistant.Commands.HassMessage::get_Message()
FNDA:0,System.String NetDaemon.Client.Internal.HomeAssistant.Commands.HassMessage::get_Message()
DA:9,0
FN:10,System.Nullable`1<System.Text.Json.JsonElement> NetDaemon.Client.Internal.HomeAssistant.Commands.HassMessage::get_ResultElement()
FNDA:0,System.Nullable`1<System.Text.Json.JsonElement> NetDaemon.Client.Internal.HomeAssistant.Commands.HassMessage::get_ResultElement()
DA:11,0
FN:12,System.Nullable`1<System.Boolean> NetDaemon.Client.Internal.HomeAssistant.Commands.HassMessage::get_Success()
FNDA:0,System.Nullable`1<System.Boolean> NetDaemon.Client.Internal.HomeAssistant.Commands.HassMessage::get_Success()
DA:13,0
FN:14,NetDaemon.Client.HomeAssistant.Model.HassError NetDaemon.Client.Internal.HomeAssistant.Commands.HassMessage::get_Error()
FNDA:0,NetDaemon.Client.HomeAssistant.Model.HassError NetDaemon.Client.Internal.HomeAssistant.Commands.HassMessage::get_Error()
DA:15,0
LF:6
LH:0
BRF:0
BRH:0
FNF:6
FNH:0
end_of_record
SF:C:\git\netdaemon\src\Client\NetDaemon.HassClient\Internal\HomeAssistant\Commands\CallServiceCommand.cs
FN:9,System.String NetDaemon.Client.Internal.HomeAssistant.Commands.CallServiceCommand::get_Domain()
FNDA:6,System.String NetDaemon.Client.Internal.HomeAssistant.Commands.CallServiceCommand::get_Domain()
DA:10,6
FN:11,System.String NetDaemon.Client.Internal.HomeAssistant.Commands.CallServiceCommand::get_Service()
FNDA:6,System.String NetDaemon.Client.Internal.HomeAssistant.Commands.CallServiceCommand::get_Service()
DA:12,6
FN:13,System.Object NetDaemon.Client.Internal.HomeAssistant.Commands.CallServiceCommand::get_ServiceData()
FNDA:3,System.Object NetDaemon.Client.Internal.HomeAssistant.Commands.CallServiceCommand::get_ServiceData()
DA:14,3
FN:15,NetDaemon.Client.HomeAssistant.Model.HassTarget NetDaemon.Client.Internal.HomeAssistant.Commands.CallServiceCommand::get_Target()
FNDA:3,NetDaemon.Client.HomeAssistant.Model.HassTarget NetDaemon.Client.Internal.HomeAssistant.Commands.CallServiceCommand::get_Target()
DA:16,3
FN:4,System.Void NetDaemon.Client.Internal.HomeAssistant.Commands.CallServiceCommand::.ctor()
FNDA:3,System.Void NetDaemon.Client.Internal.HomeAssistant.Commands.CallServiceCommand::.ctor()
DA:5,3
DA:6,3
DA:7,3
DA:8,3
LF:8
LH:8
BRF:0
BRH:0
FNF:5
FNH:5
end_of_record
SF:C:\git\netdaemon\src\Client\NetDaemon.HassClient\Internal\HomeAssistant\Commands\CreateHelperCommandBase.cs
FN:8,System.String NetDaemon.Client.Internal.HomeAssistant.Commands.CreateHelperCommandBase::get_Name()
FNDA:0,System.String NetDaemon.Client.Internal.HomeAssistant.Commands.CreateHelperCommandBase::get_Name()
DA:9,0
FN:9,System.String NetDaemon.Client.Internal.HomeAssistant.Commands.CreateHelperCommandBase::get_Icon()
FNDA:0,System.String NetDaemon.Client.Internal.HomeAssistant.Commands.CreateHelperCommandBase::get_Icon()
DA:10,0
FN:4,System.Void NetDaemon.Client.Internal.HomeAssistant.Commands.CreateHelperCommandBase::.ctor(System.String)
FNDA:0,System.Void NetDaemon.Client.Internal.HomeAssistant.Commands.CreateHelperCommandBase::.ctor(System.String)
DA:5,0
DA:6,0
DA:7,0
DA:8,0
LF:6
LH:0
BRF:0
BRH:0
FNF:3
FNH:0
end_of_record
SF:C:\git\netdaemon\src\Client\NetDaemon.HassClient\Internal\HomeAssistant\Commands\SimpleCommand.cs
FN:4,System.Void NetDaemon.Client.Internal.HomeAssistant.Commands.SimpleCommand::.ctor(System.String)
FNDA:45,System.Void NetDaemon.Client.Internal.HomeAssistant.Commands.SimpleCommand::.ctor(System.String)
DA:5,45
DA:6,45
DA:7,45
DA:8,45
LF:4
LH:4
BRF:0
BRH:0
FNF:1
FNH:1
end_of_record
SF:C:\git\netdaemon\src\Client\NetDaemon.HassClient\Internal\HomeAssistant\Commands\SubscribeEventCommand.cs
FN:9,System.String NetDaemon.Client.Internal.HomeAssistant.Commands.SubscribeEventCommand::get_EventType()
FNDA:0,System.String NetDaemon.Client.Internal.HomeAssistant.Commands.SubscribeEventCommand::get_EventType()
DA:10,0
FN:4,System.Void NetDaemon.Client.Internal.HomeAssistant.Commands.SubscribeEventCommand::.ctor()
FNDA:0,System.Void NetDaemon.Client.Internal.HomeAssistant.Commands.SubscribeEventCommand::.ctor()
DA:5,0
DA:6,0
DA:7,0
DA:8,0
LF:5
LH:0
BRF:0
BRH:0
FNF:2
FNH:0
end_of_record
SF:C:\git\netdaemon\src\Client\NetDaemon.HassClient\Common\Exceptions\HomeAssistantApiCallException.cs
FN:7,System.Net.HttpStatusCode NetDaemon.Client.Internal.Exceptions.HomeAssistantApiCallException::get_Code()
FNDA:0,System.Net.HttpStatusCode NetDaemon.Client.Internal.Exceptions.HomeAssistantApiCallException::get_Code()
DA:8,0
FN:8,System.Void NetDaemon.Client.Internal.Exceptions.HomeAssistantApiCallException::.ctor(System.String,System.Net.HttpStatusCode)
FNDA:0,System.Void NetDaemon.Client.Internal.Exceptions.HomeAssistantApiCallException::.ctor(System.String,System.Net.HttpStatusCode)
DA:9,0
DA:10,0
DA:11,0
DA:12,0
LF:5
LH:0
BRF:0
BRH:0
FNF:2
FNH:0
end_of_record
SF:C:\git\netdaemon\src\HassModel\NetDaemon.HassModel.CodeGenerator\Program.cs
FN:110,System.Void Program/<<<Main>$>g__GetHaData|0_2>d::MoveNext()
FNDA:0,System.Void Program/<<<Main>$>g__GetHaData|0_2>d::MoveNext()
DA:111,0
DA:112,0
DA:114,0
DA:115,0
DA:116,0
DA:117,0
DA:119,0
DA:121,0
DA:122,0
DA:124,0
DA:126,0
DA:127,0
FN:16,System.Void Program/<<Main>$>d__0::MoveNext()
FNDA:0,System.Void Program/<<Main>$>d__0::MoveNext()
DA:17,0
DA:18,0
DA:19,0
DA:21,0
DA:22,0
DA:23,0
DA:24,0
DA:25,0
DA:26,0
DA:27,0
DA:28,0
DA:29,0
DA:30,0
DA:31,0
DA:32,0
DA:33,0
DA:34,0
DA:35,0
DA:36,0
DA:40,0
DA:42,0
DA:44,0
DA:46,0
DA:47,0
DA:48,0
DA:49,0
DA:51,0
DA:52,0
DA:54,0
DA:55,0
DA:56,0
DA:58,0
DA:60,0
DA:62,0
DA:63,0
DA:64,0
DA:66,0
DA:67,0
DA:68,0
DA:69,0
DA:71,0
DA:72,0
DA:74,0
DA:75,0
DA:77,0
BRDA:18,80,0,0
BRDA:18,80,1,0
BRDA:18,92,0,0
BRDA:18,92,1,0
BRDA:19,128,0,0
BRDA:19,128,1,0
BRDA:21,190,0,0
BRDA:21,190,1,0
BRDA:46,486,0,0
BRDA:48,527,0,0
BRDA:48,527,1,0
BRDA:46,486,1,0
BRDA:54,604,0,0
BRDA:54,604,1,0
FN:79,Microsoft.Extensions.Configuration.IConfigurationRoot Program/<>c__DisplayClass0_0::<<Main>$>g__GetConfigurationRoot|1()
FNDA:0,Microsoft.Extensions.Configuration.IConfigurationRoot Program/<>c__DisplayClass0_0::<<Main>$>g__GetConfigurationRoot|1()
DA:80,0
DA:81,0
DA:82,0
DA:83,0
DA:84,0
DA:85,0
DA:86,0
DA:87,0
DA:88,0
DA:89,0
DA:90,0
DA:91,0
DA:92,0
DA:93,0
DA:94,0
DA:95,0
DA:96,0
DA:97,0
DA:98,0
DA:99,0
DA:100,0
DA:101,0
DA:102,0
DA:103,0
DA:104,0
DA:105,0
DA:107,0
DA:108,0
LF:85
LH:0
BRF:14
BRH:0
FNF:3
FNH:0
end_of_record
SF:C:\git\netdaemon\src\HassModel\NetDaemon.HassModel.CodeGenerator\AttributeTypeGenerator.cs
FN:21,Microsoft.CodeAnalysis.CSharp.Syntax.RecordDeclarationSyntax NetDaemon.HassModel.CodeGenerator.AttributeTypeGenerator::GenerateAttributeRecord()
FNDA:11,Microsoft.CodeAnalysis.CSharp.Syntax.RecordDeclarationSyntax NetDaemon.HassModel.CodeGenerator.AttributeTypeGenerator::GenerateAttributeRecord()
DA:22,11
DA:24,25
DA:26,11
DA:28,28
DA:31,11
DA:32,21
DA:33,20
DA:34,31
DA:35,31
DA:36,51
DA:39,11
DA:40,20
DA:41,11
DA:42,31
DA:44,31
DA:45,31
DA:46,31
DA:48,11
DA:49,11
DA:50,11
BRDA:28,75,0,10
BRDA:28,75,1,18
BRDA:28,128,0,10
BRDA:28,128,1,28
BRDA:49,396,0,10
BRDA:49,396,1,1
BRDA:24,15,0,7
BRDA:24,15,1,7
BRDA:24,55,0,7
BRDA:24,55,1,7
FN:52,System.Type NetDaemon.HassModel.CodeGenerator.AttributeTypeGenerator::FindBaseClass(System.String)
FNDA:11,System.Type NetDaemon.HassModel.CodeGenerator.AttributeTypeGenerator::FindBaseClass(System.String)
DA:53,11
DA:54,92
DA:55,11
FN:57,System.Collections.Generic.IEnumerable`1<System.ValueTuple`3<System.String,System.String,System.Type>> NetDaemon.HassModel.CodeGenerator.AttributeTypeGenerator::DuplicateCSharpName(System.Collections.Generic.IEnumerable`1<System.ValueTuple`3<System.String,System.String,System.Type>>)
FNDA:19,System.Collections.Generic.IEnumerable`1<System.ValueTuple`3<System.String,System.String,System.Type>> NetDaemon.HassModel.CodeGenerator.AttributeTypeGenerator::DuplicateCSharpName(System.Collections.Generic.IEnumerable`1<System.ValueTuple`3<System.String,System.String,System.Type>>)
DA:58,19
DA:59,19
DA:60,37
DA:62,5
DA:63,19
BRDA:60,19,0,18
BRDA:60,19,1,1
FN:65,System.Type NetDaemon.HassModel.CodeGenerator.AttributeTypeGenerator::GetBestClrType(System.Collections.Generic.IEnumerable`1<System.Text.Json.JsonElement>)
FNDA:22,System.Type NetDaemon.HassModel.CodeGenerator.AttributeTypeGenerator::GetBestClrType(System.Collections.Generic.IEnumerable`1<System.Text.Json.JsonElement>)
DA:66,22
DA:67,22
DA:68,24
DA:69,22
DA:70,22
DA:72,22
DA:73,2
DA:76,2
DA:82,20
DA:83,20
DA:84,2
DA:85,4
DA:86,2
DA:89,18
DA:90,18
DA:92,22
BRDA:72,88,0,20
BRDA:72,88,1,2
BRDA:72,105,0,2
BRDA:72,105,1,20
BRDA:83,154,0,2
BRDA:83,154,1,18
FN:94,System.Type NetDaemon.HassModel.CodeGenerator.AttributeTypeGenerator::MapJsonType(System.Text.Json.JsonValueKind)
FNDA:22,System.Type NetDaemon.HassModel.CodeGenerator.AttributeTypeGenerator::MapJsonType(System.Text.Json.JsonValueKind)
DA:95,22
DA:96,22
DA:97,2
DA:98,0
DA:99,2
DA:100,2
DA:101,13
DA:102,1
DA:103,2
DA:104,0
DA:105,0
DA:106,22
BRDA:95,5,7,2
BRDA:95,5,1,0
BRDA:95,5,2,2
BRDA:95,5,3,2
BRDA:95,5,4,13
BRDA:95,5,5,1
BRDA:95,5,6,2
BRDA:95,5,8,0
BRDA:95,5,0,0
FN:11,System.Void NetDaemon.HassModel.CodeGenerator.AttributeTypeGenerator::.ctor(NetDaemon.HassModel.CodeGenerator.CodeGenerationSettings,NetDaemon.HassModel.CodeGenerator.EntitySet)
FNDA:11,System.Void NetDaemon.HassModel.CodeGenerator.AttributeTypeGenerator::.ctor(NetDaemon.HassModel.CodeGenerator.CodeGenerationSettings,NetDaemon.HassModel.CodeGenerator.EntitySet)
DA:12,11
DA:13,11
DA:14,11
DA:15,11
DA:16,11
BRDA:14,15,0,10
BRDA:14,15,1,1
LF:61
LH:58
BRF:29
BRH:26
FNF:6
FNH:6
end_of_record
SF:C:\git\netdaemon\src\HassModel\NetDaemon.HassModel.CodeGenerator\CodeGenerationSettings.cs
FN:6,System.String NetDaemon.HassModel.CodeGenerator.CodeGenerationSettings::get_OutputFile()
FNDA:7,System.String NetDaemon.HassModel.CodeGenerator.CodeGenerationSettings::get_OutputFile()
DA:7,7
FN:7,System.String NetDaemon.HassModel.CodeGenerator.CodeGenerationSettings::get_OutputFolder()
FNDA:7,System.String NetDaemon.HassModel.CodeGenerator.CodeGenerationSettings::get_OutputFolder()
DA:8,7
FN:8,System.String NetDaemon.HassModel.CodeGenerator.CodeGenerationSettings::get_Namespace()
FNDA:21,System.String NetDaemon.HassModel.CodeGenerator.CodeGenerationSettings::get_Namespace()
DA:9,21
FN:9,System.Boolean NetDaemon.HassModel.CodeGenerator.CodeGenerationSettings::get_UseAttributeBaseClasses()
FNDA:13,System.Boolean NetDaemon.HassModel.CodeGenerator.CodeGenerationSettings::get_UseAttributeBaseClasses()
DA:10,13
FN:10,System.Boolean NetDaemon.HassModel.CodeGenerator.CodeGenerationSettings::get_GenerateOneFilePerEntity()
FNDA:0,System.Boolean NetDaemon.HassModel.CodeGenerator.CodeGenerationSettings::get_GenerateOneFilePerEntity()
DA:11,0
LF:5
LH:4
BRF:0
BRH:0
FNF:5
FNH:4
end_of_record
SF:C:\git\netdaemon\src\HassModel\NetDaemon.HassModel.CodeGenerator\EntitiesGenerator.cs
FN:40,Microsoft.CodeAnalysis.CSharp.Syntax.TypeDeclarationSyntax NetDaemon.HassModel.CodeGenerator.EntitiesGenerator::GenerateRootEntitiesInterface(System.Collections.Generic.IEnumerable`1<System.String>)
FNDA:7,Microsoft.CodeAnalysis.CSharp.Syntax.TypeDeclarationSyntax NetDaemon.HassModel.CodeGenerator.EntitiesGenerator::GenerateRootEntitiesInterface(System.Collections.Generic.IEnumerable`1<System.String>)
DA:41,7
DA:42,7
DA:43,10
DA:44,10
DA:45,10
DA:46,7
DA:47,10
DA:48,17
DA:50,7
DA:51,7
FN:54,Microsoft.CodeAnalysis.CSharp.Syntax.TypeDeclarationSyntax NetDaemon.HassModel.CodeGenerator.EntitiesGenerator::GenerateRootEntitiesClass(System.Collections.Generic.IEnumerable`1<NetDaemon.HassModel.CodeGenerator.EntitySet>)
FNDA:7,Microsoft.CodeAnalysis.CSharp.Syntax.TypeDeclarationSyntax NetDaemon.HassModel.CodeGenerator.EntitiesGenerator::GenerateRootEntitiesClass(System.Collections.Generic.IEnumerable`1<NetDaemon.HassModel.CodeGenerator.EntitySet>)
DA:55,7
DA:56,7
DA:58,18
DA:59,10
DA:60,10
DA:61,10
DA:62,7
DA:63,10
DA:64,10
DA:65,17
DA:67,7
DA:68,7
DA:69,7
DA:70,7
DA:71,7
FN:76,Microsoft.CodeAnalysis.CSharp.Syntax.TypeDeclarationSyntax NetDaemon.HassModel.CodeGenerator.EntitiesGenerator::GenerateEntiesForDomainClass(System.String,System.Collections.Generic.IEnumerable`1<NetDaemon.HassModel.CodeGenerator.EntitySet>)
FNDA:10,Microsoft.CodeAnalysis.CSharp.Syntax.TypeDeclarationSyntax NetDaemon.HassModel.CodeGenerator.EntitiesGenerator::GenerateEntiesForDomainClass(System.String,System.Collections.Generic.IEnumerable`1<NetDaemon.HassModel.CodeGenerator.EntitySet>)
DA:77,10
DA:78,10
DA:79,10
DA:80,10
DA:82,35
DA:84,10
DA:85,10
FN:87,Microsoft.CodeAnalysis.CSharp.Syntax.MemberDeclarationSyntax NetDaemon.HassModel.CodeGenerator.EntitiesGenerator::GenerateEntityProperty(NetDaemon.Client.HomeAssistant.Model.HassState,System.String)
FNDA:14,Microsoft.CodeAnalysis.CSharp.Syntax.MemberDeclarationSyntax NetDaemon.HassModel.CodeGenerator.EntitiesGenerator::GenerateEntityProperty(NetDaemon.Client.HomeAssistant.Model.HassState,System.String)
DA:88,14
DA:89,14
DA:91,14
DA:93,14
DA:94,14
DA:95,14
BRDA:93,155,0,7
BRDA:93,155,1,7
FN:99,System.Boolean NetDaemon.HassModel.CodeGenerator.EntitiesGenerator::IsNumeric(NetDaemon.Client.HomeAssistant.Model.HassState)
FNDA:14,System.Boolean NetDaemon.HassModel.CodeGenerator.EntitiesGenerator::IsNumeric(NetDaemon.Client.HomeAssistant.Model.HassState)
DA:100,14
DA:101,14
DA:102,17
DA:105,11
DA:106,14
BRDA:102,26,0,3
BRDA:102,26,1,11
BRDA:105,43,0,2
BRDA:105,52,0,0
BRDA:105,52,1,2
BRDA:105,43,1,9
FN:111,Microsoft.CodeAnalysis.CSharp.Syntax.TypeDeclarationSyntax NetDaemon.HassModel.CodeGenerator.EntitiesGenerator::GenerateEntityType(NetDaemon.HassModel.CodeGenerator.EntitySet)
FNDA:11,Microsoft.CodeAnalysis.CSharp.Syntax.TypeDeclarationSyntax NetDaemon.HassModel.CodeGenerator.EntitiesGenerator::GenerateEntityType(NetDaemon.HassModel.CodeGenerator.EntitySet)
DA:112,11
DA:113,11
DA:115,11
DA:116,11
DA:118,11
DA:120,11
DA:121,11
DA:122,11
DA:123,11
DA:124,11
DA:125,11
DA:126,11
DA:127,11
DA:128,11
DA:130,11
DA:131,11
DA:132,11
DA:133,11
BRDA:115,14,0,7
BRDA:115,14,1,4
BRDA:116,45,0,7
BRDA:116,45,1,4
FN:138,System.Collections.Generic.IEnumerable`1<System.String> NetDaemon.HassModel.CodeGenerator.EntitiesGenerator::GetDomainsFromEntities(System.Collections.Generic.IEnumerable`1<System.String>)
FNDA:7,System.Collections.Generic.IEnumerable`1<System.String> NetDaemon.HassModel.CodeGenerator.EntitiesGenerator::GetDomainsFromEntities(System.Collections.Generic.IEnumerable`1<System.String>)
DA:139,7
FN:96,System.String NetDaemon.HassModel.CodeGenerator.EntitiesGenerator/Attributes::get_friendly_name()
FNDA:21,System.String NetDaemon.HassModel.CodeGenerator.EntitiesGenerator/Attributes::get_friendly_name()
DA:97,21
FN:12,System.ValueTuple`2<System.String,System.Boolean> NetDaemon.HassModel.CodeGenerator.EntitiesGenerator/<>c::<Generate>b__0_0(NetDaemon.Client.HomeAssistant.Model.HassState)
FNDA:21,System.ValueTuple`2<System.String,System.Boolean> NetDaemon.HassModel.CodeGenerator.EntitiesGenerator/<>c::<Generate>b__0_0(NetDaemon.Client.HomeAssistant.Model.HassState)
DA:13,21
FN:13,NetDaemon.HassModel.CodeGenerator.EntitySet NetDaemon.HassModel.CodeGenerator.EntitiesGenerator/<>c::<Generate>b__0_1(System.Linq.IGrouping`2<System.ValueTuple`2<System.String,System.Boolean>,NetDaemon.Client.HomeAssistant.Model.HassState>)
FNDA:11,NetDaemon.HassModel.CodeGenerator.EntitySet NetDaemon.HassModel.CodeGenerator.EntitiesGenerator/<>c::<Generate>b__0_1(System.Linq.IGrouping`2<System.ValueTuple`2<System.String,System.Boolean>,NetDaemon.Client.HomeAssistant.Model.HassState>)
DA:14,11
FN:14,System.String NetDaemon.HassModel.CodeGenerator.EntitiesGenerator/<>c::<Generate>b__0_2(NetDaemon.HassModel.CodeGenerator.EntitySet)
FNDA:11,System.String NetDaemon.HassModel.CodeGenerator.EntitiesGenerator/<>c::<Generate>b__0_2(NetDaemon.HassModel.CodeGenerator.EntitySet)
DA:15,11
FN:17,System.String NetDaemon.HassModel.CodeGenerator.EntitiesGenerator/<>c::<Generate>b__0_3(NetDaemon.Client.HomeAssistant.Model.HassState)
FNDA:21,System.String NetDaemon.HassModel.CodeGenerator.EntitiesGenerator/<>c::<Generate>b__0_3(NetDaemon.Client.HomeAssistant.Model.HassState)
DA:18,21
FN:19,System.String NetDaemon.HassModel.CodeGenerator.EntitiesGenerator/<>c::<Generate>b__0_4(System.String)
FNDA:17,System.String NetDaemon.HassModel.CodeGenerator.EntitiesGenerator/<>c::<Generate>b__0_4(System.String)
DA:20,17
FN:25,System.String NetDaemon.HassModel.CodeGenerator.EntitiesGenerator/<>c::<Generate>b__0_5(NetDaemon.HassModel.CodeGenerator.EntitySet)
FNDA:62,System.String NetDaemon.HassModel.CodeGenerator.EntitiesGenerator/<>c::<Generate>b__0_5(NetDaemon.HassModel.CodeGenerator.EntitySet)
DA:26,62
FN:11,System.Boolean NetDaemon.HassModel.CodeGenerator.EntitiesGenerator/<Generate>d__0::MoveNext()
FNDA:7,System.Boolean NetDaemon.HassModel.CodeGenerator.EntitiesGenerator/<Generate>d__0::MoveNext()
DA:12,7
DA:16,7
DA:22,7
DA:24,7
DA:27,10
DA:28,10
DA:29,10
DA:31,43
DA:32,11
DA:33,11
DA:35,11
DA:36,11
DA:37,11
DA:38,7
BRDA:26,564,1,10
BRDA:26,564,0,7
BRDA:31,753,1,11
BRDA:31,753,0,7
LF:83
LH:83
BRF:16
BRH:15
FNF:15
FNH:15
end_of_record
SF:C:\git\netdaemon\src\HassModel\NetDaemon.HassModel.CodeGenerator\EntitySet.cs
FN:4,System.String NetDaemon.HassModel.CodeGenerator.EntitySet::get_Domain()
FNDA:141,System.String NetDaemon.HassModel.CodeGenerator.EntitySet::get_Domain()
DA:5,141
FN:8,System.String NetDaemon.HassModel.CodeGenerator.EntitySet::get_EntityClassName()
FNDA:58,System.String NetDaemon.HassModel.CodeGenerator.EntitySet::get_EntityClassName()
DA:9,58
FN:10,System.String NetDaemon.HassModel.CodeGenerator.EntitySet::get_AttributesClassName()
FNDA:33,System.String NetDaemon.HassModel.CodeGenerator.EntitySet::get_AttributesClassName()
DA:11,33
FN:12,System.String NetDaemon.HassModel.CodeGenerator.EntitySet::get_EntitiesForDomainClassName()
FNDA:11,System.String NetDaemon.HassModel.CodeGenerator.EntitySet::get_EntitiesForDomainClassName()
DA:13,11
FN:5,System.Void NetDaemon.HassModel.CodeGenerator.EntitySet::.ctor(System.String,System.Boolean,System.Collections.Generic.IEnumerable`1<NetDaemon.Client.HomeAssistant.Model.HassState>)
FNDA:11,System.Void NetDaemon.HassModel.CodeGenerator.EntitySet::.ctor(System.String,System.Boolean,System.Collections.Generic.IEnumerable`1<NetDaemon.Client.HomeAssistant.Model.HassState>)
DA:6,11
DA:7,11
DA:8,11
DA:10,11
DA:12,11
DA:14,11
BRDA:7,23,0,4
BRDA:7,23,1,10
BRDA:7,36,0,10
BRDA:7,36,1,1
LF:10
LH:10
BRF:4
BRH:4
FNF:5
FNH:5
end_of_record
SF:C:\git\netdaemon\src\HassModel\NetDaemon.HassModel.CodeGenerator\ExtensionMethodsGenerator.cs
FN:7,System.Collections.Generic.IEnumerable`1<Microsoft.CodeAnalysis.CSharp.Syntax.MemberDeclarationSyntax> NetDaemon.HassModel.CodeGenerator.ExtensionMethodsGenerator::Generate(System.Collections.Generic.IEnumerable`1<NetDaemon.HassModel.CodeGenerator.Model.HassServiceDomain>,System.Collections.Generic.IReadOnlyCollection`1<NetDaemon.Client.HomeAssistant.Model.HassState>)
FNDA:7,System.Collections.Generic.IEnumerable`1<Microsoft.CodeAnalysis.CSharp.Syntax.MemberDeclarationSyntax> NetDaemon.HassModel.CodeGenerator.ExtensionMethodsGenerator::Generate(System.Collections.Generic.IEnumerable`1<NetDaemon.HassModel.CodeGenerator.Model.HassServiceDomain>,System.Collections.Generic.IReadOnlyCollection`1<NetDaemon.Client.HomeAssistant.Model.HassState>)
DA:8,7
DA:9,13
DA:11,7
DA:12,7
DA:13,2
DA:14,4
DA:15,4
DA:16,7
DA:17,7
BRDA:13,7,0,0
BRDA:13,7,1,2
BRDA:13,18,0,2
BRDA:13,33,0,2
BRDA:13,33,1,2
BRDA:13,18,1,0
BRDA:14,13,0,0
BRDA:14,13,1,2
BRDA:14,25,0,0
BRDA:14,25,1,2
FN:19,Microsoft.CodeAnalysis.CSharp.Syntax.ClassDeclarationSyntax NetDaemon.HassModel.CodeGenerator.ExtensionMethodsGenerator::GenerateClass(System.Linq.IGrouping`2<System.String,System.Collections.Generic.IReadOnlyCollection`1<NetDaemon.HassModel.CodeGenerator.Model.HassService>>)
FNDA:2,Microsoft.CodeAnalysis.CSharp.Syntax.ClassDeclarationSyntax NetDaemon.HassModel.CodeGenerator.ExtensionMethodsGenerator::GenerateClass(System.Linq.IGrouping`2<System.String,System.Collections.Generic.IReadOnlyCollection`1<NetDaemon.HassModel.CodeGenerator.Model.HassService>>)
DA:20,2
DA:21,2
DA:23,2
DA:24,2
DA:25,3
DA:26,3
DA:27,3
DA:28,2
DA:30,2
DA:31,2
BRDA:25,7,0,0
BRDA:25,7,1,3
BRDA:25,19,0,0
BRDA:25,19,1,3
FN:33,Microsoft.CodeAnalysis.CSharp.Syntax.ClassDeclarationSyntax NetDaemon.HassModel.CodeGenerator.ExtensionMethodsGenerator::GenerateDomainExtensionClass(System.String,System.Collections.Generic.IEnumerable`1<NetDaemon.HassModel.CodeGenerator.Model.HassService>)
FNDA:2,Microsoft.CodeAnalysis.CSharp.Syntax.ClassDeclarationSyntax NetDaemon.HassModel.CodeGenerator.ExtensionMethodsGenerator::GenerateDomainExtensionClass(System.String,System.Collections.Generic.IEnumerable`1<NetDaemon.HassModel.CodeGenerator.Model.HassService>)
DA:34,2
DA:35,2
DA:37,2
DA:38,3
DA:39,2
DA:41,2
DA:42,2
FN:66,Microsoft.CodeAnalysis.CSharp.Syntax.GlobalStatementSyntax NetDaemon.HassModel.CodeGenerator.ExtensionMethodsGenerator::ExtensionMethodWithoutArguments(NetDaemon.HassModel.CodeGenerator.Model.HassService,System.String,System.String)
FNDA:2,Microsoft.CodeAnalysis.CSharp.Syntax.GlobalStatementSyntax NetDaemon.HassModel.CodeGenerator.ExtensionMethodsGenerator::ExtensionMethodWithoutArguments(NetDaemon.HassModel.CodeGenerator.Model.HassService,System.String,System.String)
DA:67,2
DA:68,2
DA:69,2
DA:70,2
DA:71,2
DA:72,2
DA:73,2
DA:74,2
DA:75,2
DA:76,2
FN:78,Microsoft.CodeAnalysis.CSharp.Syntax.GlobalStatementSyntax NetDaemon.HassModel.CodeGenerator.ExtensionMethodsGenerator::ExtensionMethodWithClassArgument(NetDaemon.HassModel.CodeGenerator.Model.HassService,System.String,System.String,NetDaemon.HassModel.CodeGenerator.ServiceArguments)
FNDA:4,Microsoft.CodeAnalysis.CSharp.Syntax.GlobalStatementSyntax NetDaemon.HassModel.CodeGenerator.ExtensionMethodsGenerator::ExtensionMethodWithClassArgument(NetDaemon.HassModel.CodeGenerator.Model.HassService,System.String,System.String,NetDaemon.HassModel.CodeGenerator.ServiceArguments)
DA:79,4
DA:80,4
DA:81,4
DA:82,4
DA:83,4
DA:84,4
DA:85,4
DA:86,4
DA:87,4
DA:88,4
FN:90,Microsoft.CodeAnalysis.CSharp.Syntax.MemberDeclarationSyntax NetDaemon.HassModel.CodeGenerator.ExtensionMethodsGenerator::ExtensionMethodWithSeparateArguments(NetDaemon.HassModel.CodeGenerator.Model.HassService,System.String,System.String,NetDaemon.HassModel.CodeGenerator.ServiceArguments)
FNDA:4,Microsoft.CodeAnalysis.CSharp.Syntax.MemberDeclarationSyntax NetDaemon.HassModel.CodeGenerator.ExtensionMethodsGenerator::ExtensionMethodWithSeparateArguments(NetDaemon.HassModel.CodeGenerator.Model.HassService,System.String,System.String,NetDaemon.HassModel.CodeGenerator.ServiceArguments)
DA:91,4
DA:92,4
DA:93,4
DA:94,4
DA:95,4
DA:96,4
DA:97,4
DA:98,4
[...]
DA:9,24
FN:11,System.Void NetDaemon.HassModel.Entities.NumericEntity::.ctor(NetDaemon.HassModel.IHaContext,System.String)
FNDA:0,System.Void NetDaemon.HassModel.Entities.NumericEntity::.ctor(NetDaemon.HassModel.IHaContext,System.String)
DA:12,0
FN:44,System.Nullable`1<System.Double> NetDaemon.HassModel.Entities.NumericEntity`3::get_State()
FNDA:8,System.Nullable`1<System.Double> NetDaemon.HassModel.Entities.NumericEntity`3::get_State()
DA:45,8
BRDA:45,7,0,0
BRDA:45,7,1,8
FN:47,NetDaemon.HassModel.Entities.NumericEntityState`1<TAttributes> NetDaemon.HassModel.Entities.NumericEntity`3::get_EntityState()
FNDA:15,NetDaemon.HassModel.Entities.NumericEntityState`1<TAttributes> NetDaemon.HassModel.Entities.NumericEntity`3::get_EntityState()
DA:48,15
BRDA:48,17,0,15
BRDA:48,17,1,0
FN:52,System.IObservable`1<NetDaemon.HassModel.Entities.NumericStateChange`2<TEntity,TEntityState>> NetDaemon.HassModel.Entities.NumericEntity`3::StateAllChanges()
FNDA:8,System.IObservable`1<NetDaemon.HassModel.Entities.NumericStateChange`2<TEntity,TEntityState>> NetDaemon.HassModel.Entities.NumericEntity`3::StateAllChanges()
DA:53,8
FN:56,System.IObservable`1<NetDaemon.HassModel.Entities.NumericStateChange`2<TEntity,TEntityState>> NetDaemon.HassModel.Entities.NumericEntity`3::StateChanges()
FNDA:1,System.IObservable`1<NetDaemon.HassModel.Entities.NumericStateChange`2<TEntity,TEntityState>> NetDaemon.HassModel.Entities.NumericEntity`3::StateChanges()
DA:57,1
FN:38,System.Void NetDaemon.HassModel.Entities.NumericEntity`3::.ctor(NetDaemon.HassModel.Entities.Entity)
FNDA:15,System.Void NetDaemon.HassModel.Entities.NumericEntity`3::.ctor(NetDaemon.HassModel.Entities.Entity)
DA:39,15
FN:41,System.Void NetDaemon.HassModel.Entities.NumericEntity`3::.ctor(NetDaemon.HassModel.IHaContext,System.String)
FNDA:0,System.Void NetDaemon.HassModel.Entities.NumericEntity`3::.ctor(NetDaemon.HassModel.IHaContext,System.String)
DA:42,0
FN:68,System.Void NetDaemon.HassModel.Entities.NumericEntity`1::.ctor(NetDaemon.HassModel.Entities.Entity)
FNDA:12,System.Void NetDaemon.HassModel.Entities.NumericEntity`1::.ctor(NetDaemon.HassModel.Entities.Entity)
DA:69,12
FN:71,System.Void NetDaemon.HassModel.Entities.NumericEntity`1::.ctor(NetDaemon.HassModel.IHaContext,System.String)
FNDA:0,System.Void NetDaemon.HassModel.Entities.NumericEntity`1::.ctor(NetDaemon.HassModel.IHaContext,System.String)
DA:72,0
LF:16
LH:13
BRF:8
BRH:4
FNF:14
FNH:11
end_of_record
SF:C:\git\netdaemon\src\HassModel\NetDeamon.HassModel\Entities\NumericEntityState.cs
FN:11,System.Nullable`1<System.Double> NetDaemon.HassModel.Entities.NumericEntityState::get_State()
FNDA:30,System.Nullable`1<System.Double> NetDaemon.HassModel.Entities.NumericEntityState::get_State()
DA:12,30
FN:8,System.Void NetDaemon.HassModel.Entities.NumericEntityState::.ctor(NetDaemon.HassModel.Entities.EntityState)
FNDA:81,System.Void NetDaemon.HassModel.Entities.NumericEntityState::.ctor(NetDaemon.HassModel.Entities.EntityState)
DA:9,81
FN:25,System.Nullable`1<System.Double> NetDaemon.HassModel.Entities.NumericEntityState`1::get_State()
FNDA:21,System.Nullable`1<System.Double> NetDaemon.HassModel.Entities.NumericEntityState`1::get_State()
DA:26,21
FN:21,System.Void NetDaemon.HassModel.Entities.NumericEntityState`1::.ctor(NetDaemon.HassModel.Entities.EntityState)
FNDA:57,System.Void NetDaemon.HassModel.Entities.NumericEntityState`1::.ctor(NetDaemon.HassModel.Entities.EntityState)
DA:22,57
DA:23,114
FN:33,System.Void NetDaemon.HassModel.Entities.NumericStateChange::.ctor(NetDaemon.HassModel.Entities.NumericEntity,NetDaemon.HassModel.Entities.NumericEntityState,NetDaemon.HassModel.Entities.NumericEntityState)
FNDA:9,System.Void NetDaemon.HassModel.Entities.NumericStateChange::.ctor(NetDaemon.HassModel.Entities.NumericEntity,NetDaemon.HassModel.Entities.NumericEntityState,NetDaemon.HassModel.Entities.NumericEntityState)
DA:34,9
DA:35,18
FN:44,System.Void NetDaemon.HassModel.Entities.NumericStateChange`2::.ctor(TEntity,TEntityState,TEntityState)
FNDA:4,System.Void NetDaemon.HassModel.Entities.NumericStateChange`2::.ctor(TEntity,TEntityState,TEntityState)
DA:45,4
DA:46,8
LF:9
LH:9
BRF:0
BRH:0
FNF:6
FNH:6
end_of_record
SF:C:\git\netdaemon\src\HassModel\NetDeamon.HassModel\Entities\StateChange.cs
FN:21,NetDaemon.HassModel.Entities.Entity NetDaemon.HassModel.Entities.StateChange::get_Entity()
FNDA:85,NetDaemon.HassModel.Entities.Entity NetDaemon.HassModel.Entities.StateChange::get_Entity()
DA:22,85
FN:24,NetDaemon.HassModel.Entities.EntityState NetDaemon.HassModel.Entities.StateChange::get_Old()
FNDA:52,NetDaemon.HassModel.Entities.EntityState NetDaemon.HassModel.Entities.StateChange::get_Old()
DA:25,52
FN:27,NetDaemon.HassModel.Entities.EntityState NetDaemon.HassModel.Entities.StateChange::get_New()
FNDA:60,NetDaemon.HassModel.Entities.EntityState NetDaemon.HassModel.Entities.StateChange::get_New()
DA:28,60
FN:13,System.Void NetDaemon.HassModel.Entities.StateChange::.ctor(NetDaemon.HassModel.Entities.Entity,NetDaemon.HassModel.Entities.EntityState,NetDaemon.HassModel.Entities.EntityState)
FNDA:46,System.Void NetDaemon.HassModel.Entities.StateChange::.ctor(NetDaemon.HassModel.Entities.Entity,NetDaemon.HassModel.Entities.EntityState,NetDaemon.HassModel.Entities.EntityState)
DA:14,46
DA:15,46
DA:16,46
DA:17,46
DA:18,46
DA:19,46
FN:50,TEntity NetDaemon.HassModel.Entities.StateChange`2::get_Entity()
FNDA:11,TEntity NetDaemon.HassModel.Entities.StateChange`2::get_Entity()
DA:51,11
FN:53,TEntityState NetDaemon.HassModel.Entities.StateChange`2::get_New()
FNDA:29,TEntityState NetDaemon.HassModel.Entities.StateChange`2::get_New()
DA:54,29
FN:56,TEntityState NetDaemon.HassModel.Entities.StateChange`2::get_Old()
FNDA:25,TEntityState NetDaemon.HassModel.Entities.StateChange`2::get_Old()
DA:57,25
FN:45,System.Void NetDaemon.HassModel.Entities.StateChange`2::.ctor(TEntity,TEntityState,TEntityState)
FNDA:23,System.Void NetDaemon.HassModel.Entities.StateChange`2::.ctor(TEntity,TEntityState,TEntityState)
DA:46,23
DA:47,23
DA:48,23
LF:15
LH:15
BRF:0
BRH:0
FNF:8
FNH:8
end_of_record
SF:C:\git\netdaemon\src\HassModel\NetDeamon.HassModel\ServiceTarget.cs
FN:13,NetDaemon.HassModel.Entities.ServiceTarget NetDaemon.HassModel.Entities.ServiceTarget::FromEntity(System.String)
FNDA:4,NetDaemon.HassModel.Entities.ServiceTarget NetDaemon.HassModel.Entities.ServiceTarget::FromEntity(System.String)
DA:14,4
FN:21,NetDaemon.HassModel.Entities.ServiceTarget NetDaemon.HassModel.Entities.ServiceTarget::FromEntities(System.Collections.Generic.IEnumerable`1<System.String>)
FNDA:0,NetDaemon.HassModel.Entities.ServiceTarget NetDaemon.HassModel.Entities.ServiceTarget::FromEntities(System.Collections.Generic.IEnumerable`1<System.String>)
DA:22,0
FN:29,NetDaemon.HassModel.Entities.ServiceTarget NetDaemon.HassModel.Entities.ServiceTarget::FromEntities(System.String[])
FNDA:2,NetDaemon.HassModel.Entities.ServiceTarget NetDaemon.HassModel.Entities.ServiceTarget::FromEntities(System.String[])
DA:30,2
FN:40,System.Collections.Generic.IReadOnlyCollection`1<System.String> NetDaemon.HassModel.Entities.ServiceTarget::get_EntityIds()
FNDA:17,System.Collections.Generic.IReadOnlyCollection`1<System.String> NetDaemon.HassModel.Entities.ServiceTarget::get_EntityIds()
DA:41,17
FN:45,System.Collections.Generic.IReadOnlyCollection`1<System.String> NetDaemon.HassModel.Entities.ServiceTarget::get_DeviceIds()
FNDA:2,System.Collections.Generic.IReadOnlyCollection`1<System.String> NetDaemon.HassModel.Entities.ServiceTarget::get_DeviceIds()
DA:46,2
FN:50,System.Collections.Generic.IReadOnlyCollection`1<System.String> NetDaemon.HassModel.Entities.ServiceTarget::get_AreaIds()
FNDA:2,System.Collections.Generic.IReadOnlyCollection`1<System.String> NetDaemon.HassModel.Entities.ServiceTarget::get_AreaIds()
DA:51,2
FN:34,System.Void NetDaemon.HassModel.Entities.ServiceTarget::.ctor()
FNDA:8,System.Void NetDaemon.HassModel.Entities.ServiceTarget::.ctor()
DA:35,8
DA:36,16
LF:8
LH:7
BRF:0
BRH:0
FNF:7
FNH:6
end_of_record
SF:C:\git\netdaemon\src\HassModel\NetDeamon.HassModel\Entities\Core\LightAttributesBase.cs
FN:9,System.Nullable`1<System.Int32> NetDaemon.HassModel.Entities.Core.LightAttributesBase::get_Brightness()
FNDA:0,System.Nullable`1<System.Int32> NetDaemon.HassModel.Entities.Core.LightAttributesBase::get_Brightness()
DA:10,0
FN:12,System.String NetDaemon.HassModel.Entities.Core.LightAttributesBase::get_ColorMode()
FNDA:0,System.String NetDaemon.HassModel.Entities.Core.LightAttributesBase::get_ColorMode()
DA:13,0
FN:18,System.Nullable`1<System.Int32> NetDaemon.HassModel.Entities.Core.LightAttributesBase::get_ColorTemp()
FNDA:0,System.Nullable`1<System.Int32> NetDaemon.HassModel.Entities.Core.LightAttributesBase::get_ColorTemp()
DA:19,0
FN:24,System.String NetDaemon.HassModel.Entities.Core.LightAttributesBase::get_Effect()
FNDA:0,System.String NetDaemon.HassModel.Entities.Core.LightAttributesBase::get_Effect()
DA:25,0
FN:30,System.Collections.Generic.IReadOnlyList`1<System.String> NetDaemon.HassModel.Entities.Core.LightAttributesBase::get_EffectList()
FNDA:0,System.Collections.Generic.IReadOnlyList`1<System.String> NetDaemon.HassModel.Entities.Core.LightAttributesBase::get_EffectList()
DA:31,0
FN:36,System.Collections.Generic.IReadOnlyList`1<System.String> NetDaemon.HassModel.Entities.Core.LightAttributesBase::get_EntityId()
FNDA:0,System.Collections.Generic.IReadOnlyList`1<System.String> NetDaemon.HassModel.Entities.Core.LightAttributesBase::get_EntityId()
DA:37,0
FN:42,System.String NetDaemon.HassModel.Entities.Core.LightAttributesBase::get_FriendlyName()
FNDA:0,System.String NetDaemon.HassModel.Entities.Core.LightAttributesBase::get_FriendlyName()
DA:43,0
FN:48,System.Collections.Generic.IReadOnlyList`1<System.Double> NetDaemon.HassModel.Entities.Core.LightAttributesBase::get_HsColor()
FNDA:0,System.Collections.Generic.IReadOnlyList`1<System.Double> NetDaemon.HassModel.Entities.Core.LightAttributesBase::get_HsColor()
DA:49,0
FN:51,System.String NetDaemon.HassModel.Entities.Core.LightAttributesBase::get_Icon()
FNDA:0,System.String NetDaemon.HassModel.Entities.Core.LightAttributesBase::get_Icon()
DA:52,0
FN:57,System.Nullable`1<System.Int64> NetDaemon.HassModel.Entities.Core.LightAttributesBase::get_MaxMireds()
FNDA:0,System.Nullable`1<System.Int64> NetDaemon.HassModel.Entities.Core.LightAttributesBase::get_MaxMireds()
DA:58,0
FN:63,System.Nullable`1<System.Int64> NetDaemon.HassModel.Entities.Core.LightAttributesBase::get_MinMireds()
FNDA:0,System.Nullable`1<System.Int64> NetDaemon.HassModel.Entities.Core.LightAttributesBase::get_MinMireds()
DA:64,0
FN:69,System.Collections.Generic.IReadOnlyList`1<System.Int64> NetDaemon.HassModel.Entities.Core.LightAttributesBase::get_RgbColor()
FNDA:0,System.Collections.Generic.IReadOnlyList`1<System.Int64> NetDaemon.HassModel.Entities.Core.LightAttributesBase::get_RgbColor()
DA:70,0
FN:75,System.Collections.Generic.IReadOnlyList`1<System.Int64> NetDaemon.HassModel.Entities.Core.LightAttributesBase::get_RgbwColor()
FNDA:0,System.Collections.Generic.IReadOnlyList`1<System.Int64> NetDaemon.HassModel.Entities.Core.LightAttributesBase::get_RgbwColor()
DA:76,0
FN:81,System.Collections.Generic.IReadOnlyList`1<System.Int64> NetDaemon.HassModel.Entities.Core.LightAttributesBase::get_RgbwwColor()
FNDA:0,System.Collections.Generic.IReadOnlyList`1<System.Int64> NetDaemon.HassModel.Entities.Core.LightAttributesBase::get_RgbwwColor()
DA:82,0
FN:84,System.Collections.Generic.IReadOnlyList`1<System.String> NetDaemon.HassModel.Entities.Core.LightAttributesBase::get_SupportedColorModes()
FNDA:0,System.Collections.Generic.IReadOnlyList`1<System.String> NetDaemon.HassModel.Entities.Core.LightAttributesBase::get_SupportedColorModes()
DA:85,0
FN:87,System.Nullable`1<System.Int64> NetDaemon.HassModel.Entities.Core.LightAttributesBase::get_SupportedFeatures()
FNDA:0,System.Nullable`1<System.Int64> NetDaemon.HassModel.Entities.Core.LightAttributesBase::get_SupportedFeatures()
DA:88,0
FN:93,System.Collections.Generic.IReadOnlyList`1<System.Double> NetDaemon.HassModel.Entities.Core.LightAttributesBase::get_XyColor()
FNDA:0,System.Collections.Generic.IReadOnlyList`1<System.Double> NetDaemon.HassModel.Entities.Core.LightAttributesBase::get_XyColor()
DA:94,0
LF:17
LH:0
BRF:0
BRH:0
FNF:17
FNH:0
end_of_record
SF:C:\git\netdaemon\src\HassModel\NetDeamon.HassModel\Entities\Core\MediaPlayerAttributesBase.cs
FN:7,System.String NetDaemon.HassModel.Entities.Core.MediaPlayerAttributesBase::get_AppId()
FNDA:0,System.String NetDaemon.HassModel.Entities.Core.MediaPlayerAttributesBase::get_AppId()
DA:8,0
FN:10,System.String NetDaemon.HassModel.Entities.Core.MediaPlayerAttributesBase::get_AppName()
FNDA:0,System.String NetDaemon.HassModel.Entities.Core.MediaPlayerAttributesBase::get_AppName()
DA:11,0
FN:16,System.String NetDaemon.HassModel.Entities.Core.MediaPlayerAttributesBase::get_DeviceClass()
FNDA:0,System.String NetDaemon.HassModel.Entities.Core.MediaPlayerAttributesBase::get_DeviceClass()
DA:17,0
FN:22,System.Collections.Generic.IReadOnlyList`1<System.String> NetDaemon.HassModel.Entities.Core.MediaPlayerAttributesBase::get_EntityId()
FNDA:0,System.Collections.Generic.IReadOnlyList`1<System.String> NetDaemon.HassModel.Entities.Core.MediaPlayerAttributesBase::get_EntityId()
DA:23,0
FN:28,System.String NetDaemon.HassModel.Entities.Core.MediaPlayerAttributesBase::get_EntityPicture()
FNDA:0,System.String NetDaemon.HassModel.Entities.Core.MediaPlayerAttributesBase::get_EntityPicture()
DA:29,0
FN:31,System.String NetDaemon.HassModel.Entities.Core.MediaPlayerAttributesBase::get_EntityPictureLocal()
FNDA:0,System.String NetDaemon.HassModel.Entities.Core.MediaPlayerAttributesBase::get_EntityPictureLocal()
DA:32,0
FN:37,System.String NetDaemon.HassModel.Entities.Core.MediaPlayerAttributesBase::get_FriendlyName()
FNDA:0,System.String NetDaemon.HassModel.Entities.Core.MediaPlayerAttributesBase::get_FriendlyName()
DA:38,0
FN:40,System.String NetDaemon.HassModel.Entities.Core.MediaPlayerAttributesBase::get_Icon()
FNDA:0,System.String NetDaemon.HassModel.Entities.Core.MediaPlayerAttributesBase::get_Icon()
DA:41,0
FN:43,System.Nullable`1<System.Boolean> NetDaemon.HassModel.Entities.Core.MediaPlayerAttributesBase::get_IsVolumeMuted()
FNDA:0,System.Nullable`1<System.Boolean> NetDaemon.HassModel.Entities.Core.MediaPlayerAttributesBase::get_IsVolumeMuted()
DA:44,0
FN:46,System.String NetDaemon.HassModel.Entities.Core.MediaPlayerAttributesBase::get_MediaAlbumName()
FNDA:0,System.String NetDaemon.HassModel.Entities.Core.MediaPlayerAttributesBase::get_MediaAlbumName()
DA:47,0
FN:52,System.String NetDaemon.HassModel.Entities.Core.MediaPlayerAttributesBase::get_MediaImageUrl()
FNDA:0,System.String NetDaemon.HassModel.Entities.Core.MediaPlayerAttributesBase::get_MediaImageUrl()
DA:53,0
FN:55,System.String NetDaemon.HassModel.Entities.Core.MediaPlayerAttributesBase::get_MediaArtist()
FNDA:0,System.String NetDaemon.HassModel.Entities.Core.MediaPlayerAttributesBase::get_MediaArtist()
DA:56,0
FN:58,System.String NetDaemon.HassModel.Entities.Core.MediaPlayerAttributesBase::get_MediaContentId()
FNDA:0,System.String NetDaemon.HassModel.Entities.Core.MediaPlayerAttributesBase::get_MediaContentId()
DA:59,0
FN:61,System.String NetDaemon.HassModel.Entities.Core.MediaPlayerAttributesBase::get_MediaContentType()
FNDA:0,System.String NetDaemon.HassModel.Entities.Core.MediaPlayerAttributesBase::get_MediaContentType()
DA:62,0
FN:64,System.Nullable`1<System.Double> NetDaemon.HassModel.Entities.Core.MediaPlayerAttributesBase::get_MediaDuration()
FNDA:0,System.Nullable`1<System.Double> NetDaemon.HassModel.Entities.Core.MediaPlayerAttributesBase::get_MediaDuration()
DA:65,0
FN:67,System.Nullable`1<System.Double> NetDaemon.HassModel.Entities.Core.MediaPlayerAttributesBase::get_MediaPosition()
FNDA:0,System.Nullable`1<System.Double> NetDaemon.HassModel.Entities.Core.MediaPlayerAttributesBase::get_MediaPosition()
DA:68,0
FN:70,System.String NetDaemon.HassModel.Entities.Core.MediaPlayerAttributesBase::get_MediaPositionUpdatedAt()
FNDA:0,System.String NetDaemon.HassModel.Entities.Core.MediaPlayerAttributesBase::get_MediaPositionUpdatedAt()
DA:71,0
FN:73,System.String NetDaemon.HassModel.Entities.Core.MediaPlayerAttributesBase::get_MediaTitle()
FNDA:0,System.String NetDaemon.HassModel.Entities.Core.MediaPlayerAttributesBase::get_MediaTitle()
DA:74,0
FN:76,System.Object NetDaemon.HassModel.Entities.Core.MediaPlayerAttributesBase::get_MediaTrack()
FNDA:0,System.Object NetDaemon.HassModel.Entities.Core.MediaPlayerAttributesBase::get_MediaTrack()
DA:77,0
FN:79,System.String NetDaemon.HassModel.Entities.Core.MediaPlayerAttributesBase::get_Repeat()
FNDA:0,System.String NetDaemon.HassModel.Entities.Core.MediaPlayerAttributesBase::get_Repeat()
DA:80,0
FN:82,System.Nullable`1<System.Boolean> NetDaemon.HassModel.Entities.Core.MediaPlayerAttributesBase::get_Shuffle()
FNDA:0,System.Nullable`1<System.Boolean> NetDaemon.HassModel.Entities.Core.MediaPlayerAttributesBase::get_Shuffle()
DA:83,0
FN:88,System.String NetDaemon.HassModel.Entities.Core.MediaPlayerAttributesBase::get_SoundMode()
FNDA:0,System.String NetDaemon.HassModel.Entities.Core.MediaPlayerAttributesBase::get_SoundMode()
DA:89,0
FN:94,System.Collections.Generic.IReadOnlyList`1<System.String> NetDaemon.HassModel.Entities.Core.MediaPlayerAttributesBase::get_SoundModeList()
FNDA:0,System.Collections.Generic.IReadOnlyList`1<System.String> NetDaemon.HassModel.Entities.Core.MediaPlayerAttributesBase::get_SoundModeList()
DA:95,0
FN:100,System.String NetDaemon.HassModel.Entities.Core.MediaPlayerAttributesBase::get_Source()
FNDA:0,System.String NetDaemon.HassModel.Entities.Core.MediaPlayerAttributesBase::get_Source()
DA:101,0
FN:106,System.Collections.Generic.IReadOnlyList`1<System.String> NetDaemon.HassModel.Entities.Core.MediaPlayerAttributesBase::get_SourceList()
FNDA:0,System.Collections.Generic.IReadOnlyList`1<System.String> NetDaemon.HassModel.Entities.Core.MediaPlayerAttributesBase::get_SourceList()
DA:107,0
FN:109,System.Nullable`1<System.Int64> NetDaemon.HassModel.Entities.Core.MediaPlayerAttributesBase::get_SupportedFeatures()
FNDA:0,System.Nullable`1<System.Int64> NetDaemon.HassModel.Entities.Core.MediaPlayerAttributesBase::get_SupportedFeatures()
DA:110,0
FN:115,System.Nullable`1<System.Double> NetDaemon.HassModel.Entities.Core.MediaPlayerAttributesBase::get_VolumeLevel()
FNDA:0,System.Nullable`1<System.Double> NetDaemon.HassModel.Entities.Core.MediaPlayerAttributesBase::get_VolumeLevel()
DA:116,0
LF:27
LH:0
BRF:0
BRH:0
FNF:27
FNH:0
end_of_record
SF:C:\git\netdaemon\src\HassModel\NetDaemon.HassModel.Integration\IntegrationHaContextExtensions.cs
FN:17,System.Void NetDaemon.HassModel.Integration.IntegrationHaContextExtensions::RegisterServiceCallBack(NetDaemon.HassModel.IHaContext,System.String,System.Action`1<T>)
FNDA:1,System.Void NetDaemon.HassModel.Integration.IntegrationHaContextExtensions::RegisterServiceCallBack(NetDaemon.HassModel.IHaContext,System.String,System.Action`1<T>)
DA:18,1
DA:19,1
DA:20,1
DA:21,0
DA:23,1
DA:25,1
DA:26,1
DA:27,1
DA:28,2
DA:29,1
BRDA:20,46,0,0
BRDA:20,46,1,1
BRDA:26,7,0,0
BRDA:26,7,1,1
BRDA:26,28,0,1
BRDA:26,37,0,0
BRDA:26,37,1,1
BRDA:26,28,1,0
FN:39,System.Void NetDaemon.HassModel.Integration.IntegrationHaContextExtensions::SetEntityState(NetDaemon.HassModel.IHaContext,System.String,System.String,System.Object)
FNDA:2,System.Void NetDaemon.HassModel.Integration.IntegrationHaContextExtensions::SetEntityState(NetDaemon.HassModel.IHaContext,System.String,System.String,System.Object)
DA:40,2
DA:41,2
DA:42,2
DA:43,2
DA:45,2
DA:46,2
DA:47,2
DA:48,2
DA:49,2
DA:50,2
DA:51,2
DA:52,2
BRDA:43,22,0,1
BRDA:43,22,1,1
FN:53,System.String NetDaemon.HassModel.Integration.IntegrationHaContextExtensions/HassServiceEventData`1::get_domain()
FNDA:7,System.String NetDaemon.HassModel.Integration.IntegrationHaContextExtensions/HassServiceEventData`1::get_domain()
DA:54,7
LF:23
LH:22
BRF:10
BRH:6
FNF:3
FNH:3
end_of_record